Not searching for unused variables given on the command line.
-- The C compiler identification is GNU 11.3.0
-- The CXX compiler identification is GNU 11.3.0
-- Detecting C compiler ABI info
-- Detecting C compiler ABI info - done
-- Check for working C compiler: /usr/bin/cc - skipped
-- Detecting C compile features
-- Detecting C compile features - done
-- Detecting CXX compiler ABI info
-- Detecting CXX compiler ABI info - done
-- Check for working CXX compiler: /usr/bin/c++ - skipped
-- Detecting CXX compile features
-- Detecting CXX compile features - done
-- Found moveit_common: 2.7.4 (/opt/underlay_ws/install/moveit_common/share/moveit_common/cmake)
-- Found ament_cmake: 1.3.4 (/opt/ros/humble/share/ament_cmake/cmake)
-- Found Python3: /usr/bin/python3.10 (found version "3.10.6") found components: Interpreter 
-- Found libdw: /usr/lib/x86_64-linux-gnu/libdw.so  
-- Could NOT find libbfd (missing: LIBBFD_LIBRARY LIBBFD_INCLUDE_DIR) 
-- BACKWARD_HAS_UNWIND=1
-- BACKWARD_HAS_BACKTRACE=0
-- BACKWARD_HAS_BACKTRACE_SYMBOL=0
-- BACKWARD_HAS_DW=1
-- BACKWARD_HAS_BFD=0
-- Found Backward: /opt/ros/humble/share/backward_ros/cmake  
-- Found moveit_studio_behavior_interface: 2.3.0 (/opt/overlay_ws/install/moveit_studio_behavior_interface/share/moveit_studio_behavior_interface/cmake)
-- Found rosidl_generator_c: 3.1.4 (/opt/ros/humble/share/rosidl_generator_c/cmake)
-- Found rosidl_adapter: 3.1.4 (/opt/ros/humble/share/rosidl_adapter/cmake)
-- Found rosidl_generator_cpp: 3.1.4 (/opt/ros/humble/share/rosidl_generator_cpp/cmake)
-- Using all available rosidl_typesupport_c: rosidl_typesupport_fastrtps_c;rosidl_typesupport_introspection_c
-- Using all available rosidl_typesupport_cpp: rosidl_typesupport_fastrtps_cpp;rosidl_typesupport_introspection_cpp
-- Found Boost: /usr/lib/x86_64-linux-gnu/cmake/Boost-1.74.0/BoostConfig.cmake (found version "1.74.0") found components: chrono date_time filesystem iostreams program_options regex serialization system thread 
-- Found parameter_traits: 0.3.3 (/opt/ros/humble/share/parameter_traits/cmake)
-- Found rmw_implementation_cmake: 6.1.1 (/opt/ros/humble/share/rmw_implementation_cmake/cmake)
-- Found rmw_cyclonedds_cpp: 1.3.4 (/opt/ros/humble/share/rmw_cyclonedds_cpp/cmake)
-- Using RMW implementation 'rmw_cyclonedds_cpp' as default
-- Found Threads: TRUE  
-- Found rclcpp_lifecycle: 16.0.4 (/opt/ros/humble/share/rclcpp_lifecycle/cmake)
-- Found Boost: /usr/lib/x86_64-linux-gnu/cmake/Boost-1.74.0/BoostConfig.cmake (found version "1.74.0") found components: filesystem 
-- library: /usr/lib/x86_64-linux-gnu/libcurl.so
-- Found Eigen3: TRUE (found version "3.4.0") 
-- Ensuring Eigen3 include directory is part of orocos-kdl CMake target
-- Found Boost: /usr/lib/x86_64-linux-gnu/cmake/Boost-1.74.0/BoostConfig.cmake (found version "1.74.0") found components: system filesystem date_time program_options thread chrono 
-- Found Boost: /usr/lib/x86_64-linux-gnu/cmake/Boost-1.74.0/BoostConfig.cmake (found version "1.74.0") found components: date_time filesystem program_options system thread 
-- Found Boost: /usr/lib/x86_64-linux-gnu/cmake/Boost-1.74.0/BoostConfig.cmake (found version "1.74.0") found components: thread system filesystem regex date_time program_options 
-- Found Boost: /usr/lib/x86_64-linux-gnu/cmake/Boost-1.74.0/BoostConfig.cmake (found version "1.74.0") found components: system filesystem date_time program_options thread 
-- Found apriltag_ros_msgs: 1.0.0 (/opt/moveit_studio/user_ws/install/apriltag_ros_msgs/share/apriltag_ros_msgs/cmake)
-- Found ament_lint_auto: 0.12.6 (/opt/ros/humble/share/ament_lint_auto/cmake)
-- Found ament_cmake_gtest: 1.3.4 (/opt/ros/humble/share/ament_cmake_gtest/cmake)
-- Found gtest sources under '/opt/ros/humble/src/gtest_vendor': C++ tests using 'Google Test' will be built
-- Added test 'lint_cmake' to check CMake code style
-- Configuring done
-- Generating done
-- Build files have been written to: /opt/moveit_studio/user_ws/build/get_apriltag_detection_pose
[ 11%] Building CXX object gtest/CMakeFiles/gtest.dir/src/gtest-all.cc.o
[ 22%] Building CXX object CMakeFiles/get_apriltag_detection_pose.dir/src/get_apriltag_detection_pose.cpp.o
[ 33%] Building CXX object CMakeFiles/get_apriltag_detection_pose.dir/src/register_behaviors.cpp.o
[ 44%] Building CXX object gtest/CMakeFiles/gtest_main.dir/src/gtest_main.cc.o
[ 55%] Linking CXX static library libgtest_main.a
[ 55%] Built target gtest_main
[ 66%] Linking CXX static library libgtest.a
[ 66%] Built target gtest
[ 77%] Linking CXX shared library libget_apriltag_detection_pose.so
[ 77%] Built target get_apriltag_detection_pose
[ 88%] Building CXX object test/CMakeFiles/test_behavior_plugins.dir/test_behavior_plugins.cpp.o
/opt/moveit_studio/user_ws/src/solution_get_apriltag_detection_pose/test/test_behavior_plugins.cpp: In member function ‘virtual void BehaviorTests_test_load_behavior_plugins_Test::TestBody()’:
/opt/moveit_studio/user_ws/src/solution_get_apriltag_detection_pose/test/test_behavior_plugins.cpp:29:55: warning: ignoring return value of ‘std::unique_ptr<BT::TreeNode> BT::BehaviorTreeFactory::instantiateTreeNode(const string&, const string&, const BT::NodeConfig&) const’, declared with attribute ‘nodiscard’ [-Wunused-result]
   29 |                               BT::NodeConfiguration());
      |                                                       ^
In file included from /opt/moveit_studio/user_ws/src/solution_get_apriltag_detection_pose/test/test_behavior_plugins.cpp:3:
/opt/underlay_ws/install/behaviortree_cpp/include/behaviortree_cpp/bt_factory.h:310:29: note: declared here
  310 |   std::unique_ptr<TreeNode> instantiateTreeNode(const std::string& name,
      |                             ^~~~~~~~~~~~~~~~~~~
[100%] Linking CXX executable test_behavior_plugins
[100%] Built target test_behavior_plugins
-- Install configuration: "Release"
-- Installing: /opt/moveit_studio/user_ws/install/get_apriltag_detection_pose/lib/libget_apriltag_detection_pose.so
-- Set runtime path of "/opt/moveit_studio/user_ws/install/get_apriltag_detection_pose/lib/libget_apriltag_detection_pose.so" to ""
-- Installing: /opt/moveit_studio/user_ws/install/get_apriltag_detection_pose/share/get_apriltag_detection_pose/config
-- Installing: /opt/moveit_studio/user_ws/install/get_apriltag_detection_pose/share/get_apriltag_detection_pose/config/tree_nodes_model.xml
-- Installing: /opt/moveit_studio/user_ws/install/get_apriltag_detection_pose/share/get_apriltag_detection_pose/get_apriltag_detection_pose_plugin_description.xml
-- Installing: /opt/moveit_studio/user_ws/install/get_apriltag_detection_pose/share/get_apriltag_detection_pose/environment/library_path.sh
-- Installing: /opt/moveit_studio/user_ws/install/get_apriltag_detection_pose/share/get_apriltag_detection_pose/environment/library_path.dsv
-- Installing: /opt/moveit_studio/user_ws/install/get_apriltag_detection_pose/share/ament_index/resource_index/package_run_dependencies/get_apriltag_detection_pose
-- Installing: /opt/moveit_studio/user_ws/install/get_apriltag_detection_pose/share/ament_index/resource_index/parent_prefix_path/get_apriltag_detection_pose
-- Installing: /opt/moveit_studio/user_ws/install/get_apriltag_detection_pose/share/get_apriltag_detection_pose/environment/ament_prefix_path.sh
-- Installing: /opt/moveit_studio/user_ws/install/get_apriltag_detection_pose/share/get_apriltag_detection_pose/environment/ament_prefix_path.dsv
-- Installing: /opt/moveit_studio/user_ws/install/get_apriltag_detection_pose/share/get_apriltag_detection_pose/environment/path.sh
-- Installing: /opt/moveit_studio/user_ws/install/get_apriltag_detection_pose/share/get_apriltag_detection_pose/environment/path.dsv
-- Installing: /opt/moveit_studio/user_ws/install/get_apriltag_detection_pose/share/get_apriltag_detection_pose/local_setup.bash
-- Installing: /opt/moveit_studio/user_ws/install/get_apriltag_detection_pose/share/get_apriltag_detection_pose/local_setup.sh
-- Installing: /opt/moveit_studio/user_ws/install/get_apriltag_detection_pose/share/get_apriltag_detection_pose/local_setup.zsh
-- Installing: /opt/moveit_studio/user_ws/install/get_apriltag_detection_pose/share/get_apriltag_detection_pose/local_setup.dsv
-- Installing: /opt/moveit_studio/user_ws/install/get_apriltag_detection_pose/share/get_apriltag_detection_pose/package.dsv
-- Installing: /opt/moveit_studio/user_ws/install/get_apriltag_detection_pose/share/ament_index/resource_index/packages/get_apriltag_detection_pose
-- Installing: /opt/moveit_studio/user_ws/install/get_apriltag_detection_pose/share/ament_index/resource_index/moveit_studio_behavior_interface__pluginlib__plugin/get_apriltag_detection_pose
-- Installing: /opt/moveit_studio/user_ws/install/get_apriltag_detection_pose/share/get_apriltag_detection_pose/cmake/get_apriltag_detection_poseTargetsExport.cmake
-- Installing: /opt/moveit_studio/user_ws/install/get_apriltag_detection_pose/share/get_apriltag_detection_pose/cmake/get_apriltag_detection_poseTargetsExport-release.cmake
-- Installing: /opt/moveit_studio/user_ws/install/get_apriltag_detection_pose/share/get_apriltag_detection_pose/cmake/ament_cmake_export_targets-extras.cmake
-- Installing: /opt/moveit_studio/user_ws/install/get_apriltag_detection_pose/share/get_apriltag_detection_pose/cmake/ament_cmake_export_dependencies-extras.cmake
-- Installing: /opt/moveit_studio/user_ws/install/get_apriltag_detection_pose/share/get_apriltag_detection_pose/cmake/get_apriltag_detection_poseConfig.cmake
-- Installing: /opt/moveit_studio/user_ws/install/get_apriltag_detection_pose/share/get_apriltag_detection_pose/cmake/get_apriltag_detection_poseConfig-version.cmake
-- Installing: /opt/moveit_studio/user_ws/install/get_apriltag_detection_pose/share/get_apriltag_detection_pose/package.xml
