[0.047s] Invoking command in '/opt/moveit_studio/user_ws/build/offset_pose': CMAKE_PREFIX_PATH=${CMAKE_PREFIX_PATH}:/opt/moveit_studio/user_ws/install/apriltag_ros_python:/opt/overlay_ws/install/moveit_studio_rest_api:/opt/overlay_ws/install/moveit_studio_bridge:/opt/overlay_ws/install/moveit_studio_utils_py:/opt/overlay_ws/install/moveit_studio_site_config_template:/opt/overlay_ws/install/moveit_studio_behavior_template:/opt/underlay_ws/install/rqt_controller_manager:/opt/underlay_ws/install/ros2controlcli:/opt/underlay_ws/install/moveit_configs_utils:/opt/ros/humble /usr/bin/cmake --build /opt/moveit_studio/user_ws/build/offset_pose -- -j8 -l8
[0.246s] [ 22%] Built target gtest_main
[0.260s] [ 77%] Built target gtest
[0.260s] [ 77%] Built target offset_pose
[0.379s] [100%] Built target test_behavior_plugins
[0.431s] Invoked command in '/opt/moveit_studio/user_ws/build/offset_pose' returned '0': CMAKE_PREFIX_PATH=${CMAKE_PREFIX_PATH}:/opt/moveit_studio/user_ws/install/apriltag_ros_python:/opt/overlay_ws/install/moveit_studio_rest_api:/opt/overlay_ws/install/moveit_studio_bridge:/opt/overlay_ws/install/moveit_studio_utils_py:/opt/overlay_ws/install/moveit_studio_site_config_template:/opt/overlay_ws/install/moveit_studio_behavior_template:/opt/underlay_ws/install/rqt_controller_manager:/opt/underlay_ws/install/ros2controlcli:/opt/underlay_ws/install/moveit_configs_utils:/opt/ros/humble /usr/bin/cmake --build /opt/moveit_studio/user_ws/build/offset_pose -- -j8 -l8
[0.726s] Invoking command in '/opt/moveit_studio/user_ws/build/offset_pose': CMAKE_PREFIX_PATH=${CMAKE_PREFIX_PATH}:/opt/moveit_studio/user_ws/install/apriltag_ros_python:/opt/overlay_ws/install/moveit_studio_rest_api:/opt/overlay_ws/install/moveit_studio_bridge:/opt/overlay_ws/install/moveit_studio_utils_py:/opt/overlay_ws/install/moveit_studio_site_config_template:/opt/overlay_ws/install/moveit_studio_behavior_template:/opt/underlay_ws/install/rqt_controller_manager:/opt/underlay_ws/install/ros2controlcli:/opt/underlay_ws/install/moveit_configs_utils:/opt/ros/humble /usr/bin/cmake --install /opt/moveit_studio/user_ws/build/offset_pose
[0.757s] -- Install configuration: "Release"
[0.757s] -- Up-to-date: /opt/moveit_studio/user_ws/install/offset_pose/lib/liboffset_pose.so
[0.757s] -- Up-to-date: /opt/moveit_studio/user_ws/install/offset_pose/share/offset_pose/config
[0.757s] -- Up-to-date: /opt/moveit_studio/user_ws/install/offset_pose/share/offset_pose/config/tree_nodes_model.xml
[0.757s] -- Up-to-date: /opt/moveit_studio/user_ws/install/offset_pose/share/offset_pose/offset_pose_plugin_description.xml
[0.758s] -- Up-to-date: /opt/moveit_studio/user_ws/install/offset_pose/share/offset_pose/environment/library_path.sh
[0.758s] -- Up-to-date: /opt/moveit_studio/user_ws/install/offset_pose/share/offset_pose/environment/library_path.dsv
[0.758s] -- Up-to-date: /opt/moveit_studio/user_ws/install/offset_pose/share/ament_index/resource_index/package_run_dependencies/offset_pose
[0.758s] -- Up-to-date: /opt/moveit_studio/user_ws/install/offset_pose/share/ament_index/resource_index/parent_prefix_path/offset_pose
[0.758s] -- Up-to-date: /opt/moveit_studio/user_ws/install/offset_pose/share/offset_pose/environment/ament_prefix_path.sh
[0.758s] -- Up-to-date: /opt/moveit_studio/user_ws/install/offset_pose/share/offset_pose/environment/ament_prefix_path.dsv
[0.758s] -- Up-to-date: /opt/moveit_studio/user_ws/install/offset_pose/share/offset_pose/environment/path.sh
[0.758s] -- Up-to-date: /opt/moveit_studio/user_ws/install/offset_pose/share/offset_pose/environment/path.dsv
[0.758s] -- Up-to-date: /opt/moveit_studio/user_ws/install/offset_pose/share/offset_pose/local_setup.bash
[0.758s] -- Up-to-date: /opt/moveit_studio/user_ws/install/offset_pose/share/offset_pose/local_setup.sh
[0.758s] -- Up-to-date: /opt/moveit_studio/user_ws/install/offset_pose/share/offset_pose/local_setup.zsh
[0.758s] -- Up-to-date: /opt/moveit_studio/user_ws/install/offset_pose/share/offset_pose/local_setup.dsv
[0.758s] -- Installing: /opt/moveit_studio/user_ws/install/offset_pose/share/offset_pose/package.dsv
[0.759s] -- Up-to-date: /opt/moveit_studio/user_ws/install/offset_pose/share/ament_index/resource_index/packages/offset_pose
[0.759s] -- Up-to-date: /opt/moveit_studio/user_ws/install/offset_pose/share/ament_index/resource_index/moveit_studio_behavior_interface__pluginlib__plugin/offset_pose
[0.759s] -- Up-to-date: /opt/moveit_studio/user_ws/install/offset_pose/share/offset_pose/cmake/offset_poseTargetsExport.cmake
[0.759s] -- Up-to-date: /opt/moveit_studio/user_ws/install/offset_pose/share/offset_pose/cmake/offset_poseTargetsExport-release.cmake
[0.759s] -- Up-to-date: /opt/moveit_studio/user_ws/install/offset_pose/share/offset_pose/cmake/ament_cmake_export_targets-extras.cmake
[0.759s] -- Up-to-date: /opt/moveit_studio/user_ws/install/offset_pose/share/offset_pose/cmake/ament_cmake_export_dependencies-extras.cmake
[0.760s] -- Up-to-date: /opt/moveit_studio/user_ws/install/offset_pose/share/offset_pose/cmake/offset_poseConfig.cmake
[0.760s] -- Up-to-date: /opt/moveit_studio/user_ws/install/offset_pose/share/offset_pose/cmake/offset_poseConfig-version.cmake
[0.760s] -- Up-to-date: /opt/moveit_studio/user_ws/install/offset_pose/share/offset_pose/package.xml
[0.760s] Invoked command in '/opt/moveit_studio/user_ws/build/offset_pose' returned '0': CMAKE_PREFIX_PATH=${CMAKE_PREFIX_PATH}:/opt/moveit_studio/user_ws/install/apriltag_ros_python:/opt/overlay_ws/install/moveit_studio_rest_api:/opt/overlay_ws/install/moveit_studio_bridge:/opt/overlay_ws/install/moveit_studio_utils_py:/opt/overlay_ws/install/moveit_studio_site_config_template:/opt/overlay_ws/install/moveit_studio_behavior_template:/opt/underlay_ws/install/rqt_controller_manager:/opt/underlay_ws/install/ros2controlcli:/opt/underlay_ws/install/moveit_configs_utils:/opt/ros/humble /usr/bin/cmake --install /opt/moveit_studio/user_ws/build/offset_pose
