[0.018s] Invoking command in '/opt/moveit_studio/user_ws/build/starter_files': CMAKE_PREFIX_PATH=${CMAKE_PREFIX_PATH}:/opt/overlay_ws/install/moveit_studio_rest_api:/opt/overlay_ws/install/moveit_studio_bridge:/opt/overlay_ws/install/moveit_studio_utils_py:/opt/overlay_ws/install/moveit_studio_site_config_template:/opt/overlay_ws/install/moveit_studio_behavior_template:/opt/underlay_ws/install/rqt_controller_manager:/opt/underlay_ws/install/ros2controlcli:/opt/underlay_ws/install/moveit_configs_utils:/opt/ros/humble /usr/bin/cmake /opt/moveit_studio/user_ws/starter_files -DCMAKE_C_FLAGS='--coverage' -DCMAKE_CXX_FLAGS='--coverage' -DBUILD_TESTING=ON -DCMAKE_BUILD_TYPE=Release -DCMAKE_EXPORT_COMPILE_COMMANDS=ON --no-warn-unused-cli -DCMAKE_EXE_LINKER_FLAGS=-fuse-ld=lld -DCMAKE_MODULE_LINKER_FLAGS=-fuse-ld=lld -DCMAKE_SHARED_LINKER_FLAGS=-fuse-ld=lld -DCMAKE_C_COMPILER_LAUNCHER=ccache -DCMAKE_CXX_COMPILER_LAUNCHER=ccache -DAMENT_CMAKE_PYTEST_WITH_COVERAGE=ON -DCMAKE_INSTALL_PREFIX=/opt/moveit_studio/user_ws/install/starter_files
[0.034s] Not searching for unused variables given on the command line.
[0.173s] -- The C compiler identification is GNU 11.3.0
[0.295s] -- The CXX compiler identification is GNU 11.3.0
[0.303s] -- Detecting C compiler ABI info
[0.523s] -- Detecting C compiler ABI info - done
[0.532s] -- Check for working C compiler: /usr/bin/cc - skipped
[0.533s] -- Detecting C compile features
[0.533s] -- Detecting C compile features - done
[0.536s] -- Detecting CXX compiler ABI info
[0.690s] -- Detecting CXX compiler ABI info - done
[0.695s] -- Check for working CXX compiler: /usr/bin/c++ - skipped
[0.696s] -- Detecting CXX compile features
[0.696s] -- Detecting CXX compile features - done
[0.725s] -- Found ament_cmake: 1.3.4 (/opt/ros/humble/share/ament_cmake/cmake)
[1.077s] -- Found Python3: /usr/bin/python3.10 (found version "3.10.6") found components: Interpreter 
[1.586s] -- Configuring done
[1.589s] -- Generating done
[1.590s] -- Build files have been written to: /opt/moveit_studio/user_ws/build/starter_files
[1.594s] Invoked command in '/opt/moveit_studio/user_ws/build/starter_files' returned '0': CMAKE_PREFIX_PATH=${CMAKE_PREFIX_PATH}:/opt/overlay_ws/install/moveit_studio_rest_api:/opt/overlay_ws/install/moveit_studio_bridge:/opt/overlay_ws/install/moveit_studio_utils_py:/opt/overlay_ws/install/moveit_studio_site_config_template:/opt/overlay_ws/install/moveit_studio_behavior_template:/opt/underlay_ws/install/rqt_controller_manager:/opt/underlay_ws/install/ros2controlcli:/opt/underlay_ws/install/moveit_configs_utils:/opt/ros/humble /usr/bin/cmake /opt/moveit_studio/user_ws/starter_files -DCMAKE_C_FLAGS='--coverage' -DCMAKE_CXX_FLAGS='--coverage' -DBUILD_TESTING=ON -DCMAKE_BUILD_TYPE=Release -DCMAKE_EXPORT_COMPILE_COMMANDS=ON --no-warn-unused-cli -DCMAKE_EXE_LINKER_FLAGS=-fuse-ld=lld -DCMAKE_MODULE_LINKER_FLAGS=-fuse-ld=lld -DCMAKE_SHARED_LINKER_FLAGS=-fuse-ld=lld -DCMAKE_C_COMPILER_LAUNCHER=ccache -DCMAKE_CXX_COMPILER_LAUNCHER=ccache -DAMENT_CMAKE_PYTEST_WITH_COVERAGE=ON -DCMAKE_INSTALL_PREFIX=/opt/moveit_studio/user_ws/install/starter_files
[1.596s] Invoking command in '/opt/moveit_studio/user_ws/build/starter_files': CMAKE_PREFIX_PATH=${CMAKE_PREFIX_PATH}:/opt/overlay_ws/install/moveit_studio_rest_api:/opt/overlay_ws/install/moveit_studio_bridge:/opt/overlay_ws/install/moveit_studio_utils_py:/opt/overlay_ws/install/moveit_studio_site_config_template:/opt/overlay_ws/install/moveit_studio_behavior_template:/opt/underlay_ws/install/rqt_controller_manager:/opt/underlay_ws/install/ros2controlcli:/opt/underlay_ws/install/moveit_configs_utils:/opt/ros/humble /usr/bin/cmake --build /opt/moveit_studio/user_ws/build/starter_files -- -j8 -l8
[1.696s] Invoked command in '/opt/moveit_studio/user_ws/build/starter_files' returned '0': CMAKE_PREFIX_PATH=${CMAKE_PREFIX_PATH}:/opt/overlay_ws/install/moveit_studio_rest_api:/opt/overlay_ws/install/moveit_studio_bridge:/opt/overlay_ws/install/moveit_studio_utils_py:/opt/overlay_ws/install/moveit_studio_site_config_template:/opt/overlay_ws/install/moveit_studio_behavior_template:/opt/underlay_ws/install/rqt_controller_manager:/opt/underlay_ws/install/ros2controlcli:/opt/underlay_ws/install/moveit_configs_utils:/opt/ros/humble /usr/bin/cmake --build /opt/moveit_studio/user_ws/build/starter_files -- -j8 -l8
[1.777s] Invoking command in '/opt/moveit_studio/user_ws/build/starter_files': CMAKE_PREFIX_PATH=${CMAKE_PREFIX_PATH}:/opt/overlay_ws/install/moveit_studio_rest_api:/opt/overlay_ws/install/moveit_studio_bridge:/opt/overlay_ws/install/moveit_studio_utils_py:/opt/overlay_ws/install/moveit_studio_site_config_template:/opt/overlay_ws/install/moveit_studio_behavior_template:/opt/underlay_ws/install/rqt_controller_manager:/opt/underlay_ws/install/ros2controlcli:/opt/underlay_ws/install/moveit_configs_utils:/opt/ros/humble /usr/bin/cmake --install /opt/moveit_studio/user_ws/build/starter_files
[1.789s] -- Install configuration: "Release"
[1.789s] -- Installing: /opt/moveit_studio/user_ws/install/starter_files/share/starter_files/description
[1.790s] -- Installing: /opt/moveit_studio/user_ws/install/starter_files/share/starter_files/description/robot.urdf
[1.790s] -- Installing: /opt/moveit_studio/user_ws/install/starter_files/share/ament_index/resource_index/package_run_dependencies/starter_files
[1.790s] -- Installing: /opt/moveit_studio/user_ws/install/starter_files/share/ament_index/resource_index/parent_prefix_path/starter_files
[1.790s] -- Installing: /opt/moveit_studio/user_ws/install/starter_files/share/starter_files/environment/ament_prefix_path.sh
[1.790s] -- Installing: /opt/moveit_studio/user_ws/install/starter_files/share/starter_files/environment/ament_prefix_path.dsv
[1.790s] -- Installing: /opt/moveit_studio/user_ws/install/starter_files/share/starter_files/environment/path.sh
[1.790s] -- Installing: /opt/moveit_studio/user_ws/install/starter_files/share/starter_files/environment/path.dsv
[1.790s] -- Installing: /opt/moveit_studio/user_ws/install/starter_files/share/starter_files/local_setup.bash
[1.790s] -- Installing: /opt/moveit_studio/user_ws/install/starter_files/share/starter_files/local_setup.sh
[1.790s] -- Installing: /opt/moveit_studio/user_ws/install/starter_files/share/starter_files/local_setup.zsh
[1.790s] -- Installing: /opt/moveit_studio/user_ws/install/starter_files/share/starter_files/local_setup.dsv
[1.791s] -- Installing: /opt/moveit_studio/user_ws/install/starter_files/share/starter_files/package.dsv
[1.791s] -- Installing: /opt/moveit_studio/user_ws/install/starter_files/share/ament_index/resource_index/packages/starter_files
[1.791s] -- Installing: /opt/moveit_studio/user_ws/install/starter_files/share/starter_files/cmake/starter_filesConfig.cmake
[1.791s] -- Installing: /opt/moveit_studio/user_ws/install/starter_files/share/starter_files/cmake/starter_filesConfig-version.cmake
[1.791s] -- Installing: /opt/moveit_studio/user_ws/install/starter_files/share/starter_files/package.xml
[1.793s] Invoked command in '/opt/moveit_studio/user_ws/build/starter_files' returned '0': CMAKE_PREFIX_PATH=${CMAKE_PREFIX_PATH}:/opt/overlay_ws/install/moveit_studio_rest_api:/opt/overlay_ws/install/moveit_studio_bridge:/opt/overlay_ws/install/moveit_studio_utils_py:/opt/overlay_ws/install/moveit_studio_site_config_template:/opt/overlay_ws/install/moveit_studio_behavior_template:/opt/underlay_ws/install/rqt_controller_manager:/opt/underlay_ws/install/ros2controlcli:/opt/underlay_ws/install/moveit_configs_utils:/opt/ros/humble /usr/bin/cmake --install /opt/moveit_studio/user_ws/build/starter_files
