[0.975s] Invoking command in '/opt/moveit_studio/user_ws/src/apriltag_ros_python': AMENT_PREFIX_PATH=/opt/moveit_studio/user_ws/install/apriltag_ros_msgs:${AMENT_PREFIX_PATH} CMAKE_PREFIX_PATH=/opt/moveit_studio/user_ws/install/apriltag_ros_msgs:${CMAKE_PREFIX_PATH} LD_LIBRARY_PATH=/opt/moveit_studio/user_ws/install/apriltag_ros_msgs/lib:${LD_LIBRARY_PATH} PYTHONPATH=/opt/moveit_studio/user_ws/build/apriltag_ros_python/prefix_override:/opt/moveit_studio/user_ws/install/apriltag_ros_python/lib/python3.10/site-packages:/opt/moveit_studio/user_ws/install/apriltag_ros_msgs/local/lib/python3.10/dist-packages:${PYTHONPATH} /usr/bin/python3 setup.py egg_info --egg-base ../../build/apriltag_ros_python build --build-base /opt/moveit_studio/user_ws/build/apriltag_ros_python/build install --record /opt/moveit_studio/user_ws/build/apriltag_ros_python/install.log --single-version-externally-managed
[1.410s] running egg_info
[1.411s] creating ../../build/apriltag_ros_python/apriltag_ros_python.egg-info
[1.411s] writing ../../build/apriltag_ros_python/apriltag_ros_python.egg-info/PKG-INFO
[1.411s] writing dependency_links to ../../build/apriltag_ros_python/apriltag_ros_python.egg-info/dependency_links.txt
[1.411s] writing entry points to ../../build/apriltag_ros_python/apriltag_ros_python.egg-info/entry_points.txt
[1.412s] writing requirements to ../../build/apriltag_ros_python/apriltag_ros_python.egg-info/requires.txt
[1.412s] writing top-level names to ../../build/apriltag_ros_python/apriltag_ros_python.egg-info/top_level.txt
[1.412s] writing manifest file '../../build/apriltag_ros_python/apriltag_ros_python.egg-info/SOURCES.txt'
[1.415s] reading manifest file '../../build/apriltag_ros_python/apriltag_ros_python.egg-info/SOURCES.txt'
[1.416s] writing manifest file '../../build/apriltag_ros_python/apriltag_ros_python.egg-info/SOURCES.txt'
[1.416s] running build
[1.416s] running build_py
[1.417s] creating /opt/moveit_studio/user_ws/build/apriltag_ros_python/build
[1.417s] creating /opt/moveit_studio/user_ws/build/apriltag_ros_python/build/lib
[1.418s] creating /opt/moveit_studio/user_ws/build/apriltag_ros_python/build/lib/apriltag_ros_python
[1.418s] copying src/apriltag_ros_python/__init__.py -> /opt/moveit_studio/user_ws/build/apriltag_ros_python/build/lib/apriltag_ros_python
[1.418s] copying src/apriltag_ros_python/apriltag_detection_server.py -> /opt/moveit_studio/user_ws/build/apriltag_ros_python/build/lib/apriltag_ros_python
[1.418s] copying src/apriltag_ros_python/apriltag_detection_client.py -> /opt/moveit_studio/user_ws/build/apriltag_ros_python/build/lib/apriltag_ros_python
[1.419s] running install
[1.420s] /usr/lib/python3/dist-packages/setuptools/command/install.py:34: SetuptoolsDeprecationWarning: setup.py install is deprecated. Use build and pip and other standards-based tools.
[1.420s]   warnings.warn(
[1.421s] running install_lib
[1.422s] creating /opt/moveit_studio/user_ws/install/apriltag_ros_python/lib/python3.10/site-packages/apriltag_ros_python
[1.422s] copying /opt/moveit_studio/user_ws/build/apriltag_ros_python/build/lib/apriltag_ros_python/__init__.py -> /opt/moveit_studio/user_ws/install/apriltag_ros_python/lib/python3.10/site-packages/apriltag_ros_python
[1.423s] copying /opt/moveit_studio/user_ws/build/apriltag_ros_python/build/lib/apriltag_ros_python/apriltag_detection_server.py -> /opt/moveit_studio/user_ws/install/apriltag_ros_python/lib/python3.10/site-packages/apriltag_ros_python
[1.423s] copying /opt/moveit_studio/user_ws/build/apriltag_ros_python/build/lib/apriltag_ros_python/apriltag_detection_client.py -> /opt/moveit_studio/user_ws/install/apriltag_ros_python/lib/python3.10/site-packages/apriltag_ros_python
[1.424s] byte-compiling /opt/moveit_studio/user_ws/install/apriltag_ros_python/lib/python3.10/site-packages/apriltag_ros_python/__init__.py to __init__.cpython-310.pyc
[1.425s] byte-compiling /opt/moveit_studio/user_ws/install/apriltag_ros_python/lib/python3.10/site-packages/apriltag_ros_python/apriltag_detection_server.py to apriltag_detection_server.cpython-310.pyc
[1.427s] byte-compiling /opt/moveit_studio/user_ws/install/apriltag_ros_python/lib/python3.10/site-packages/apriltag_ros_python/apriltag_detection_client.py to apriltag_detection_client.cpython-310.pyc
[1.428s] running install_data
[1.429s] creating /opt/moveit_studio/user_ws/install/apriltag_ros_python/share/ament_index
[1.429s] creating /opt/moveit_studio/user_ws/install/apriltag_ros_python/share/ament_index/resource_index
[1.429s] creating /opt/moveit_studio/user_ws/install/apriltag_ros_python/share/ament_index/resource_index/packages
[1.430s] copying resource/apriltag_ros_python -> /opt/moveit_studio/user_ws/install/apriltag_ros_python/share/ament_index/resource_index/packages
[1.430s] creating /opt/moveit_studio/user_ws/install/apriltag_ros_python/share/apriltag_ros_python/data
[1.430s] copying data/test_image.png -> /opt/moveit_studio/user_ws/install/apriltag_ros_python/share/apriltag_ros_python/data
[1.431s] creating /opt/moveit_studio/user_ws/install/apriltag_ros_python/share/apriltag_ros_python/launch
[1.432s] copying launch/apriltag_detection_server.launch.py -> /opt/moveit_studio/user_ws/install/apriltag_ros_python/share/apriltag_ros_python/launch
[1.432s] copying launch/apriltag_detection_client.launch.py -> /opt/moveit_studio/user_ws/install/apriltag_ros_python/share/apriltag_ros_python/launch
[1.432s] running install_egg_info
[1.435s] Copying ../../build/apriltag_ros_python/apriltag_ros_python.egg-info to /opt/moveit_studio/user_ws/install/apriltag_ros_python/lib/python3.10/site-packages/apriltag_ros_python-1.0.0-py3.10.egg-info
[1.437s] running install_scripts
[1.472s] Installing apriltag_detection_client script to /opt/moveit_studio/user_ws/install/apriltag_ros_python/lib/apriltag_ros_python
[1.472s] Installing apriltag_detection_server script to /opt/moveit_studio/user_ws/install/apriltag_ros_python/lib/apriltag_ros_python
[1.473s] writing list of installed files to '/opt/moveit_studio/user_ws/build/apriltag_ros_python/install.log'
[1.533s] Invoked command in '/opt/moveit_studio/user_ws/src/apriltag_ros_python' returned '0': AMENT_PREFIX_PATH=/opt/moveit_studio/user_ws/install/apriltag_ros_msgs:${AMENT_PREFIX_PATH} CMAKE_PREFIX_PATH=/opt/moveit_studio/user_ws/install/apriltag_ros_msgs:${CMAKE_PREFIX_PATH} LD_LIBRARY_PATH=/opt/moveit_studio/user_ws/install/apriltag_ros_msgs/lib:${LD_LIBRARY_PATH} PYTHONPATH=/opt/moveit_studio/user_ws/build/apriltag_ros_python/prefix_override:/opt/moveit_studio/user_ws/install/apriltag_ros_python/lib/python3.10/site-packages:/opt/moveit_studio/user_ws/install/apriltag_ros_msgs/local/lib/python3.10/dist-packages:${PYTHONPATH} /usr/bin/python3 setup.py egg_info --egg-base ../../build/apriltag_ros_python build --build-base /opt/moveit_studio/user_ws/build/apriltag_ros_python/build install --record /opt/moveit_studio/user_ws/build/apriltag_ros_python/install.log --single-version-externally-managed
