[  2%] Built target apriltag_ros_msgs__cpp
[ 12%] Built target apriltag_ros_msgs__rosidl_generator_c
[ 12%] Built target ament_cmake_python_copy_apriltag_ros_msgs
[ 23%] Built target apriltag_ros_msgs__rosidl_typesupport_cpp
[ 33%] Built target apriltag_ros_msgs__rosidl_typesupport_introspection_cpp
[ 43%] Built target apriltag_ros_msgs__rosidl_typesupport_fastrtps_c
[ 56%] Built target apriltag_ros_msgs__rosidl_typesupport_c
[ 64%] Built target apriltag_ros_msgs__rosidl_typesupport_introspection_c
[ 74%] Built target apriltag_ros_msgs__rosidl_typesupport_fastrtps_cpp
[ 74%] Built target apriltag_ros_msgs
[ 76%] Built target apriltag_ros_msgs__py
[ 84%] Built target apriltag_ros_msgs__rosidl_generator_py
[ 89%] Built target apriltag_ros_msgs__rosidl_typesupport_introspection_c__pyext
[ 94%] Built target apriltag_ros_msgs__rosidl_typesupport_fastrtps_c__pyext
[100%] Built target apriltag_ros_msgs__rosidl_typesupport_c__pyext
running egg_info
writing apriltag_ros_msgs.egg-info/PKG-INFO
writing dependency_links to apriltag_ros_msgs.egg-info/dependency_links.txt
writing top-level names to apriltag_ros_msgs.egg-info/top_level.txt
reading manifest file 'apriltag_ros_msgs.egg-info/SOURCES.txt'
writing manifest file 'apriltag_ros_msgs.egg-info/SOURCES.txt'
[100%] Built target ament_cmake_python_build_apriltag_ros_msgs_egg
-- Install configuration: "Release"
-- Up-to-date: /opt/moveit_studio/user_ws/install/apriltag_ros_msgs/share/ament_index/resource_index/rosidl_interfaces/apriltag_ros_msgs
-- Up-to-date: /opt/moveit_studio/user_ws/install/apriltag_ros_msgs/include/apriltag_ros_msgs/apriltag_ros_msgs
-- Up-to-date: /opt/moveit_studio/user_ws/install/apriltag_ros_msgs/include/apriltag_ros_msgs/apriltag_ros_msgs/srv
-- Up-to-date: /opt/moveit_studio/user_ws/install/apriltag_ros_msgs/include/apriltag_ros_msgs/apriltag_ros_msgs/srv/detail
-- Up-to-date: /opt/moveit_studio/user_ws/install/apriltag_ros_msgs/include/apriltag_ros_msgs/apriltag_ros_msgs/srv/detail/get_april_tag_detections__struct.h
-- Up-to-date: /opt/moveit_studio/user_ws/install/apriltag_ros_msgs/include/apriltag_ros_msgs/apriltag_ros_msgs/srv/detail/get_april_tag_detections__functions.h
-- Up-to-date: /opt/moveit_studio/user_ws/install/apriltag_ros_msgs/include/apriltag_ros_msgs/apriltag_ros_msgs/srv/detail/get_april_tag_detections__functions.c
-- Up-to-date: /opt/moveit_studio/user_ws/install/apriltag_ros_msgs/include/apriltag_ros_msgs/apriltag_ros_msgs/srv/detail/get_april_tag_detections__type_support.h
-- Up-to-date: /opt/moveit_studio/user_ws/install/apriltag_ros_msgs/include/apriltag_ros_msgs/apriltag_ros_msgs/srv/get_april_tag_detections.h
-- Up-to-date: /opt/moveit_studio/user_ws/install/apriltag_ros_msgs/include/apriltag_ros_msgs/apriltag_ros_msgs/msg
-- Up-to-date: /opt/moveit_studio/user_ws/install/apriltag_ros_msgs/include/apriltag_ros_msgs/apriltag_ros_msgs/msg/detection.h
-- Up-to-date: /opt/moveit_studio/user_ws/install/apriltag_ros_msgs/include/apriltag_ros_msgs/apriltag_ros_msgs/msg/detail
-- Up-to-date: /opt/moveit_studio/user_ws/install/apriltag_ros_msgs/include/apriltag_ros_msgs/apriltag_ros_msgs/msg/detail/detection__type_support.h
-- Up-to-date: /opt/moveit_studio/user_ws/install/apriltag_ros_msgs/include/apriltag_ros_msgs/apriltag_ros_msgs/msg/detail/detection__struct.h
-- Up-to-date: /opt/moveit_studio/user_ws/install/apriltag_ros_msgs/include/apriltag_ros_msgs/apriltag_ros_msgs/msg/detail/detection__functions.c
-- Up-to-date: /opt/moveit_studio/user_ws/install/apriltag_ros_msgs/include/apriltag_ros_msgs/apriltag_ros_msgs/msg/detail/detection__functions.h
-- Up-to-date: /opt/moveit_studio/user_ws/install/apriltag_ros_msgs/include/apriltag_ros_msgs/apriltag_ros_msgs/msg/rosidl_generator_c__visibility_control.h
-- Up-to-date: /opt/moveit_studio/user_ws/install/apriltag_ros_msgs/share/apriltag_ros_msgs/environment/library_path.sh
-- Up-to-date: /opt/moveit_studio/user_ws/install/apriltag_ros_msgs/share/apriltag_ros_msgs/environment/library_path.dsv
-- Up-to-date: /opt/moveit_studio/user_ws/install/apriltag_ros_msgs/lib/libapriltag_ros_msgs__rosidl_generator_c.so
-- Up-to-date: /opt/moveit_studio/user_ws/install/apriltag_ros_msgs/include/apriltag_ros_msgs/apriltag_ros_msgs
-- Up-to-date: /opt/moveit_studio/user_ws/install/apriltag_ros_msgs/include/apriltag_ros_msgs/apriltag_ros_msgs/srv
-- Up-to-date: /opt/moveit_studio/user_ws/install/apriltag_ros_msgs/include/apriltag_ros_msgs/apriltag_ros_msgs/srv/detail
-- Up-to-date: /opt/moveit_studio/user_ws/install/apriltag_ros_msgs/include/apriltag_ros_msgs/apriltag_ros_msgs/srv/detail/get_april_tag_detections__rosidl_typesupport_fastrtps_c.h
-- Up-to-date: /opt/moveit_studio/user_ws/install/apriltag_ros_msgs/include/apriltag_ros_msgs/apriltag_ros_msgs/msg
-- Up-to-date: /opt/moveit_studio/user_ws/install/apriltag_ros_msgs/include/apriltag_ros_msgs/apriltag_ros_msgs/msg/detail
-- Up-to-date: /opt/moveit_studio/user_ws/install/apriltag_ros_msgs/include/apriltag_ros_msgs/apriltag_ros_msgs/msg/detail/detection__rosidl_typesupport_fastrtps_c.h
-- Up-to-date: /opt/moveit_studio/user_ws/install/apriltag_ros_msgs/include/apriltag_ros_msgs/apriltag_ros_msgs/msg/rosidl_typesupport_fastrtps_c__visibility_control.h
-- Up-to-date: /opt/moveit_studio/user_ws/install/apriltag_ros_msgs/lib/libapriltag_ros_msgs__rosidl_typesupport_fastrtps_c.so
-- Up-to-date: /opt/moveit_studio/user_ws/install/apriltag_ros_msgs/include/apriltag_ros_msgs/apriltag_ros_msgs
-- Up-to-date: /opt/moveit_studio/user_ws/install/apriltag_ros_msgs/include/apriltag_ros_msgs/apriltag_ros_msgs/srv
-- Up-to-date: /opt/moveit_studio/user_ws/install/apriltag_ros_msgs/include/apriltag_ros_msgs/apriltag_ros_msgs/srv/get_april_tag_detections.hpp
-- Up-to-date: /opt/moveit_studio/user_ws/install/apriltag_ros_msgs/include/apriltag_ros_msgs/apriltag_ros_msgs/srv/detail
-- Up-to-date: /opt/moveit_studio/user_ws/install/apriltag_ros_msgs/include/apriltag_ros_msgs/apriltag_ros_msgs/srv/detail/get_april_tag_detections__struct.hpp
-- Up-to-date: /opt/moveit_studio/user_ws/install/apriltag_ros_msgs/include/apriltag_ros_msgs/apriltag_ros_msgs/srv/detail/get_april_tag_detections__traits.hpp
-- Up-to-date: /opt/moveit_studio/user_ws/install/apriltag_ros_msgs/include/apriltag_ros_msgs/apriltag_ros_msgs/srv/detail/get_april_tag_detections__builder.hpp
-- Up-to-date: /opt/moveit_studio/user_ws/install/apriltag_ros_msgs/include/apriltag_ros_msgs/apriltag_ros_msgs/msg
-- Up-to-date: /opt/moveit_studio/user_ws/install/apriltag_ros_msgs/include/apriltag_ros_msgs/apriltag_ros_msgs/msg/detection.hpp
-- Up-to-date: /opt/moveit_studio/user_ws/install/apriltag_ros_msgs/include/apriltag_ros_msgs/apriltag_ros_msgs/msg/detail
-- Up-to-date: /opt/moveit_studio/user_ws/install/apriltag_ros_msgs/include/apriltag_ros_msgs/apriltag_ros_msgs/msg/detail/detection__builder.hpp
-- Up-to-date: /opt/moveit_studio/user_ws/install/apriltag_ros_msgs/include/apriltag_ros_msgs/apriltag_ros_msgs/msg/detail/detection__struct.hpp
-- Up-to-date: /opt/moveit_studio/user_ws/install/apriltag_ros_msgs/include/apriltag_ros_msgs/apriltag_ros_msgs/msg/detail/detection__traits.hpp
-- Up-to-date: /opt/moveit_studio/user_ws/install/apriltag_ros_msgs/include/apriltag_ros_msgs/apriltag_ros_msgs
-- Up-to-date: /opt/moveit_studio/user_ws/install/apriltag_ros_msgs/include/apriltag_ros_msgs/apriltag_ros_msgs/srv
-- Up-to-date: /opt/moveit_studio/user_ws/install/apriltag_ros_msgs/include/apriltag_ros_msgs/apriltag_ros_msgs/srv/detail
-- Up-to-date: /opt/moveit_studio/user_ws/install/apriltag_ros_msgs/include/apriltag_ros_msgs/apriltag_ros_msgs/srv/detail/dds_fastrtps
-- Up-to-date: /opt/moveit_studio/user_ws/install/apriltag_ros_msgs/include/apriltag_ros_msgs/apriltag_ros_msgs/srv/detail/get_april_tag_detections__rosidl_typesupport_fastrtps_cpp.hpp
-- Up-to-date: /opt/moveit_studio/user_ws/install/apriltag_ros_msgs/include/apriltag_ros_msgs/apriltag_ros_msgs/msg
-- Up-to-date: /opt/moveit_studio/user_ws/install/apriltag_ros_msgs/include/apriltag_ros_msgs/apriltag_ros_msgs/msg/rosidl_typesupport_fastrtps_cpp__visibility_control.h
-- Up-to-date: /opt/moveit_studio/user_ws/install/apriltag_ros_msgs/include/apriltag_ros_msgs/apriltag_ros_msgs/msg/detail
-- Up-to-date: /opt/moveit_studio/user_ws/install/apriltag_ros_msgs/include/apriltag_ros_msgs/apriltag_ros_msgs/msg/detail/dds_fastrtps
-- Up-to-date: /opt/moveit_studio/user_ws/install/apriltag_ros_msgs/include/apriltag_ros_msgs/apriltag_ros_msgs/msg/detail/detection__rosidl_typesupport_fastrtps_cpp.hpp
-- Up-to-date: /opt/moveit_studio/user_ws/install/apriltag_ros_msgs/lib/libapriltag_ros_msgs__rosidl_typesupport_fastrtps_cpp.so
-- Up-to-date: /opt/moveit_studio/user_ws/install/apriltag_ros_msgs/include/apriltag_ros_msgs/apriltag_ros_msgs
-- Up-to-date: /opt/moveit_studio/user_ws/install/apriltag_ros_msgs/include/apriltag_ros_msgs/apriltag_ros_msgs/srv
-- Up-to-date: /opt/moveit_studio/user_ws/install/apriltag_ros_msgs/include/apriltag_ros_msgs/apriltag_ros_msgs/srv/detail
-- Up-to-date: /opt/moveit_studio/user_ws/install/apriltag_ros_msgs/include/apriltag_ros_msgs/apriltag_ros_msgs/srv/detail/get_april_tag_detections__type_support.c
-- Up-to-date: /opt/moveit_studio/user_ws/install/apriltag_ros_msgs/include/apriltag_ros_msgs/apriltag_ros_msgs/srv/detail/get_april_tag_detections__rosidl_typesupport_introspection_c.h
-- Up-to-date: /opt/moveit_studio/user_ws/install/apriltag_ros_msgs/include/apriltag_ros_msgs/apriltag_ros_msgs/msg
-- Up-to-date: /opt/moveit_studio/user_ws/install/apriltag_ros_msgs/include/apriltag_ros_msgs/apriltag_ros_msgs/msg/rosidl_typesupport_introspection_c__visibility_control.h
-- Up-to-date: /opt/moveit_studio/user_ws/install/apriltag_ros_msgs/include/apriltag_ros_msgs/apriltag_ros_msgs/msg/detail
-- Up-to-date: /opt/moveit_studio/user_ws/install/apriltag_ros_msgs/include/apriltag_ros_msgs/apriltag_ros_msgs/msg/detail/detection__rosidl_typesupport_introspection_c.h
-- Up-to-date: /opt/moveit_studio/user_ws/install/apriltag_ros_msgs/include/apriltag_ros_msgs/apriltag_ros_msgs/msg/detail/detection__type_support.c
-- Up-to-date: /opt/moveit_studio/user_ws/install/apriltag_ros_msgs/lib/libapriltag_ros_msgs__rosidl_typesupport_introspection_c.so
-- Up-to-date: /opt/moveit_studio/user_ws/install/apriltag_ros_msgs/lib/libapriltag_ros_msgs__rosidl_typesupport_c.so
-- Up-to-date: /opt/moveit_studio/user_ws/install/apriltag_ros_msgs/include/apriltag_ros_msgs/apriltag_ros_msgs
-- Up-to-date: /opt/moveit_studio/user_ws/install/apriltag_ros_msgs/include/apriltag_ros_msgs/apriltag_ros_msgs/srv
-- Up-to-date: /opt/moveit_studio/user_ws/install/apriltag_ros_msgs/include/apriltag_ros_msgs/apriltag_ros_msgs/srv/detail
-- Up-to-date: /opt/moveit_studio/user_ws/install/apriltag_ros_msgs/include/apriltag_ros_msgs/apriltag_ros_msgs/srv/detail/get_april_tag_detections__type_support.cpp
-- Up-to-date: /opt/moveit_studio/user_ws/install/apriltag_ros_msgs/include/apriltag_ros_msgs/apriltag_ros_msgs/srv/detail/get_april_tag_detections__rosidl_typesupport_introspection_cpp.hpp
-- Up-to-date: /opt/moveit_studio/user_ws/install/apriltag_ros_msgs/include/apriltag_ros_msgs/apriltag_ros_msgs/msg
-- Up-to-date: /opt/moveit_studio/user_ws/install/apriltag_ros_msgs/include/apriltag_ros_msgs/apriltag_ros_msgs/msg/detail
-- Up-to-date: /opt/moveit_studio/user_ws/install/apriltag_ros_msgs/include/apriltag_ros_msgs/apriltag_ros_msgs/msg/detail/detection__type_support.cpp
-- Up-to-date: /opt/moveit_studio/user_ws/install/apriltag_ros_msgs/include/apriltag_ros_msgs/apriltag_ros_msgs/msg/detail/detection__rosidl_typesupport_introspection_cpp.hpp
-- Up-to-date: /opt/moveit_studio/user_ws/install/apriltag_ros_msgs/lib/libapriltag_ros_msgs__rosidl_typesupport_introspection_cpp.so
-- Up-to-date: /opt/moveit_studio/user_ws/install/apriltag_ros_msgs/lib/libapriltag_ros_msgs__rosidl_typesupport_cpp.so
-- Up-to-date: /opt/moveit_studio/user_ws/install/apriltag_ros_msgs/share/apriltag_ros_msgs/environment/pythonpath.sh
-- Up-to-date: /opt/moveit_studio/user_ws/install/apriltag_ros_msgs/share/apriltag_ros_msgs/environment/pythonpath.dsv
-- Up-to-date: /opt/moveit_studio/user_ws/install/apriltag_ros_msgs/local/lib/python3.10/dist-packages/apriltag_ros_msgs-1.0.0-py3.10.egg-info
-- Installing: /opt/moveit_studio/user_ws/install/apriltag_ros_msgs/local/lib/python3.10/dist-packages/apriltag_ros_msgs-1.0.0-py3.10.egg-info/top_level.txt
-- Installing: /opt/moveit_studio/user_ws/install/apriltag_ros_msgs/local/lib/python3.10/dist-packages/apriltag_ros_msgs-1.0.0-py3.10.egg-info/SOURCES.txt
-- Installing: /opt/moveit_studio/user_ws/install/apriltag_ros_msgs/local/lib/python3.10/dist-packages/apriltag_ros_msgs-1.0.0-py3.10.egg-info/PKG-INFO
-- Installing: /opt/moveit_studio/user_ws/install/apriltag_ros_msgs/local/lib/python3.10/dist-packages/apriltag_ros_msgs-1.0.0-py3.10.egg-info/dependency_links.txt
-- Up-to-date: /opt/moveit_studio/user_ws/install/apriltag_ros_msgs/local/lib/python3.10/dist-packages/apriltag_ros_msgs
-- Up-to-date: /opt/moveit_studio/user_ws/install/apriltag_ros_msgs/local/lib/python3.10/dist-packages/apriltag_ros_msgs/apriltag_ros_msgs_s__rosidl_typesupport_c.cpython-310-x86_64-linux-gnu.so
-- Up-to-date: /opt/moveit_studio/user_ws/install/apriltag_ros_msgs/local/lib/python3.10/dist-packages/apriltag_ros_msgs/__init__.py
-- Up-to-date: /opt/moveit_studio/user_ws/install/apriltag_ros_msgs/local/lib/python3.10/dist-packages/apriltag_ros_msgs/apriltag_ros_msgs_s__rosidl_typesupport_introspection_c.cpython-310-x86_64-linux-gnu.so
-- Up-to-date: /opt/moveit_studio/user_ws/install/apriltag_ros_msgs/local/lib/python3.10/dist-packages/apriltag_ros_msgs/srv
-- Up-to-date: /opt/moveit_studio/user_ws/install/apriltag_ros_msgs/local/lib/python3.10/dist-packages/apriltag_ros_msgs/srv/__init__.py
-- Up-to-date: /opt/moveit_studio/user_ws/install/apriltag_ros_msgs/local/lib/python3.10/dist-packages/apriltag_ros_msgs/srv/_get_april_tag_detections.py
-- Up-to-date: /opt/moveit_studio/user_ws/install/apriltag_ros_msgs/local/lib/python3.10/dist-packages/apriltag_ros_msgs/srv/_get_april_tag_detections_s.c
-- Up-to-date: /opt/moveit_studio/user_ws/install/apriltag_ros_msgs/local/lib/python3.10/dist-packages/apriltag_ros_msgs/msg
-- Up-to-date: /opt/moveit_studio/user_ws/install/apriltag_ros_msgs/local/lib/python3.10/dist-packages/apriltag_ros_msgs/msg/_detection.py
-- Up-to-date: /opt/moveit_studio/user_ws/install/apriltag_ros_msgs/local/lib/python3.10/dist-packages/apriltag_ros_msgs/msg/__init__.py
-- Up-to-date: /opt/moveit_studio/user_ws/install/apriltag_ros_msgs/local/lib/python3.10/dist-packages/apriltag_ros_msgs/msg/_detection_s.c
-- Up-to-date: /opt/moveit_studio/user_ws/install/apriltag_ros_msgs/local/lib/python3.10/dist-packages/apriltag_ros_msgs/_apriltag_ros_msgs_s.ep.rosidl_typesupport_c.c
-- Up-to-date: /opt/moveit_studio/user_ws/install/apriltag_ros_msgs/local/lib/python3.10/dist-packages/apriltag_ros_msgs/_apriltag_ros_msgs_s.ep.rosidl_typesupport_fastrtps_c.c
-- Up-to-date: /opt/moveit_studio/user_ws/install/apriltag_ros_msgs/local/lib/python3.10/dist-packages/apriltag_ros_msgs/libapriltag_ros_msgs__rosidl_generator_py.so
-- Up-to-date: /opt/moveit_studio/user_ws/install/apriltag_ros_msgs/local/lib/python3.10/dist-packages/apriltag_ros_msgs/apriltag_ros_msgs_s__rosidl_typesupport_fastrtps_c.cpython-310-x86_64-linux-gnu.so
-- Up-to-date: /opt/moveit_studio/user_ws/install/apriltag_ros_msgs/local/lib/python3.10/dist-packages/apriltag_ros_msgs/_apriltag_ros_msgs_s.ep.rosidl_typesupport_introspection_c.c
Listing '/opt/moveit_studio/user_ws/install/apriltag_ros_msgs/local/lib/python3.10/dist-packages/apriltag_ros_msgs'...
Listing '/opt/moveit_studio/user_ws/install/apriltag_ros_msgs/local/lib/python3.10/dist-packages/apriltag_ros_msgs/msg'...
Listing '/opt/moveit_studio/user_ws/install/apriltag_ros_msgs/local/lib/python3.10/dist-packages/apriltag_ros_msgs/srv'...
-- Up-to-date: /opt/moveit_studio/user_ws/install/apriltag_ros_msgs/local/lib/python3.10/dist-packages/apriltag_ros_msgs/apriltag_ros_msgs_s__rosidl_typesupport_fastrtps_c.cpython-310-x86_64-linux-gnu.so
-- Up-to-date: /opt/moveit_studio/user_ws/install/apriltag_ros_msgs/local/lib/python3.10/dist-packages/apriltag_ros_msgs/apriltag_ros_msgs_s__rosidl_typesupport_introspection_c.cpython-310-x86_64-linux-gnu.so
-- Up-to-date: /opt/moveit_studio/user_ws/install/apriltag_ros_msgs/local/lib/python3.10/dist-packages/apriltag_ros_msgs/apriltag_ros_msgs_s__rosidl_typesupport_c.cpython-310-x86_64-linux-gnu.so
-- Up-to-date: /opt/moveit_studio/user_ws/install/apriltag_ros_msgs/lib/libapriltag_ros_msgs__rosidl_generator_py.so
-- Up-to-date: /opt/moveit_studio/user_ws/install/apriltag_ros_msgs/share/apriltag_ros_msgs/msg/Detection.idl
-- Up-to-date: /opt/moveit_studio/user_ws/install/apriltag_ros_msgs/share/apriltag_ros_msgs/srv/GetAprilTagDetections.idl
-- Up-to-date: /opt/moveit_studio/user_ws/install/apriltag_ros_msgs/share/apriltag_ros_msgs/msg/Detection.msg
-- Up-to-date: /opt/moveit_studio/user_ws/install/apriltag_ros_msgs/share/apriltag_ros_msgs/srv/GetAprilTagDetections.srv
-- Up-to-date: /opt/moveit_studio/user_ws/install/apriltag_ros_msgs/share/apriltag_ros_msgs/srv/GetAprilTagDetections_Request.msg
-- Up-to-date: /opt/moveit_studio/user_ws/install/apriltag_ros_msgs/share/apriltag_ros_msgs/srv/GetAprilTagDetections_Response.msg
-- Up-to-date: /opt/moveit_studio/user_ws/install/apriltag_ros_msgs/share/ament_index/resource_index/package_run_dependencies/apriltag_ros_msgs
-- Up-to-date: /opt/moveit_studio/user_ws/install/apriltag_ros_msgs/share/ament_index/resource_index/parent_prefix_path/apriltag_ros_msgs
-- Up-to-date: /opt/moveit_studio/user_ws/install/apriltag_ros_msgs/share/apriltag_ros_msgs/environment/ament_prefix_path.sh
-- Up-to-date: /opt/moveit_studio/user_ws/install/apriltag_ros_msgs/share/apriltag_ros_msgs/environment/ament_prefix_path.dsv
-- Up-to-date: /opt/moveit_studio/user_ws/install/apriltag_ros_msgs/share/apriltag_ros_msgs/environment/path.sh
-- Up-to-date: /opt/moveit_studio/user_ws/install/apriltag_ros_msgs/share/apriltag_ros_msgs/environment/path.dsv
-- Up-to-date: /opt/moveit_studio/user_ws/install/apriltag_ros_msgs/share/apriltag_ros_msgs/local_setup.bash
-- Up-to-date: /opt/moveit_studio/user_ws/install/apriltag_ros_msgs/share/apriltag_ros_msgs/local_setup.sh
-- Up-to-date: /opt/moveit_studio/user_ws/install/apriltag_ros_msgs/share/apriltag_ros_msgs/local_setup.zsh
-- Up-to-date: /opt/moveit_studio/user_ws/install/apriltag_ros_msgs/share/apriltag_ros_msgs/local_setup.dsv
-- Installing: /opt/moveit_studio/user_ws/install/apriltag_ros_msgs/share/apriltag_ros_msgs/package.dsv
-- Up-to-date: /opt/moveit_studio/user_ws/install/apriltag_ros_msgs/share/ament_index/resource_index/packages/apriltag_ros_msgs
-- Up-to-date: /opt/moveit_studio/user_ws/install/apriltag_ros_msgs/share/apriltag_ros_msgs/cmake/export_apriltag_ros_msgs__rosidl_generator_cExport.cmake
-- Up-to-date: /opt/moveit_studio/user_ws/install/apriltag_ros_msgs/share/apriltag_ros_msgs/cmake/export_apriltag_ros_msgs__rosidl_generator_cExport-release.cmake
-- Up-to-date: /opt/moveit_studio/user_ws/install/apriltag_ros_msgs/share/apriltag_ros_msgs/cmake/export_apriltag_ros_msgs__rosidl_typesupport_fastrtps_cExport.cmake
-- Up-to-date: /opt/moveit_studio/user_ws/install/apriltag_ros_msgs/share/apriltag_ros_msgs/cmake/export_apriltag_ros_msgs__rosidl_typesupport_fastrtps_cExport-release.cmake
-- Up-to-date: /opt/moveit_studio/user_ws/install/apriltag_ros_msgs/share/apriltag_ros_msgs/cmake/export_apriltag_ros_msgs__rosidl_generator_cppExport.cmake
-- Up-to-date: /opt/moveit_studio/user_ws/install/apriltag_ros_msgs/share/apriltag_ros_msgs/cmake/export_apriltag_ros_msgs__rosidl_typesupport_fastrtps_cppExport.cmake
-- Up-to-date: /opt/moveit_studio/user_ws/install/apriltag_ros_msgs/share/apriltag_ros_msgs/cmake/export_apriltag_ros_msgs__rosidl_typesupport_fastrtps_cppExport-release.cmake
-- Up-to-date: /opt/moveit_studio/user_ws/install/apriltag_ros_msgs/share/apriltag_ros_msgs/cmake/apriltag_ros_msgs__rosidl_typesupport_introspection_cExport.cmake
-- Up-to-date: /opt/moveit_studio/user_ws/install/apriltag_ros_msgs/share/apriltag_ros_msgs/cmake/apriltag_ros_msgs__rosidl_typesupport_introspection_cExport-release.cmake
-- Up-to-date: /opt/moveit_studio/user_ws/install/apriltag_ros_msgs/share/apriltag_ros_msgs/cmake/apriltag_ros_msgs__rosidl_typesupport_cExport.cmake
-- Up-to-date: /opt/moveit_studio/user_ws/install/apriltag_ros_msgs/share/apriltag_ros_msgs/cmake/apriltag_ros_msgs__rosidl_typesupport_cExport-release.cmake
-- Up-to-date: /opt/moveit_studio/user_ws/install/apriltag_ros_msgs/share/apriltag_ros_msgs/cmake/apriltag_ros_msgs__rosidl_typesupport_introspection_cppExport.cmake
-- Up-to-date: /opt/moveit_studio/user_ws/install/apriltag_ros_msgs/share/apriltag_ros_msgs/cmake/apriltag_ros_msgs__rosidl_typesupport_introspection_cppExport-release.cmake
-- Up-to-date: /opt/moveit_studio/user_ws/install/apriltag_ros_msgs/share/apriltag_ros_msgs/cmake/apriltag_ros_msgs__rosidl_typesupport_cppExport.cmake
-- Up-to-date: /opt/moveit_studio/user_ws/install/apriltag_ros_msgs/share/apriltag_ros_msgs/cmake/apriltag_ros_msgs__rosidl_typesupport_cppExport-release.cmake
-- Up-to-date: /opt/moveit_studio/user_ws/install/apriltag_ros_msgs/share/apriltag_ros_msgs/cmake/export_apriltag_ros_msgs__rosidl_generator_pyExport.cmake
-- Up-to-date: /opt/moveit_studio/user_ws/install/apriltag_ros_msgs/share/apriltag_ros_msgs/cmake/export_apriltag_ros_msgs__rosidl_generator_pyExport-release.cmake
-- Up-to-date: /opt/moveit_studio/user_ws/install/apriltag_ros_msgs/share/apriltag_ros_msgs/cmake/rosidl_cmake-extras.cmake
-- Up-to-date: /opt/moveit_studio/user_ws/install/apriltag_ros_msgs/share/apriltag_ros_msgs/cmake/ament_cmake_export_dependencies-extras.cmake
-- Up-to-date: /opt/moveit_studio/user_ws/install/apriltag_ros_msgs/share/apriltag_ros_msgs/cmake/ament_cmake_export_include_directories-extras.cmake
-- Up-to-date: /opt/moveit_studio/user_ws/install/apriltag_ros_msgs/share/apriltag_ros_msgs/cmake/ament_cmake_export_libraries-extras.cmake
-- Up-to-date: /opt/moveit_studio/user_ws/install/apriltag_ros_msgs/share/apriltag_ros_msgs/cmake/ament_cmake_export_targets-extras.cmake
-- Up-to-date: /opt/moveit_studio/user_ws/install/apriltag_ros_msgs/share/apriltag_ros_msgs/cmake/rosidl_cmake_export_typesupport_targets-extras.cmake
-- Up-to-date: /opt/moveit_studio/user_ws/install/apriltag_ros_msgs/share/apriltag_ros_msgs/cmake/rosidl_cmake_export_typesupport_libraries-extras.cmake
-- Up-to-date: /opt/moveit_studio/user_ws/install/apriltag_ros_msgs/share/apriltag_ros_msgs/cmake/apriltag_ros_msgsConfig.cmake
-- Up-to-date: /opt/moveit_studio/user_ws/install/apriltag_ros_msgs/share/apriltag_ros_msgs/cmake/apriltag_ros_msgsConfig-version.cmake
-- Up-to-date: /opt/moveit_studio/user_ws/install/apriltag_ros_msgs/share/apriltag_ros_msgs/package.xml
