[0.047s] Invoking command in '/opt/moveit_studio/user_ws/build/apriltag_ros_msgs': CMAKE_PREFIX_PATH=${CMAKE_PREFIX_PATH}:/opt/moveit_studio/user_ws/install/apriltag_ros_python:/opt/overlay_ws/install/moveit_studio_rest_api:/opt/overlay_ws/install/moveit_studio_bridge:/opt/overlay_ws/install/moveit_studio_utils_py:/opt/overlay_ws/install/moveit_studio_site_config_template:/opt/overlay_ws/install/moveit_studio_behavior_template:/opt/underlay_ws/install/rqt_controller_manager:/opt/underlay_ws/install/ros2controlcli:/opt/underlay_ws/install/moveit_configs_utils:/opt/ros/humble /usr/bin/cmake --build /opt/moveit_studio/user_ws/build/apriltag_ros_msgs -- -j8 -l8
[0.187s] [ 10%] Built target apriltag_ros_msgs__rosidl_generator_c
[0.189s] [ 12%] Built target apriltag_ros_msgs__cpp
[0.199s] [ 12%] Built target ament_cmake_python_copy_apriltag_ros_msgs
[0.282s] [ 23%] Built target apriltag_ros_msgs__rosidl_typesupport_fastrtps_c
[0.318s] [ 33%] Built target apriltag_ros_msgs__rosidl_typesupport_introspection_c
[0.318s] [ 43%] Built target apriltag_ros_msgs__rosidl_typesupport_c
[0.335s] [ 53%] Built target apriltag_ros_msgs__rosidl_typesupport_introspection_cpp
[0.351s] [ 74%] Built target apriltag_ros_msgs__rosidl_typesupport_cpp
[0.352s] [ 74%] Built target apriltag_ros_msgs__rosidl_typesupport_fastrtps_cpp
[0.410s] [ 74%] Built target apriltag_ros_msgs
[0.508s] [ 76%] Built target apriltag_ros_msgs__py
[0.513s] [ 84%] Built target apriltag_ros_msgs__rosidl_generator_py
[0.615s] [ 89%] Built target apriltag_ros_msgs__rosidl_typesupport_fastrtps_c__pyext
[0.615s] [ 94%] Built target apriltag_ros_msgs__rosidl_typesupport_c__pyext
[0.615s] [100%] Built target apriltag_ros_msgs__rosidl_typesupport_introspection_c__pyext
[0.626s] running egg_info
[0.634s] writing apriltag_ros_msgs.egg-info/PKG-INFO
[0.634s] writing dependency_links to apriltag_ros_msgs.egg-info/dependency_links.txt
[0.634s] writing top-level names to apriltag_ros_msgs.egg-info/top_level.txt
[0.634s] reading manifest file 'apriltag_ros_msgs.egg-info/SOURCES.txt'
[0.634s] writing manifest file 'apriltag_ros_msgs.egg-info/SOURCES.txt'
[0.676s] [100%] Built target ament_cmake_python_build_apriltag_ros_msgs_egg
[0.699s] Invoked command in '/opt/moveit_studio/user_ws/build/apriltag_ros_msgs' returned '0': CMAKE_PREFIX_PATH=${CMAKE_PREFIX_PATH}:/opt/moveit_studio/user_ws/install/apriltag_ros_python:/opt/overlay_ws/install/moveit_studio_rest_api:/opt/overlay_ws/install/moveit_studio_bridge:/opt/overlay_ws/install/moveit_studio_utils_py:/opt/overlay_ws/install/moveit_studio_site_config_template:/opt/overlay_ws/install/moveit_studio_behavior_template:/opt/underlay_ws/install/rqt_controller_manager:/opt/underlay_ws/install/ros2controlcli:/opt/underlay_ws/install/moveit_configs_utils:/opt/ros/humble /usr/bin/cmake --build /opt/moveit_studio/user_ws/build/apriltag_ros_msgs -- -j8 -l8
[1.035s] Invoking command in '/opt/moveit_studio/user_ws/build/apriltag_ros_msgs': CMAKE_PREFIX_PATH=${CMAKE_PREFIX_PATH}:/opt/moveit_studio/user_ws/install/apriltag_ros_python:/opt/overlay_ws/install/moveit_studio_rest_api:/opt/overlay_ws/install/moveit_studio_bridge:/opt/overlay_ws/install/moveit_studio_utils_py:/opt/overlay_ws/install/moveit_studio_site_config_template:/opt/overlay_ws/install/moveit_studio_behavior_template:/opt/underlay_ws/install/rqt_controller_manager:/opt/underlay_ws/install/ros2controlcli:/opt/underlay_ws/install/moveit_configs_utils:/opt/ros/humble /usr/bin/cmake --install /opt/moveit_studio/user_ws/build/apriltag_ros_msgs
[1.046s] -- Install configuration: "Release"
[1.047s] -- Up-to-date: /opt/moveit_studio/user_ws/install/apriltag_ros_msgs/share/ament_index/resource_index/rosidl_interfaces/apriltag_ros_msgs
[1.047s] -- Up-to-date: /opt/moveit_studio/user_ws/install/apriltag_ros_msgs/include/apriltag_ros_msgs/apriltag_ros_msgs
[1.047s] -- Up-to-date: /opt/moveit_studio/user_ws/install/apriltag_ros_msgs/include/apriltag_ros_msgs/apriltag_ros_msgs/srv
[1.047s] -- Up-to-date: /opt/moveit_studio/user_ws/install/apriltag_ros_msgs/include/apriltag_ros_msgs/apriltag_ros_msgs/srv/detail
[1.048s] -- Up-to-date: /opt/moveit_studio/user_ws/install/apriltag_ros_msgs/include/apriltag_ros_msgs/apriltag_ros_msgs/srv/detail/get_april_tag_detections__struct.h
[1.048s] -- Up-to-date: /opt/moveit_studio/user_ws/install/apriltag_ros_msgs/include/apriltag_ros_msgs/apriltag_ros_msgs/srv/detail/get_april_tag_detections__functions.h
[1.048s] -- Up-to-date: /opt/moveit_studio/user_ws/install/apriltag_ros_msgs/include/apriltag_ros_msgs/apriltag_ros_msgs/srv/detail/get_april_tag_detections__functions.c
[1.048s] -- Up-to-date: /opt/moveit_studio/user_ws/install/apriltag_ros_msgs/include/apriltag_ros_msgs/apriltag_ros_msgs/srv/detail/get_april_tag_detections__type_support.h
[1.048s] -- Up-to-date: /opt/moveit_studio/user_ws/install/apriltag_ros_msgs/include/apriltag_ros_msgs/apriltag_ros_msgs/srv/get_april_tag_detections.h
[1.048s] -- Up-to-date: /opt/moveit_studio/user_ws/install/apriltag_ros_msgs/include/apriltag_ros_msgs/apriltag_ros_msgs/msg
[1.048s] -- Up-to-date: /opt/moveit_studio/user_ws/install/apriltag_ros_msgs/include/apriltag_ros_msgs/apriltag_ros_msgs/msg/detection.h
[1.048s] -- Up-to-date: /opt/moveit_studio/user_ws/install/apriltag_ros_msgs/include/apriltag_ros_msgs/apriltag_ros_msgs/msg/detail
[1.048s] -- Up-to-date: /opt/moveit_studio/user_ws/install/apriltag_ros_msgs/include/apriltag_ros_msgs/apriltag_ros_msgs/msg/detail/detection__type_support.h
[1.049s] -- Up-to-date: /opt/moveit_studio/user_ws/install/apriltag_ros_msgs/include/apriltag_ros_msgs/apriltag_ros_msgs/msg/detail/detection__struct.h
[1.049s] -- Up-to-date: /opt/moveit_studio/user_ws/install/apriltag_ros_msgs/include/apriltag_ros_msgs/apriltag_ros_msgs/msg/detail/detection__functions.c
[1.049s] -- Up-to-date: /opt/moveit_studio/user_ws/install/apriltag_ros_msgs/include/apriltag_ros_msgs/apriltag_ros_msgs/msg/detail/detection__functions.h
[1.049s] -- Up-to-date: /opt/moveit_studio/user_ws/install/apriltag_ros_msgs/include/apriltag_ros_msgs/apriltag_ros_msgs/msg/rosidl_generator_c__visibility_control.h
[1.049s] -- Up-to-date: /opt/moveit_studio/user_ws/install/apriltag_ros_msgs/share/apriltag_ros_msgs/environment/library_path.sh
[1.049s] -- Up-to-date: /opt/moveit_studio/user_ws/install/apriltag_ros_msgs/share/apriltag_ros_msgs/environment/library_path.dsv
[1.049s] -- Up-to-date: /opt/moveit_studio/user_ws/install/apriltag_ros_msgs/lib/libapriltag_ros_msgs__rosidl_generator_c.so
[1.049s] -- Up-to-date: /opt/moveit_studio/user_ws/install/apriltag_ros_msgs/include/apriltag_ros_msgs/apriltag_ros_msgs
[1.049s] -- Up-to-date: /opt/moveit_studio/user_ws/install/apriltag_ros_msgs/include/apriltag_ros_msgs/apriltag_ros_msgs/srv
[1.049s] -- Up-to-date: /opt/moveit_studio/user_ws/install/apriltag_ros_msgs/include/apriltag_ros_msgs/apriltag_ros_msgs/srv/detail
[1.049s] -- Up-to-date: /opt/moveit_studio/user_ws/install/apriltag_ros_msgs/include/apriltag_ros_msgs/apriltag_ros_msgs/srv/detail/get_april_tag_detections__rosidl_typesupport_fastrtps_c.h
[1.050s] -- Up-to-date: /opt/moveit_studio/user_ws/install/apriltag_ros_msgs/include/apriltag_ros_msgs/apriltag_ros_msgs/msg
[1.050s] -- Up-to-date: /opt/moveit_studio/user_ws/install/apriltag_ros_msgs/include/apriltag_ros_msgs/apriltag_ros_msgs/msg/detail
[1.050s] -- Up-to-date: /opt/moveit_studio/user_ws/install/apriltag_ros_msgs/include/apriltag_ros_msgs/apriltag_ros_msgs/msg/detail/detection__rosidl_typesupport_fastrtps_c.h
[1.050s] -- Up-to-date: /opt/moveit_studio/user_ws/install/apriltag_ros_msgs/include/apriltag_ros_msgs/apriltag_ros_msgs/msg/rosidl_typesupport_fastrtps_c__visibility_control.h
[1.050s] -- Up-to-date: /opt/moveit_studio/user_ws/install/apriltag_ros_msgs/lib/libapriltag_ros_msgs__rosidl_typesupport_fastrtps_c.so
[1.050s] -- Up-to-date: /opt/moveit_studio/user_ws/install/apriltag_ros_msgs/include/apriltag_ros_msgs/apriltag_ros_msgs
[1.050s] -- Up-to-date: /opt/moveit_studio/user_ws/install/apriltag_ros_msgs/include/apriltag_ros_msgs/apriltag_ros_msgs/srv
[1.050s] -- Up-to-date: /opt/moveit_studio/user_ws/install/apriltag_ros_msgs/include/apriltag_ros_msgs/apriltag_ros_msgs/srv/get_april_tag_detections.hpp
[1.050s] -- Up-to-date: /opt/moveit_studio/user_ws/install/apriltag_ros_msgs/include/apriltag_ros_msgs/apriltag_ros_msgs/srv/detail
[1.050s] -- Up-to-date: /opt/moveit_studio/user_ws/install/apriltag_ros_msgs/include/apriltag_ros_msgs/apriltag_ros_msgs/srv/detail/get_april_tag_detections__struct.hpp
[1.050s] -- Up-to-date: /opt/moveit_studio/user_ws/install/apriltag_ros_msgs/include/apriltag_ros_msgs/apriltag_ros_msgs/srv/detail/get_april_tag_detections__traits.hpp
[1.050s] -- Up-to-date: /opt/moveit_studio/user_ws/install/apriltag_ros_msgs/include/apriltag_ros_msgs/apriltag_ros_msgs/srv/detail/get_april_tag_detections__builder.hpp
[1.050s] -- Up-to-date: /opt/moveit_studio/user_ws/install/apriltag_ros_msgs/include/apriltag_ros_msgs/apriltag_ros_msgs/msg
[1.050s] -- Up-to-date: /opt/moveit_studio/user_ws/install/apriltag_ros_msgs/include/apriltag_ros_msgs/apriltag_ros_msgs/msg/detection.hpp
[1.050s] -- Up-to-date: /opt/moveit_studio/user_ws/install/apriltag_ros_msgs/include/apriltag_ros_msgs/apriltag_ros_msgs/msg/detail
[1.051s] -- Up-to-date: /opt/moveit_studio/user_ws/install/apriltag_ros_msgs/include/apriltag_ros_msgs/apriltag_ros_msgs/msg/detail/detection__builder.hpp
[1.051s] -- Up-to-date: /opt/moveit_studio/user_ws/install/apriltag_ros_msgs/include/apriltag_ros_msgs/apriltag_ros_msgs/msg/detail/detection__struct.hpp
[1.051s] -- Up-to-date: /opt/moveit_studio/user_ws/install/apriltag_ros_msgs/include/apriltag_ros_msgs/apriltag_ros_msgs/msg/detail/detection__traits.hpp
[1.051s] -- Up-to-date: /opt/moveit_studio/user_ws/install/apriltag_ros_msgs/include/apriltag_ros_msgs/apriltag_ros_msgs
[1.051s] -- Up-to-date: /opt/moveit_studio/user_ws/install/apriltag_ros_msgs/include/apriltag_ros_msgs/apriltag_ros_msgs/srv
[1.051s] -- Up-to-date: /opt/moveit_studio/user_ws/install/apriltag_ros_msgs/include/apriltag_ros_msgs/apriltag_ros_msgs/srv/detail
[1.051s] -- Up-to-date: /opt/moveit_studio/user_ws/install/apriltag_ros_msgs/include/apriltag_ros_msgs/apriltag_ros_msgs/srv/detail/dds_fastrtps
[1.051s] -- Up-to-date: /opt/moveit_studio/user_ws/install/apriltag_ros_msgs/include/apriltag_ros_msgs/apriltag_ros_msgs/srv/detail/get_april_tag_detections__rosidl_typesupport_fastrtps_cpp.hpp
[1.051s] -- Up-to-date: /opt/moveit_studio/user_ws/install/apriltag_ros_msgs/include/apriltag_ros_msgs/apriltag_ros_msgs/msg
[1.051s] -- Up-to-date: /opt/moveit_studio/user_ws/install/apriltag_ros_msgs/include/apriltag_ros_msgs/apriltag_ros_msgs/msg/rosidl_typesupport_fastrtps_cpp__visibility_control.h
[1.051s] -- Up-to-date: /opt/moveit_studio/user_ws/install/apriltag_ros_msgs/include/apriltag_ros_msgs/apriltag_ros_msgs/msg/detail
[1.051s] -- Up-to-date: /opt/moveit_studio/user_ws/install/apriltag_ros_msgs/include/apriltag_ros_msgs/apriltag_ros_msgs/msg/detail/dds_fastrtps
[1.051s] -- Up-to-date: /opt/moveit_studio/user_ws/install/apriltag_ros_msgs/include/apriltag_ros_msgs/apriltag_ros_msgs/msg/detail/detection__rosidl_typesupport_fastrtps_cpp.hpp
[1.051s] -- Up-to-date: /opt/moveit_studio/user_ws/install/apriltag_ros_msgs/lib/libapriltag_ros_msgs__rosidl_typesupport_fastrtps_cpp.so
[1.051s] -- Up-to-date: /opt/moveit_studio/user_ws/install/apriltag_ros_msgs/include/apriltag_ros_msgs/apriltag_ros_msgs
[1.051s] -- Up-to-date: /opt/moveit_studio/user_ws/install/apriltag_ros_msgs/include/apriltag_ros_msgs/apriltag_ros_msgs/srv
[1.051s] -- Up-to-date: /opt/moveit_studio/user_ws/install/apriltag_ros_msgs/include/apriltag_ros_msgs/apriltag_ros_msgs/srv/detail
[1.051s] -- Up-to-date: /opt/moveit_studio/user_ws/install/apriltag_ros_msgs/include/apriltag_ros_msgs/apriltag_ros_msgs/srv/detail/get_april_tag_detections__type_support.c
[1.051s] -- Up-to-date: /opt/moveit_studio/user_ws/install/apriltag_ros_msgs/include/apriltag_ros_msgs/apriltag_ros_msgs/srv/detail/get_april_tag_detections__rosidl_typesupport_introspection_c.h
[1.051s] -- Up-to-date: /opt/moveit_studio/user_ws/install/apriltag_ros_msgs/include/apriltag_ros_msgs/apriltag_ros_msgs/msg
[1.052s] -- Up-to-date: /opt/moveit_studio/user_ws/install/apriltag_ros_msgs/include/apriltag_ros_msgs/apriltag_ros_msgs/msg/rosidl_typesupport_introspection_c__visibility_control.h
[1.052s] -- Up-to-date: /opt/moveit_studio/user_ws/install/apriltag_ros_msgs/include/apriltag_ros_msgs/apriltag_ros_msgs/msg/detail
[1.052s] -- Up-to-date: /opt/moveit_studio/user_ws/install/apriltag_ros_msgs/include/apriltag_ros_msgs/apriltag_ros_msgs/msg/detail/detection__rosidl_typesupport_introspection_c.h
[1.052s] -- Up-to-date: /opt/moveit_studio/user_ws/install/apriltag_ros_msgs/include/apriltag_ros_msgs/apriltag_ros_msgs/msg/detail/detection__type_support.c
[1.052s] -- Up-to-date: /opt/moveit_studio/user_ws/install/apriltag_ros_msgs/lib/libapriltag_ros_msgs__rosidl_typesupport_introspection_c.so
[1.052s] -- Up-to-date: /opt/moveit_studio/user_ws/install/apriltag_ros_msgs/lib/libapriltag_ros_msgs__rosidl_typesupport_c.so
[1.052s] -- Up-to-date: /opt/moveit_studio/user_ws/install/apriltag_ros_msgs/include/apriltag_ros_msgs/apriltag_ros_msgs
[1.052s] -- Up-to-date: /opt/moveit_studio/user_ws/install/apriltag_ros_msgs/include/apriltag_ros_msgs/apriltag_ros_msgs/srv
[1.052s] -- Up-to-date: /opt/moveit_studio/user_ws/install/apriltag_ros_msgs/include/apriltag_ros_msgs/apriltag_ros_msgs/srv/detail
[1.052s] -- Up-to-date: /opt/moveit_studio/user_ws/install/apriltag_ros_msgs/include/apriltag_ros_msgs/apriltag_ros_msgs/srv/detail/get_april_tag_detections__type_support.cpp
[1.052s] -- Up-to-date: /opt/moveit_studio/user_ws/install/apriltag_ros_msgs/include/apriltag_ros_msgs/apriltag_ros_msgs/srv/detail/get_april_tag_detections__rosidl_typesupport_introspection_cpp.hpp
[1.052s] -- Up-to-date: /opt/moveit_studio/user_ws/install/apriltag_ros_msgs/include/apriltag_ros_msgs/apriltag_ros_msgs/msg
[1.052s] -- Up-to-date: /opt/moveit_studio/user_ws/install/apriltag_ros_msgs/include/apriltag_ros_msgs/apriltag_ros_msgs/msg/detail
[1.052s] -- Up-to-date: /opt/moveit_studio/user_ws/install/apriltag_ros_msgs/include/apriltag_ros_msgs/apriltag_ros_msgs/msg/detail/detection__type_support.cpp
[1.052s] -- Up-to-date: /opt/moveit_studio/user_ws/install/apriltag_ros_msgs/include/apriltag_ros_msgs/apriltag_ros_msgs/msg/detail/detection__rosidl_typesupport_introspection_cpp.hpp
[1.052s] -- Up-to-date: /opt/moveit_studio/user_ws/install/apriltag_ros_msgs/lib/libapriltag_ros_msgs__rosidl_typesupport_introspection_cpp.so
[1.052s] -- Up-to-date: /opt/moveit_studio/user_ws/install/apriltag_ros_msgs/lib/libapriltag_ros_msgs__rosidl_typesupport_cpp.so
[1.052s] -- Up-to-date: /opt/moveit_studio/user_ws/install/apriltag_ros_msgs/share/apriltag_ros_msgs/environment/pythonpath.sh
[1.052s] -- Up-to-date: /opt/moveit_studio/user_ws/install/apriltag_ros_msgs/share/apriltag_ros_msgs/environment/pythonpath.dsv
[1.052s] -- Up-to-date: /opt/moveit_studio/user_ws/install/apriltag_ros_msgs/local/lib/python3.10/dist-packages/apriltag_ros_msgs-1.0.0-py3.10.egg-info
[1.052s] -- Installing: /opt/moveit_studio/user_ws/install/apriltag_ros_msgs/local/lib/python3.10/dist-packages/apriltag_ros_msgs-1.0.0-py3.10.egg-info/top_level.txt
[1.052s] -- Installing: /opt/moveit_studio/user_ws/install/apriltag_ros_msgs/local/lib/python3.10/dist-packages/apriltag_ros_msgs-1.0.0-py3.10.egg-info/SOURCES.txt
[1.052s] -- Installing: /opt/moveit_studio/user_ws/install/apriltag_ros_msgs/local/lib/python3.10/dist-packages/apriltag_ros_msgs-1.0.0-py3.10.egg-info/PKG-INFO
[1.052s] -- Installing: /opt/moveit_studio/user_ws/install/apriltag_ros_msgs/local/lib/python3.10/dist-packages/apriltag_ros_msgs-1.0.0-py3.10.egg-info/dependency_links.txt
[1.052s] -- Up-to-date: /opt/moveit_studio/user_ws/install/apriltag_ros_msgs/local/lib/python3.10/dist-packages/apriltag_ros_msgs
[1.052s] -- Up-to-date: /opt/moveit_studio/user_ws/install/apriltag_ros_msgs/local/lib/python3.10/dist-packages/apriltag_ros_msgs/apriltag_ros_msgs_s__rosidl_typesupport_c.cpython-310-x86_64-linux-gnu.so
[1.052s] -- Up-to-date: /opt/moveit_studio/user_ws/install/apriltag_ros_msgs/local/lib/python3.10/dist-packages/apriltag_ros_msgs/__init__.py
[1.052s] -- Up-to-date: /opt/moveit_studio/user_ws/install/apriltag_ros_msgs/local/lib/python3.10/dist-packages/apriltag_ros_msgs/apriltag_ros_msgs_s__rosidl_typesupport_introspection_c.cpython-310-x86_64-linux-gnu.so
[1.052s] -- Up-to-date: /opt/moveit_studio/user_ws/install/apriltag_ros_msgs/local/lib/python3.10/dist-packages/apriltag_ros_msgs/srv
[1.053s] -- Up-to-date: /opt/moveit_studio/user_ws/install/apriltag_ros_msgs/local/lib/python3.10/dist-packages/apriltag_ros_msgs/srv/__init__.py
[1.053s] -- Up-to-date: /opt/moveit_studio/user_ws/install/apriltag_ros_msgs/local/lib/python3.10/dist-packages/apriltag_ros_msgs/srv/_get_april_tag_detections.py
[1.053s] -- Up-to-date: /opt/moveit_studio/user_ws/install/apriltag_ros_msgs/local/lib/python3.10/dist-packages/apriltag_ros_msgs/srv/_get_april_tag_detections_s.c
[1.053s] -- Up-to-date: /opt/moveit_studio/user_ws/install/apriltag_ros_msgs/local/lib/python3.10/dist-packages/apriltag_ros_msgs/msg
[1.053s] -- Up-to-date: /opt/moveit_studio/user_ws/install/apriltag_ros_msgs/local/lib/python3.10/dist-packages/apriltag_ros_msgs/msg/_detection.py
[1.053s] -- Up-to-date: /opt/moveit_studio/user_ws/install/apriltag_ros_msgs/local/lib/python3.10/dist-packages/apriltag_ros_msgs/msg/__init__.py
[1.053s] -- Up-to-date: /opt/moveit_studio/user_ws/install/apriltag_ros_msgs/local/lib/python3.10/dist-packages/apriltag_ros_msgs/msg/_detection_s.c
[1.053s] -- Up-to-date: /opt/moveit_studio/user_ws/install/apriltag_ros_msgs/local/lib/python3.10/dist-packages/apriltag_ros_msgs/_apriltag_ros_msgs_s.ep.rosidl_typesupport_c.c
[1.053s] -- Up-to-date: /opt/moveit_studio/user_ws/install/apriltag_ros_msgs/local/lib/python3.10/dist-packages/apriltag_ros_msgs/_apriltag_ros_msgs_s.ep.rosidl_typesupport_fastrtps_c.c
[1.053s] -- Up-to-date: /opt/moveit_studio/user_ws/install/apriltag_ros_msgs/local/lib/python3.10/dist-packages/apriltag_ros_msgs/libapriltag_ros_msgs__rosidl_generator_py.so
[1.053s] -- Up-to-date: /opt/moveit_studio/user_ws/install/apriltag_ros_msgs/local/lib/python3.10/dist-packages/apriltag_ros_msgs/apriltag_ros_msgs_s__rosidl_typesupport_fastrtps_c.cpython-310-x86_64-linux-gnu.so
[1.053s] -- Up-to-date: /opt/moveit_studio/user_ws/install/apriltag_ros_msgs/local/lib/python3.10/dist-packages/apriltag_ros_msgs/_apriltag_ros_msgs_s.ep.rosidl_typesupport_introspection_c.c
[1.098s] Listing '/opt/moveit_studio/user_ws/install/apriltag_ros_msgs/local/lib/python3.10/dist-packages/apriltag_ros_msgs'...
[1.098s] Listing '/opt/moveit_studio/user_ws/install/apriltag_ros_msgs/local/lib/python3.10/dist-packages/apriltag_ros_msgs/msg'...
[1.098s] Listing '/opt/moveit_studio/user_ws/install/apriltag_ros_msgs/local/lib/python3.10/dist-packages/apriltag_ros_msgs/srv'...
[1.101s] -- Up-to-date: /opt/moveit_studio/user_ws/install/apriltag_ros_msgs/local/lib/python3.10/dist-packages/apriltag_ros_msgs/apriltag_ros_msgs_s__rosidl_typesupport_fastrtps_c.cpython-310-x86_64-linux-gnu.so
[1.101s] -- Up-to-date: /opt/moveit_studio/user_ws/install/apriltag_ros_msgs/local/lib/python3.10/dist-packages/apriltag_ros_msgs/apriltag_ros_msgs_s__rosidl_typesupport_introspection_c.cpython-310-x86_64-linux-gnu.so
[1.101s] -- Up-to-date: /opt/moveit_studio/user_ws/install/apriltag_ros_msgs/local/lib/python3.10/dist-packages/apriltag_ros_msgs/apriltag_ros_msgs_s__rosidl_typesupport_c.cpython-310-x86_64-linux-gnu.so
[1.102s] -- Up-to-date: /opt/moveit_studio/user_ws/install/apriltag_ros_msgs/lib/libapriltag_ros_msgs__rosidl_generator_py.so
[1.102s] -- Up-to-date: /opt/moveit_studio/user_ws/install/apriltag_ros_msgs/share/apriltag_ros_msgs/msg/Detection.idl
[1.102s] -- Up-to-date: /opt/moveit_studio/user_ws/install/apriltag_ros_msgs/share/apriltag_ros_msgs/srv/GetAprilTagDetections.idl
[1.102s] -- Up-to-date: /opt/moveit_studio/user_ws/install/apriltag_ros_msgs/share/apriltag_ros_msgs/msg/Detection.msg
[1.102s] -- Up-to-date: /opt/moveit_studio/user_ws/install/apriltag_ros_msgs/share/apriltag_ros_msgs/srv/GetAprilTagDetections.srv
[1.103s] -- Up-to-date: /opt/moveit_studio/user_ws/install/apriltag_ros_msgs/share/apriltag_ros_msgs/srv/GetAprilTagDetections_Request.msg
[1.103s] -- Up-to-date: /opt/moveit_studio/user_ws/install/apriltag_ros_msgs/share/apriltag_ros_msgs/srv/GetAprilTagDetections_Response.msg
[1.103s] -- Up-to-date: /opt/moveit_studio/user_ws/install/apriltag_ros_msgs/share/ament_index/resource_index/package_run_dependencies/apriltag_ros_msgs
[1.103s] -- Up-to-date: /opt/moveit_studio/user_ws/install/apriltag_ros_msgs/share/ament_index/resource_index/parent_prefix_path/apriltag_ros_msgs
[1.103s] -- Up-to-date: /opt/moveit_studio/user_ws/install/apriltag_ros_msgs/share/apriltag_ros_msgs/environment/ament_prefix_path.sh
[1.103s] -- Up-to-date: /opt/moveit_studio/user_ws/install/apriltag_ros_msgs/share/apriltag_ros_msgs/environment/ament_prefix_path.dsv
[1.104s] -- Up-to-date: /opt/moveit_studio/user_ws/install/apriltag_ros_msgs/share/apriltag_ros_msgs/environment/path.sh
[1.104s] -- Up-to-date: /opt/moveit_studio/user_ws/install/apriltag_ros_msgs/share/apriltag_ros_msgs/environment/path.dsv
[1.104s] -- Up-to-date: /opt/moveit_studio/user_ws/install/apriltag_ros_msgs/share/apriltag_ros_msgs/local_setup.bash
[1.104s] -- Up-to-date: /opt/moveit_studio/user_ws/install/apriltag_ros_msgs/share/apriltag_ros_msgs/local_setup.sh
[1.104s] -- Up-to-date: /opt/moveit_studio/user_ws/install/apriltag_ros_msgs/share/apriltag_ros_msgs/local_setup.zsh
[1.104s] -- Up-to-date: /opt/moveit_studio/user_ws/install/apriltag_ros_msgs/share/apriltag_ros_msgs/local_setup.dsv
[1.104s] -- Installing: /opt/moveit_studio/user_ws/install/apriltag_ros_msgs/share/apriltag_ros_msgs/package.dsv
[1.104s] -- Up-to-date: /opt/moveit_studio/user_ws/install/apriltag_ros_msgs/share/ament_index/resource_index/packages/apriltag_ros_msgs
[1.104s] -- Up-to-date: /opt/moveit_studio/user_ws/install/apriltag_ros_msgs/share/apriltag_ros_msgs/cmake/export_apriltag_ros_msgs__rosidl_generator_cExport.cmake
[1.104s] -- Up-to-date: /opt/moveit_studio/user_ws/install/apriltag_ros_msgs/share/apriltag_ros_msgs/cmake/export_apriltag_ros_msgs__rosidl_generator_cExport-release.cmake
[1.104s] -- Up-to-date: /opt/moveit_studio/user_ws/install/apriltag_ros_msgs/share/apriltag_ros_msgs/cmake/export_apriltag_ros_msgs__rosidl_typesupport_fastrtps_cExport.cmake
[1.104s] -- Up-to-date: /opt/moveit_studio/user_ws/install/apriltag_ros_msgs/share/apriltag_ros_msgs/cmake/export_apriltag_ros_msgs__rosidl_typesupport_fastrtps_cExport-release.cmake
[1.104s] -- Up-to-date: /opt/moveit_studio/user_ws/install/apriltag_ros_msgs/share/apriltag_ros_msgs/cmake/export_apriltag_ros_msgs__rosidl_generator_cppExport.cmake
[1.104s] -- Up-to-date: /opt/moveit_studio/user_ws/install/apriltag_ros_msgs/share/apriltag_ros_msgs/cmake/export_apriltag_ros_msgs__rosidl_typesupport_fastrtps_cppExport.cmake
[1.104s] -- Up-to-date: /opt/moveit_studio/user_ws/install/apriltag_ros_msgs/share/apriltag_ros_msgs/cmake/export_apriltag_ros_msgs__rosidl_typesupport_fastrtps_cppExport-release.cmake
[1.104s] -- Up-to-date: /opt/moveit_studio/user_ws/install/apriltag_ros_msgs/share/apriltag_ros_msgs/cmake/apriltag_ros_msgs__rosidl_typesupport_introspection_cExport.cmake
[1.104s] -- Up-to-date: /opt/moveit_studio/user_ws/install/apriltag_ros_msgs/share/apriltag_ros_msgs/cmake/apriltag_ros_msgs__rosidl_typesupport_introspection_cExport-release.cmake
[1.104s] -- Up-to-date: /opt/moveit_studio/user_ws/install/apriltag_ros_msgs/share/apriltag_ros_msgs/cmake/apriltag_ros_msgs__rosidl_typesupport_cExport.cmake
[1.104s] -- Up-to-date: /opt/moveit_studio/user_ws/install/apriltag_ros_msgs/share/apriltag_ros_msgs/cmake/apriltag_ros_msgs__rosidl_typesupport_cExport-release.cmake
[1.104s] -- Up-to-date: /opt/moveit_studio/user_ws/install/apriltag_ros_msgs/share/apriltag_ros_msgs/cmake/apriltag_ros_msgs__rosidl_typesupport_introspection_cppExport.cmake
[1.104s] -- Up-to-date: /opt/moveit_studio/user_ws/install/apriltag_ros_msgs/share/apriltag_ros_msgs/cmake/apriltag_ros_msgs__rosidl_typesupport_introspection_cppExport-release.cmake
[1.106s] -- Up-to-date: /opt/moveit_studio/user_ws/install/apriltag_ros_msgs/share/apriltag_ros_msgs/cmake/apriltag_ros_msgs__rosidl_typesupport_cppExport.cmake
[1.107s] -- Up-to-date: /opt/moveit_studio/user_ws/install/apriltag_ros_msgs/share/apriltag_ros_msgs/cmake/apriltag_ros_msgs__rosidl_typesupport_cppExport-release.cmake
[1.107s] -- Up-to-date: /opt/moveit_studio/user_ws/install/apriltag_ros_msgs/share/apriltag_ros_msgs/cmake/export_apriltag_ros_msgs__rosidl_generator_pyExport.cmake
[1.107s] -- Up-to-date: /opt/moveit_studio/user_ws/install/apriltag_ros_msgs/share/apriltag_ros_msgs/cmake/export_apriltag_ros_msgs__rosidl_generator_pyExport-release.cmake
[1.107s] -- Up-to-date: /opt/moveit_studio/user_ws/install/apriltag_ros_msgs/share/apriltag_ros_msgs/cmake/rosidl_cmake-extras.cmake
[1.107s] -- Up-to-date: /opt/moveit_studio/user_ws/install/apriltag_ros_msgs/share/apriltag_ros_msgs/cmake/ament_cmake_export_dependencies-extras.cmake
[1.107s] -- Up-to-date: /opt/moveit_studio/user_ws/install/apriltag_ros_msgs/share/apriltag_ros_msgs/cmake/ament_cmake_export_include_directories-extras.cmake
[1.107s] -- Up-to-date: /opt/moveit_studio/user_ws/install/apriltag_ros_msgs/share/apriltag_ros_msgs/cmake/ament_cmake_export_libraries-extras.cmake
[1.107s] -- Up-to-date: /opt/moveit_studio/user_ws/install/apriltag_ros_msgs/share/apriltag_ros_msgs/cmake/ament_cmake_export_targets-extras.cmake
[1.107s] -- Up-to-date: /opt/moveit_studio/user_ws/install/apriltag_ros_msgs/share/apriltag_ros_msgs/cmake/rosidl_cmake_export_typesupport_targets-extras.cmake
[1.107s] -- Up-to-date: /opt/moveit_studio/user_ws/install/apriltag_ros_msgs/share/apriltag_ros_msgs/cmake/rosidl_cmake_export_typesupport_libraries-extras.cmake
[1.107s] -- Up-to-date: /opt/moveit_studio/user_ws/install/apriltag_ros_msgs/share/apriltag_ros_msgs/cmake/apriltag_ros_msgsConfig.cmake
[1.108s] -- Up-to-date: /opt/moveit_studio/user_ws/install/apriltag_ros_msgs/share/apriltag_ros_msgs/cmake/apriltag_ros_msgsConfig-version.cmake
[1.108s] -- Up-to-date: /opt/moveit_studio/user_ws/install/apriltag_ros_msgs/share/apriltag_ros_msgs/package.xml
[1.108s] Invoked command in '/opt/moveit_studio/user_ws/build/apriltag_ros_msgs' returned '0': CMAKE_PREFIX_PATH=${CMAKE_PREFIX_PATH}:/opt/moveit_studio/user_ws/install/apriltag_ros_python:/opt/overlay_ws/install/moveit_studio_rest_api:/opt/overlay_ws/install/moveit_studio_bridge:/opt/overlay_ws/install/moveit_studio_utils_py:/opt/overlay_ws/install/moveit_studio_site_config_template:/opt/overlay_ws/install/moveit_studio_behavior_template:/opt/underlay_ws/install/rqt_controller_manager:/opt/underlay_ws/install/ros2controlcli:/opt/underlay_ws/install/moveit_configs_utils:/opt/ros/humble /usr/bin/cmake --install /opt/moveit_studio/user_ws/build/apriltag_ros_msgs
