Not searching for unused variables given on the command line.
-- The C compiler identification is GNU 11.3.0
-- The CXX compiler identification is GNU 11.3.0
-- Detecting C compiler ABI info
-- Detecting C compiler ABI info - done
-- Check for working C compiler: /usr/bin/cc - skipped
-- Detecting C compile features
-- Detecting C compile features - done
-- Detecting CXX compiler ABI info
-- Detecting CXX compiler ABI info - done
-- Check for working CXX compiler: /usr/bin/c++ - skipped
-- Detecting CXX compile features
-- Detecting CXX compile features - done
-- Found ament_cmake: 1.3.4 (/opt/ros/humble/share/ament_cmake/cmake)
-- Found Python3: /usr/bin/python3.10 (found version "3.10.6") found components: Interpreter 
-- Found builtin_interfaces: 1.2.1 (/opt/ros/humble/share/builtin_interfaces/cmake)
-- Found rosidl_generator_c: 3.1.4 (/opt/ros/humble/share/rosidl_generator_c/cmake)
-- Found rosidl_adapter: 3.1.4 (/opt/ros/humble/share/rosidl_adapter/cmake)
-- Found rosidl_generator_cpp: 3.1.4 (/opt/ros/humble/share/rosidl_generator_cpp/cmake)
-- Using all available rosidl_typesupport_c: rosidl_typesupport_fastrtps_c;rosidl_typesupport_introspection_c
-- Using all available rosidl_typesupport_cpp: rosidl_typesupport_fastrtps_cpp;rosidl_typesupport_introspection_cpp
-- Found geometry_msgs: 4.2.3 (/opt/ros/humble/share/geometry_msgs/cmake)
-- Found rosidl_default_generators: 1.2.0 (/opt/ros/humble/share/rosidl_default_generators/cmake)
-- Found sensor_msgs: 4.2.3 (/opt/ros/humble/share/sensor_msgs/cmake)
-- Found ament_cmake_ros: 0.10.0 (/opt/ros/humble/share/ament_cmake_ros/cmake)
-- Using all available rosidl_typesupport_c: rosidl_typesupport_fastrtps_c;rosidl_typesupport_introspection_c
-- Using all available rosidl_typesupport_cpp: rosidl_typesupport_fastrtps_cpp;rosidl_typesupport_introspection_cpp
-- Found PythonInterp: /usr/bin/python3 (found suitable version "3.10.6", minimum required is "3.6") 
-- Found python_cmake_module: 0.10.0 (/opt/ros/humble/share/python_cmake_module/cmake)
-- Found PythonLibs: /usr/lib/x86_64-linux-gnu/libpython3.10.so (found suitable version "3.10.6", minimum required is "3.5") 
-- Using PYTHON_EXECUTABLE: /usr/bin/python3
-- Using PYTHON_INCLUDE_DIRS: /usr/include/python3.10
-- Using PYTHON_LIBRARIES: /usr/lib/x86_64-linux-gnu/libpython3.10.so
-- Found PythonExtra: .so  
-- Configuring done
-- Generating done
-- Build files have been written to: /opt/moveit_studio/user_ws/build/apriltag_ros_msgs
[  2%] Generating C code for ROS interfaces
[  5%] Generating C++ code for ROS interfaces
[  5%] Built target ament_cmake_python_copy_apriltag_ros_msgs
running egg_info
creating apriltag_ros_msgs.egg-info
writing apriltag_ros_msgs.egg-info/PKG-INFO
writing dependency_links to apriltag_ros_msgs.egg-info/dependency_links.txt
writing top-level names to apriltag_ros_msgs.egg-info/top_level.txt
writing manifest file 'apriltag_ros_msgs.egg-info/SOURCES.txt'
reading manifest file 'apriltag_ros_msgs.egg-info/SOURCES.txt'
writing manifest file 'apriltag_ros_msgs.egg-info/SOURCES.txt'
[  5%] Built target apriltag_ros_msgs__cpp
[  7%] Generating C++ type support dispatch for ROS interfaces
[ 10%] Generating C++ type support for eProsima Fast-RTPS
[ 10%] Built target ament_cmake_python_build_apriltag_ros_msgs_egg
[ 12%] Generating C++ introspection for ROS interfaces
[ 15%] Building C object CMakeFiles/apriltag_ros_msgs__rosidl_generator_c.dir/rosidl_generator_c/apriltag_ros_msgs/srv/detail/get_april_tag_detections__functions.c.o
[ 17%] Building C object CMakeFiles/apriltag_ros_msgs__rosidl_generator_c.dir/rosidl_generator_c/apriltag_ros_msgs/msg/detail/detection__functions.c.o
[ 20%] Linking C shared library libapriltag_ros_msgs__rosidl_generator_c.so
[ 23%] Building CXX object CMakeFiles/apriltag_ros_msgs__rosidl_typesupport_cpp.dir/rosidl_typesupport_cpp/apriltag_ros_msgs/msg/detection__type_support.cpp.o
[ 25%] Building CXX object CMakeFiles/apriltag_ros_msgs__rosidl_typesupport_cpp.dir/rosidl_typesupport_cpp/apriltag_ros_msgs/srv/get_april_tag_detections__type_support.cpp.o
[ 25%] Built target apriltag_ros_msgs__rosidl_generator_c
[ 28%] Generating C type support for eProsima Fast-RTPS
[ 30%] Generating C type support dispatch for ROS interfaces
[ 33%] Generating C introspection for ROS interfaces
[ 35%] Building CXX object CMakeFiles/apriltag_ros_msgs__rosidl_typesupport_introspection_cpp.dir/rosidl_typesupport_introspection_cpp/apriltag_ros_msgs/msg/detail/detection__type_support.cpp.o
[ 38%] Building CXX object CMakeFiles/apriltag_ros_msgs__rosidl_typesupport_introspection_cpp.dir/rosidl_typesupport_introspection_cpp/apriltag_ros_msgs/srv/detail/get_april_tag_detections__type_support.cpp.o
[ 41%] Building CXX object CMakeFiles/apriltag_ros_msgs__rosidl_typesupport_fastrtps_cpp.dir/rosidl_typesupport_fastrtps_cpp/apriltag_ros_msgs/msg/detail/dds_fastrtps/detection__type_support.cpp.o
[ 43%] Linking CXX shared library libapriltag_ros_msgs__rosidl_typesupport_cpp.so
[ 46%] Building CXX object CMakeFiles/apriltag_ros_msgs__rosidl_typesupport_fastrtps_cpp.dir/rosidl_typesupport_fastrtps_cpp/apriltag_ros_msgs/srv/detail/dds_fastrtps/get_april_tag_detections__type_support.cpp.o
[ 48%] Building C object CMakeFiles/apriltag_ros_msgs__rosidl_typesupport_introspection_c.dir/rosidl_typesupport_introspection_c/apriltag_ros_msgs/msg/detail/detection__type_support.c.o
[ 51%] Building CXX object CMakeFiles/apriltag_ros_msgs__rosidl_typesupport_fastrtps_c.dir/rosidl_typesupport_fastrtps_c/apriltag_ros_msgs/msg/detail/detection__type_support_c.cpp.o
[ 53%] Building CXX object CMakeFiles/apriltag_ros_msgs__rosidl_typesupport_c.dir/rosidl_typesupport_c/apriltag_ros_msgs/msg/detection__type_support.cpp.o
[ 53%] Built target apriltag_ros_msgs__rosidl_typesupport_cpp
[ 56%] Building CXX object CMakeFiles/apriltag_ros_msgs__rosidl_typesupport_c.dir/rosidl_typesupport_c/apriltag_ros_msgs/srv/get_april_tag_detections__type_support.cpp.o
[ 58%] Building CXX object CMakeFiles/apriltag_ros_msgs__rosidl_typesupport_fastrtps_c.dir/rosidl_typesupport_fastrtps_c/apriltag_ros_msgs/srv/detail/get_april_tag_detections__type_support_c.cpp.o
[ 61%] Building C object CMakeFiles/apriltag_ros_msgs__rosidl_typesupport_introspection_c.dir/rosidl_typesupport_introspection_c/apriltag_ros_msgs/srv/detail/get_april_tag_detections__type_support.c.o
[ 64%] Linking CXX shared library libapriltag_ros_msgs__rosidl_typesupport_c.so
[ 66%] Linking C shared library libapriltag_ros_msgs__rosidl_typesupport_introspection_c.so
[ 69%] Linking CXX shared library libapriltag_ros_msgs__rosidl_typesupport_introspection_cpp.so
[ 69%] Built target apriltag_ros_msgs__rosidl_typesupport_c
[ 69%] Built target apriltag_ros_msgs__rosidl_typesupport_introspection_c
[ 69%] Built target apriltag_ros_msgs__rosidl_typesupport_introspection_cpp
[ 71%] Linking CXX shared library libapriltag_ros_msgs__rosidl_typesupport_fastrtps_c.so
[ 74%] Linking CXX shared library libapriltag_ros_msgs__rosidl_typesupport_fastrtps_cpp.so
[ 74%] Built target apriltag_ros_msgs__rosidl_typesupport_fastrtps_c
[ 74%] Built target apriltag_ros_msgs__rosidl_typesupport_fastrtps_cpp
[ 74%] Built target apriltag_ros_msgs
[ 76%] Generating Python code for ROS interfaces
[ 76%] Built target apriltag_ros_msgs__py
[ 82%] Building C object CMakeFiles/apriltag_ros_msgs__rosidl_generator_py.dir/rosidl_generator_py/apriltag_ros_msgs/srv/_get_april_tag_detections_s.c.o
[ 82%] Building C object CMakeFiles/apriltag_ros_msgs__rosidl_generator_py.dir/rosidl_generator_py/apriltag_ros_msgs/msg/_detection_s.c.o
[ 84%] Linking C shared library rosidl_generator_py/apriltag_ros_msgs/libapriltag_ros_msgs__rosidl_generator_py.so
[ 84%] Built target apriltag_ros_msgs__rosidl_generator_py
[ 87%] Building C object CMakeFiles/apriltag_ros_msgs__rosidl_typesupport_c__pyext.dir/rosidl_generator_py/apriltag_ros_msgs/_apriltag_ros_msgs_s.ep.rosidl_typesupport_c.c.o
[ 89%] Building C object CMakeFiles/apriltag_ros_msgs__rosidl_typesupport_fastrtps_c__pyext.dir/rosidl_generator_py/apriltag_ros_msgs/_apriltag_ros_msgs_s.ep.rosidl_typesupport_fastrtps_c.c.o
[ 92%] Building C object CMakeFiles/apriltag_ros_msgs__rosidl_typesupport_introspection_c__pyext.dir/rosidl_generator_py/apriltag_ros_msgs/_apriltag_ros_msgs_s.ep.rosidl_typesupport_introspection_c.c.o
[ 94%] Linking C shared library rosidl_generator_py/apriltag_ros_msgs/apriltag_ros_msgs_s__rosidl_typesupport_fastrtps_c.cpython-310-x86_64-linux-gnu.so
[ 97%] Linking C shared library rosidl_generator_py/apriltag_ros_msgs/apriltag_ros_msgs_s__rosidl_typesupport_c.cpython-310-x86_64-linux-gnu.so
[ 97%] Built target apriltag_ros_msgs__rosidl_typesupport_fastrtps_c__pyext
[ 97%] Built target apriltag_ros_msgs__rosidl_typesupport_c__pyext
[100%] Linking C shared library rosidl_generator_py/apriltag_ros_msgs/apriltag_ros_msgs_s__rosidl_typesupport_introspection_c.cpython-310-x86_64-linux-gnu.so
[100%] Built target apriltag_ros_msgs__rosidl_typesupport_introspection_c__pyext
-- Install configuration: "Release"
-- Installing: /opt/moveit_studio/user_ws/install/apriltag_ros_msgs/share/ament_index/resource_index/rosidl_interfaces/apriltag_ros_msgs
-- Installing: /opt/moveit_studio/user_ws/install/apriltag_ros_msgs/include/apriltag_ros_msgs/apriltag_ros_msgs
-- Installing: /opt/moveit_studio/user_ws/install/apriltag_ros_msgs/include/apriltag_ros_msgs/apriltag_ros_msgs/srv
-- Installing: /opt/moveit_studio/user_ws/install/apriltag_ros_msgs/include/apriltag_ros_msgs/apriltag_ros_msgs/srv/detail
-- Installing: /opt/moveit_studio/user_ws/install/apriltag_ros_msgs/include/apriltag_ros_msgs/apriltag_ros_msgs/srv/detail/get_april_tag_detections__struct.h
-- Installing: /opt/moveit_studio/user_ws/install/apriltag_ros_msgs/include/apriltag_ros_msgs/apriltag_ros_msgs/srv/detail/get_april_tag_detections__functions.h
-- Installing: /opt/moveit_studio/user_ws/install/apriltag_ros_msgs/include/apriltag_ros_msgs/apriltag_ros_msgs/srv/detail/get_april_tag_detections__functions.c
-- Installing: /opt/moveit_studio/user_ws/install/apriltag_ros_msgs/include/apriltag_ros_msgs/apriltag_ros_msgs/srv/detail/get_april_tag_detections__type_support.h
-- Installing: /opt/moveit_studio/user_ws/install/apriltag_ros_msgs/include/apriltag_ros_msgs/apriltag_ros_msgs/srv/get_april_tag_detections.h
-- Installing: /opt/moveit_studio/user_ws/install/apriltag_ros_msgs/include/apriltag_ros_msgs/apriltag_ros_msgs/msg
-- Installing: /opt/moveit_studio/user_ws/install/apriltag_ros_msgs/include/apriltag_ros_msgs/apriltag_ros_msgs/msg/detection.h
-- Installing: /opt/moveit_studio/user_ws/install/apriltag_ros_msgs/include/apriltag_ros_msgs/apriltag_ros_msgs/msg/detail
-- Installing: /opt/moveit_studio/user_ws/install/apriltag_ros_msgs/include/apriltag_ros_msgs/apriltag_ros_msgs/msg/detail/detection__type_support.h
-- Installing: /opt/moveit_studio/user_ws/install/apriltag_ros_msgs/include/apriltag_ros_msgs/apriltag_ros_msgs/msg/detail/detection__struct.h
-- Installing: /opt/moveit_studio/user_ws/install/apriltag_ros_msgs/include/apriltag_ros_msgs/apriltag_ros_msgs/msg/detail/detection__functions.c
-- Installing: /opt/moveit_studio/user_ws/install/apriltag_ros_msgs/include/apriltag_ros_msgs/apriltag_ros_msgs/msg/detail/detection__functions.h
-- Installing: /opt/moveit_studio/user_ws/install/apriltag_ros_msgs/include/apriltag_ros_msgs/apriltag_ros_msgs/msg/rosidl_generator_c__visibility_control.h
-- Installing: /opt/moveit_studio/user_ws/install/apriltag_ros_msgs/share/apriltag_ros_msgs/environment/library_path.sh
-- Installing: /opt/moveit_studio/user_ws/install/apriltag_ros_msgs/share/apriltag_ros_msgs/environment/library_path.dsv
-- Installing: /opt/moveit_studio/user_ws/install/apriltag_ros_msgs/lib/libapriltag_ros_msgs__rosidl_generator_c.so
-- Set runtime path of "/opt/moveit_studio/user_ws/install/apriltag_ros_msgs/lib/libapriltag_ros_msgs__rosidl_generator_c.so" to ""
-- Up-to-date: /opt/moveit_studio/user_ws/install/apriltag_ros_msgs/include/apriltag_ros_msgs/apriltag_ros_msgs
-- Up-to-date: /opt/moveit_studio/user_ws/install/apriltag_ros_msgs/include/apriltag_ros_msgs/apriltag_ros_msgs/srv
-- Up-to-date: /opt/moveit_studio/user_ws/install/apriltag_ros_msgs/include/apriltag_ros_msgs/apriltag_ros_msgs/srv/detail
-- Installing: /opt/moveit_studio/user_ws/install/apriltag_ros_msgs/include/apriltag_ros_msgs/apriltag_ros_msgs/srv/detail/get_april_tag_detections__rosidl_typesupport_fastrtps_c.h
-- Up-to-date: /opt/moveit_studio/user_ws/install/apriltag_ros_msgs/include/apriltag_ros_msgs/apriltag_ros_msgs/msg
-- Up-to-date: /opt/moveit_studio/user_ws/install/apriltag_ros_msgs/include/apriltag_ros_msgs/apriltag_ros_msgs/msg/detail
-- Installing: /opt/moveit_studio/user_ws/install/apriltag_ros_msgs/include/apriltag_ros_msgs/apriltag_ros_msgs/msg/detail/detection__rosidl_typesupport_fastrtps_c.h
-- Installing: /opt/moveit_studio/user_ws/install/apriltag_ros_msgs/include/apriltag_ros_msgs/apriltag_ros_msgs/msg/rosidl_typesupport_fastrtps_c__visibility_control.h
-- Installing: /opt/moveit_studio/user_ws/install/apriltag_ros_msgs/lib/libapriltag_ros_msgs__rosidl_typesupport_fastrtps_c.so
-- Set runtime path of "/opt/moveit_studio/user_ws/install/apriltag_ros_msgs/lib/libapriltag_ros_msgs__rosidl_typesupport_fastrtps_c.so" to ""
-- Up-to-date: /opt/moveit_studio/user_ws/install/apriltag_ros_msgs/include/apriltag_ros_msgs/apriltag_ros_msgs
-- Up-to-date: /opt/moveit_studio/user_ws/install/apriltag_ros_msgs/include/apriltag_ros_msgs/apriltag_ros_msgs/srv
-- Installing: /opt/moveit_studio/user_ws/install/apriltag_ros_msgs/include/apriltag_ros_msgs/apriltag_ros_msgs/srv/get_april_tag_detections.hpp
-- Up-to-date: /opt/moveit_studio/user_ws/install/apriltag_ros_msgs/include/apriltag_ros_msgs/apriltag_ros_msgs/srv/detail
-- Installing: /opt/moveit_studio/user_ws/install/apriltag_ros_msgs/include/apriltag_ros_msgs/apriltag_ros_msgs/srv/detail/get_april_tag_detections__struct.hpp
-- Installing: /opt/moveit_studio/user_ws/install/apriltag_ros_msgs/include/apriltag_ros_msgs/apriltag_ros_msgs/srv/detail/get_april_tag_detections__traits.hpp
-- Installing: /opt/moveit_studio/user_ws/install/apriltag_ros_msgs/include/apriltag_ros_msgs/apriltag_ros_msgs/srv/detail/get_april_tag_detections__builder.hpp
-- Up-to-date: /opt/moveit_studio/user_ws/install/apriltag_ros_msgs/include/apriltag_ros_msgs/apriltag_ros_msgs/msg
-- Installing: /opt/moveit_studio/user_ws/install/apriltag_ros_msgs/include/apriltag_ros_msgs/apriltag_ros_msgs/msg/detection.hpp
-- Up-to-date: /opt/moveit_studio/user_ws/install/apriltag_ros_msgs/include/apriltag_ros_msgs/apriltag_ros_msgs/msg/detail
-- Installing: /opt/moveit_studio/user_ws/install/apriltag_ros_msgs/include/apriltag_ros_msgs/apriltag_ros_msgs/msg/detail/detection__builder.hpp
-- Installing: /opt/moveit_studio/user_ws/install/apriltag_ros_msgs/include/apriltag_ros_msgs/apriltag_ros_msgs/msg/detail/detection__struct.hpp
-- Installing: /opt/moveit_studio/user_ws/install/apriltag_ros_msgs/include/apriltag_ros_msgs/apriltag_ros_msgs/msg/detail/detection__traits.hpp
-- Up-to-date: /opt/moveit_studio/user_ws/install/apriltag_ros_msgs/include/apriltag_ros_msgs/apriltag_ros_msgs
-- Up-to-date: /opt/moveit_studio/user_ws/install/apriltag_ros_msgs/include/apriltag_ros_msgs/apriltag_ros_msgs/srv
-- Up-to-date: /opt/moveit_studio/user_ws/install/apriltag_ros_msgs/include/apriltag_ros_msgs/apriltag_ros_msgs/srv/detail
-- Installing: /opt/moveit_studio/user_ws/install/apriltag_ros_msgs/include/apriltag_ros_msgs/apriltag_ros_msgs/srv/detail/dds_fastrtps
-- Installing: /opt/moveit_studio/user_ws/install/apriltag_ros_msgs/include/apriltag_ros_msgs/apriltag_ros_msgs/srv/detail/get_april_tag_detections__rosidl_typesupport_fastrtps_cpp.hpp
-- Up-to-date: /opt/moveit_studio/user_ws/install/apriltag_ros_msgs/include/apriltag_ros_msgs/apriltag_ros_msgs/msg
-- Installing: /opt/moveit_studio/user_ws/install/apriltag_ros_msgs/include/apriltag_ros_msgs/apriltag_ros_msgs/msg/rosidl_typesupport_fastrtps_cpp__visibility_control.h
-- Up-to-date: /opt/moveit_studio/user_ws/install/apriltag_ros_msgs/include/apriltag_ros_msgs/apriltag_ros_msgs/msg/detail
-- Installing: /opt/moveit_studio/user_ws/install/apriltag_ros_msgs/include/apriltag_ros_msgs/apriltag_ros_msgs/msg/detail/dds_fastrtps
-- Installing: /opt/moveit_studio/user_ws/install/apriltag_ros_msgs/include/apriltag_ros_msgs/apriltag_ros_msgs/msg/detail/detection__rosidl_typesupport_fastrtps_cpp.hpp
-- Installing: /opt/moveit_studio/user_ws/install/apriltag_ros_msgs/lib/libapriltag_ros_msgs__rosidl_typesupport_fastrtps_cpp.so
-- Set runtime path of "/opt/moveit_studio/user_ws/install/apriltag_ros_msgs/lib/libapriltag_ros_msgs__rosidl_typesupport_fastrtps_cpp.so" to ""
-- Up-to-date: /opt/moveit_studio/user_ws/install/apriltag_ros_msgs/include/apriltag_ros_msgs/apriltag_ros_msgs
-- Up-to-date: /opt/moveit_studio/user_ws/install/apriltag_ros_msgs/include/apriltag_ros_msgs/apriltag_ros_msgs/srv
-- Up-to-date: /opt/moveit_studio/user_ws/install/apriltag_ros_msgs/include/apriltag_ros_msgs/apriltag_ros_msgs/srv/detail
-- Installing: /opt/moveit_studio/user_ws/install/apriltag_ros_msgs/include/apriltag_ros_msgs/apriltag_ros_msgs/srv/detail/get_april_tag_detections__type_support.c
-- Installing: /opt/moveit_studio/user_ws/install/apriltag_ros_msgs/include/apriltag_ros_msgs/apriltag_ros_msgs/srv/detail/get_april_tag_detections__rosidl_typesupport_introspection_c.h
-- Up-to-date: /opt/moveit_studio/user_ws/install/apriltag_ros_msgs/include/apriltag_ros_msgs/apriltag_ros_msgs/msg
-- Installing: /opt/moveit_studio/user_ws/install/apriltag_ros_msgs/include/apriltag_ros_msgs/apriltag_ros_msgs/msg/rosidl_typesupport_introspection_c__visibility_control.h
-- Up-to-date: /opt/moveit_studio/user_ws/install/apriltag_ros_msgs/include/apriltag_ros_msgs/apriltag_ros_msgs/msg/detail
-- Installing: /opt/moveit_studio/user_ws/install/apriltag_ros_msgs/include/apriltag_ros_msgs/apriltag_ros_msgs/msg/detail/detection__rosidl_typesupport_introspection_c.h
-- Installing: /opt/moveit_studio/user_ws/install/apriltag_ros_msgs/include/apriltag_ros_msgs/apriltag_ros_msgs/msg/detail/detection__type_support.c
-- Installing: /opt/moveit_studio/user_ws/install/apriltag_ros_msgs/lib/libapriltag_ros_msgs__rosidl_typesupport_introspection_c.so
-- Set runtime path of "/opt/moveit_studio/user_ws/install/apriltag_ros_msgs/lib/libapriltag_ros_msgs__rosidl_typesupport_introspection_c.so" to ""
-- Installing: /opt/moveit_studio/user_ws/install/apriltag_ros_msgs/lib/libapriltag_ros_msgs__rosidl_typesupport_c.so
-- Set runtime path of "/opt/moveit_studio/user_ws/install/apriltag_ros_msgs/lib/libapriltag_ros_msgs__rosidl_typesupport_c.so" to ""
-- Up-to-date: /opt/moveit_studio/user_ws/install/apriltag_ros_msgs/include/apriltag_ros_msgs/apriltag_ros_msgs
-- Up-to-date: /opt/moveit_studio/user_ws/install/apriltag_ros_msgs/include/apriltag_ros_msgs/apriltag_ros_msgs/srv
-- Up-to-date: /opt/moveit_studio/user_ws/install/apriltag_ros_msgs/include/apriltag_ros_msgs/apriltag_ros_msgs/srv/detail
-- Installing: /opt/moveit_studio/user_ws/install/apriltag_ros_msgs/include/apriltag_ros_msgs/apriltag_ros_msgs/srv/detail/get_april_tag_detections__type_support.cpp
-- Installing: /opt/moveit_studio/user_ws/install/apriltag_ros_msgs/include/apriltag_ros_msgs/apriltag_ros_msgs/srv/detail/get_april_tag_detections__rosidl_typesupport_introspection_cpp.hpp
-- Up-to-date: /opt/moveit_studio/user_ws/install/apriltag_ros_msgs/include/apriltag_ros_msgs/apriltag_ros_msgs/msg
-- Up-to-date: /opt/moveit_studio/user_ws/install/apriltag_ros_msgs/include/apriltag_ros_msgs/apriltag_ros_msgs/msg/detail
-- Installing: /opt/moveit_studio/user_ws/install/apriltag_ros_msgs/include/apriltag_ros_msgs/apriltag_ros_msgs/msg/detail/detection__type_support.cpp
-- Installing: /opt/moveit_studio/user_ws/install/apriltag_ros_msgs/include/apriltag_ros_msgs/apriltag_ros_msgs/msg/detail/detection__rosidl_typesupport_introspection_cpp.hpp
-- Installing: /opt/moveit_studio/user_ws/install/apriltag_ros_msgs/lib/libapriltag_ros_msgs__rosidl_typesupport_introspection_cpp.so
-- Set runtime path of "/opt/moveit_studio/user_ws/install/apriltag_ros_msgs/lib/libapriltag_ros_msgs__rosidl_typesupport_introspection_cpp.so" to ""
-- Installing: /opt/moveit_studio/user_ws/install/apriltag_ros_msgs/lib/libapriltag_ros_msgs__rosidl_typesupport_cpp.so
-- Set runtime path of "/opt/moveit_studio/user_ws/install/apriltag_ros_msgs/lib/libapriltag_ros_msgs__rosidl_typesupport_cpp.so" to ""
-- Installing: /opt/moveit_studio/user_ws/install/apriltag_ros_msgs/share/apriltag_ros_msgs/environment/pythonpath.sh
-- Installing: /opt/moveit_studio/user_ws/install/apriltag_ros_msgs/share/apriltag_ros_msgs/environment/pythonpath.dsv
-- Installing: /opt/moveit_studio/user_ws/install/apriltag_ros_msgs/local/lib/python3.10/dist-packages/apriltag_ros_msgs-1.0.0-py3.10.egg-info
-- Installing: /opt/moveit_studio/user_ws/install/apriltag_ros_msgs/local/lib/python3.10/dist-packages/apriltag_ros_msgs-1.0.0-py3.10.egg-info/top_level.txt
-- Installing: /opt/moveit_studio/user_ws/install/apriltag_ros_msgs/local/lib/python3.10/dist-packages/apriltag_ros_msgs-1.0.0-py3.10.egg-info/SOURCES.txt
-- Installing: /opt/moveit_studio/user_ws/install/apriltag_ros_msgs/local/lib/python3.10/dist-packages/apriltag_ros_msgs-1.0.0-py3.10.egg-info/PKG-INFO
-- Installing: /opt/moveit_studio/user_ws/install/apriltag_ros_msgs/local/lib/python3.10/dist-packages/apriltag_ros_msgs-1.0.0-py3.10.egg-info/dependency_links.txt
-- Installing: /opt/moveit_studio/user_ws/install/apriltag_ros_msgs/local/lib/python3.10/dist-packages/apriltag_ros_msgs
-- Installing: /opt/moveit_studio/user_ws/install/apriltag_ros_msgs/local/lib/python3.10/dist-packages/apriltag_ros_msgs/apriltag_ros_msgs_s__rosidl_typesupport_c.cpython-310-x86_64-linux-gnu.so
-- Installing: /opt/moveit_studio/user_ws/install/apriltag_ros_msgs/local/lib/python3.10/dist-packages/apriltag_ros_msgs/__init__.py
-- Installing: /opt/moveit_studio/user_ws/install/apriltag_ros_msgs/local/lib/python3.10/dist-packages/apriltag_ros_msgs/apriltag_ros_msgs_s__rosidl_typesupport_introspection_c.cpython-310-x86_64-linux-gnu.so
-- Installing: /opt/moveit_studio/user_ws/install/apriltag_ros_msgs/local/lib/python3.10/dist-packages/apriltag_ros_msgs/srv
-- Installing: /opt/moveit_studio/user_ws/install/apriltag_ros_msgs/local/lib/python3.10/dist-packages/apriltag_ros_msgs/srv/__init__.py
-- Installing: /opt/moveit_studio/user_ws/install/apriltag_ros_msgs/local/lib/python3.10/dist-packages/apriltag_ros_msgs/srv/_get_april_tag_detections.py
-- Installing: /opt/moveit_studio/user_ws/install/apriltag_ros_msgs/local/lib/python3.10/dist-packages/apriltag_ros_msgs/srv/_get_april_tag_detections_s.c
-- Installing: /opt/moveit_studio/user_ws/install/apriltag_ros_msgs/local/lib/python3.10/dist-packages/apriltag_ros_msgs/msg
-- Installing: /opt/moveit_studio/user_ws/install/apriltag_ros_msgs/local/lib/python3.10/dist-packages/apriltag_ros_msgs/msg/_detection.py
-- Installing: /opt/moveit_studio/user_ws/install/apriltag_ros_msgs/local/lib/python3.10/dist-packages/apriltag_ros_msgs/msg/__init__.py
-- Installing: /opt/moveit_studio/user_ws/install/apriltag_ros_msgs/local/lib/python3.10/dist-packages/apriltag_ros_msgs/msg/_detection_s.c
-- Installing: /opt/moveit_studio/user_ws/install/apriltag_ros_msgs/local/lib/python3.10/dist-packages/apriltag_ros_msgs/_apriltag_ros_msgs_s.ep.rosidl_typesupport_c.c
-- Installing: /opt/moveit_studio/user_ws/install/apriltag_ros_msgs/local/lib/python3.10/dist-packages/apriltag_ros_msgs/_apriltag_ros_msgs_s.ep.rosidl_typesupport_fastrtps_c.c
-- Installing: /opt/moveit_studio/user_ws/install/apriltag_ros_msgs/local/lib/python3.10/dist-packages/apriltag_ros_msgs/libapriltag_ros_msgs__rosidl_generator_py.so
-- Installing: /opt/moveit_studio/user_ws/install/apriltag_ros_msgs/local/lib/python3.10/dist-packages/apriltag_ros_msgs/apriltag_ros_msgs_s__rosidl_typesupport_fastrtps_c.cpython-310-x86_64-linux-gnu.so
-- Installing: /opt/moveit_studio/user_ws/install/apriltag_ros_msgs/local/lib/python3.10/dist-packages/apriltag_ros_msgs/_apriltag_ros_msgs_s.ep.rosidl_typesupport_introspection_c.c
Listing '/opt/moveit_studio/user_ws/install/apriltag_ros_msgs/local/lib/python3.10/dist-packages/apriltag_ros_msgs'...
Compiling '/opt/moveit_studio/user_ws/install/apriltag_ros_msgs/local/lib/python3.10/dist-packages/apriltag_ros_msgs/__init__.py'...
Listing '/opt/moveit_studio/user_ws/install/apriltag_ros_msgs/local/lib/python3.10/dist-packages/apriltag_ros_msgs/msg'...
Compiling '/opt/moveit_studio/user_ws/install/apriltag_ros_msgs/local/lib/python3.10/dist-packages/apriltag_ros_msgs/msg/__init__.py'...
Compiling '/opt/moveit_studio/user_ws/install/apriltag_ros_msgs/local/lib/python3.10/dist-packages/apriltag_ros_msgs/msg/_detection.py'...
Listing '/opt/moveit_studio/user_ws/install/apriltag_ros_msgs/local/lib/python3.10/dist-packages/apriltag_ros_msgs/srv'...
Compiling '/opt/moveit_studio/user_ws/install/apriltag_ros_msgs/local/lib/python3.10/dist-packages/apriltag_ros_msgs/srv/__init__.py'...
Compiling '/opt/moveit_studio/user_ws/install/apriltag_ros_msgs/local/lib/python3.10/dist-packages/apriltag_ros_msgs/srv/_get_april_tag_detections.py'...
-- Installing: /opt/moveit_studio/user_ws/install/apriltag_ros_msgs/local/lib/python3.10/dist-packages/apriltag_ros_msgs/apriltag_ros_msgs_s__rosidl_typesupport_fastrtps_c.cpython-310-x86_64-linux-gnu.so
-- Set runtime path of "/opt/moveit_studio/user_ws/install/apriltag_ros_msgs/local/lib/python3.10/dist-packages/apriltag_ros_msgs/apriltag_ros_msgs_s__rosidl_typesupport_fastrtps_c.cpython-310-x86_64-linux-gnu.so" to ""
-- Installing: /opt/moveit_studio/user_ws/install/apriltag_ros_msgs/local/lib/python3.10/dist-packages/apriltag_ros_msgs/apriltag_ros_msgs_s__rosidl_typesupport_introspection_c.cpython-310-x86_64-linux-gnu.so
-- Set runtime path of "/opt/moveit_studio/user_ws/install/apriltag_ros_msgs/local/lib/python3.10/dist-packages/apriltag_ros_msgs/apriltag_ros_msgs_s__rosidl_typesupport_introspection_c.cpython-310-x86_64-linux-gnu.so" to ""
-- Installing: /opt/moveit_studio/user_ws/install/apriltag_ros_msgs/local/lib/python3.10/dist-packages/apriltag_ros_msgs/apriltag_ros_msgs_s__rosidl_typesupport_c.cpython-310-x86_64-linux-gnu.so
-- Set runtime path of "/opt/moveit_studio/user_ws/install/apriltag_ros_msgs/local/lib/python3.10/dist-packages/apriltag_ros_msgs/apriltag_ros_msgs_s__rosidl_typesupport_c.cpython-310-x86_64-linux-gnu.so" to ""
-- Installing: /opt/moveit_studio/user_ws/install/apriltag_ros_msgs/lib/libapriltag_ros_msgs__rosidl_generator_py.so
-- Set runtime path of "/opt/moveit_studio/user_ws/install/apriltag_ros_msgs/lib/libapriltag_ros_msgs__rosidl_generator_py.so" to ""
-- Installing: /opt/moveit_studio/user_ws/install/apriltag_ros_msgs/share/apriltag_ros_msgs/msg/Detection.idl
-- Installing: /opt/moveit_studio/user_ws/install/apriltag_ros_msgs/share/apriltag_ros_msgs/srv/GetAprilTagDetections.idl
-- Installing: /opt/moveit_studio/user_ws/install/apriltag_ros_msgs/share/apriltag_ros_msgs/msg/Detection.msg
-- Installing: /opt/moveit_studio/user_ws/install/apriltag_ros_msgs/share/apriltag_ros_msgs/srv/GetAprilTagDetections.srv
-- Installing: /opt/moveit_studio/user_ws/install/apriltag_ros_msgs/share/apriltag_ros_msgs/srv/GetAprilTagDetections_Request.msg
-- Installing: /opt/moveit_studio/user_ws/install/apriltag_ros_msgs/share/apriltag_ros_msgs/srv/GetAprilTagDetections_Response.msg
-- Installing: /opt/moveit_studio/user_ws/install/apriltag_ros_msgs/share/ament_index/resource_index/package_run_dependencies/apriltag_ros_msgs
-- Installing: /opt/moveit_studio/user_ws/install/apriltag_ros_msgs/share/ament_index/resource_index/parent_prefix_path/apriltag_ros_msgs
-- Installing: /opt/moveit_studio/user_ws/install/apriltag_ros_msgs/share/apriltag_ros_msgs/environment/ament_prefix_path.sh
-- Installing: /opt/moveit_studio/user_ws/install/apriltag_ros_msgs/share/apriltag_ros_msgs/environment/ament_prefix_path.dsv
-- Installing: /opt/moveit_studio/user_ws/install/apriltag_ros_msgs/share/apriltag_ros_msgs/environment/path.sh
-- Installing: /opt/moveit_studio/user_ws/install/apriltag_ros_msgs/share/apriltag_ros_msgs/environment/path.dsv
-- Installing: /opt/moveit_studio/user_ws/install/apriltag_ros_msgs/share/apriltag_ros_msgs/local_setup.bash
-- Installing: /opt/moveit_studio/user_ws/install/apriltag_ros_msgs/share/apriltag_ros_msgs/local_setup.sh
-- Installing: /opt/moveit_studio/user_ws/install/apriltag_ros_msgs/share/apriltag_ros_msgs/local_setup.zsh
-- Installing: /opt/moveit_studio/user_ws/install/apriltag_ros_msgs/share/apriltag_ros_msgs/local_setup.dsv
-- Installing: /opt/moveit_studio/user_ws/install/apriltag_ros_msgs/share/apriltag_ros_msgs/package.dsv
-- Installing: /opt/moveit_studio/user_ws/install/apriltag_ros_msgs/share/ament_index/resource_index/packages/apriltag_ros_msgs
-- Installing: /opt/moveit_studio/user_ws/install/apriltag_ros_msgs/share/apriltag_ros_msgs/cmake/export_apriltag_ros_msgs__rosidl_generator_cExport.cmake
-- Installing: /opt/moveit_studio/user_ws/install/apriltag_ros_msgs/share/apriltag_ros_msgs/cmake/export_apriltag_ros_msgs__rosidl_generator_cExport-release.cmake
-- Installing: /opt/moveit_studio/user_ws/install/apriltag_ros_msgs/share/apriltag_ros_msgs/cmake/export_apriltag_ros_msgs__rosidl_typesupport_fastrtps_cExport.cmake
-- Installing: /opt/moveit_studio/user_ws/install/apriltag_ros_msgs/share/apriltag_ros_msgs/cmake/export_apriltag_ros_msgs__rosidl_typesupport_fastrtps_cExport-release.cmake
-- Installing: /opt/moveit_studio/user_ws/install/apriltag_ros_msgs/share/apriltag_ros_msgs/cmake/export_apriltag_ros_msgs__rosidl_generator_cppExport.cmake
-- Installing: /opt/moveit_studio/user_ws/install/apriltag_ros_msgs/share/apriltag_ros_msgs/cmake/export_apriltag_ros_msgs__rosidl_typesupport_fastrtps_cppExport.cmake
-- Installing: /opt/moveit_studio/user_ws/install/apriltag_ros_msgs/share/apriltag_ros_msgs/cmake/export_apriltag_ros_msgs__rosidl_typesupport_fastrtps_cppExport-release.cmake
-- Installing: /opt/moveit_studio/user_ws/install/apriltag_ros_msgs/share/apriltag_ros_msgs/cmake/apriltag_ros_msgs__rosidl_typesupport_introspection_cExport.cmake
-- Installing: /opt/moveit_studio/user_ws/install/apriltag_ros_msgs/share/apriltag_ros_msgs/cmake/apriltag_ros_msgs__rosidl_typesupport_introspection_cExport-release.cmake
-- Installing: /opt/moveit_studio/user_ws/install/apriltag_ros_msgs/share/apriltag_ros_msgs/cmake/apriltag_ros_msgs__rosidl_typesupport_cExport.cmake
-- Installing: /opt/moveit_studio/user_ws/install/apriltag_ros_msgs/share/apriltag_ros_msgs/cmake/apriltag_ros_msgs__rosidl_typesupport_cExport-release.cmake
-- Installing: /opt/moveit_studio/user_ws/install/apriltag_ros_msgs/share/apriltag_ros_msgs/cmake/apriltag_ros_msgs__rosidl_typesupport_introspection_cppExport.cmake
-- Installing: /opt/moveit_studio/user_ws/install/apriltag_ros_msgs/share/apriltag_ros_msgs/cmake/apriltag_ros_msgs__rosidl_typesupport_introspection_cppExport-release.cmake
-- Installing: /opt/moveit_studio/user_ws/install/apriltag_ros_msgs/share/apriltag_ros_msgs/cmake/apriltag_ros_msgs__rosidl_typesupport_cppExport.cmake
-- Installing: /opt/moveit_studio/user_ws/install/apriltag_ros_msgs/share/apriltag_ros_msgs/cmake/apriltag_ros_msgs__rosidl_typesupport_cppExport-release.cmake
-- Installing: /opt/moveit_studio/user_ws/install/apriltag_ros_msgs/share/apriltag_ros_msgs/cmake/export_apriltag_ros_msgs__rosidl_generator_pyExport.cmake
-- Installing: /opt/moveit_studio/user_ws/install/apriltag_ros_msgs/share/apriltag_ros_msgs/cmake/export_apriltag_ros_msgs__rosidl_generator_pyExport-release.cmake
-- Installing: /opt/moveit_studio/user_ws/install/apriltag_ros_msgs/share/apriltag_ros_msgs/cmake/rosidl_cmake-extras.cmake
-- Installing: /opt/moveit_studio/user_ws/install/apriltag_ros_msgs/share/apriltag_ros_msgs/cmake/ament_cmake_export_dependencies-extras.cmake
-- Installing: /opt/moveit_studio/user_ws/install/apriltag_ros_msgs/share/apriltag_ros_msgs/cmake/ament_cmake_export_include_directories-extras.cmake
-- Installing: /opt/moveit_studio/user_ws/install/apriltag_ros_msgs/share/apriltag_ros_msgs/cmake/ament_cmake_export_libraries-extras.cmake
-- Installing: /opt/moveit_studio/user_ws/install/apriltag_ros_msgs/share/apriltag_ros_msgs/cmake/ament_cmake_export_targets-extras.cmake
-- Installing: /opt/moveit_studio/user_ws/install/apriltag_ros_msgs/share/apriltag_ros_msgs/cmake/rosidl_cmake_export_typesupport_targets-extras.cmake
-- Installing: /opt/moveit_studio/user_ws/install/apriltag_ros_msgs/share/apriltag_ros_msgs/cmake/rosidl_cmake_export_typesupport_libraries-extras.cmake
-- Installing: /opt/moveit_studio/user_ws/install/apriltag_ros_msgs/share/apriltag_ros_msgs/cmake/apriltag_ros_msgsConfig.cmake
-- Installing: /opt/moveit_studio/user_ws/install/apriltag_ros_msgs/share/apriltag_ros_msgs/cmake/apriltag_ros_msgsConfig-version.cmake
-- Installing: /opt/moveit_studio/user_ws/install/apriltag_ros_msgs/share/apriltag_ros_msgs/package.xml
