[0.041s] Invoking command in '/opt/moveit_studio/user_ws/build/apriltag_ros_msgs': CMAKE_PREFIX_PATH=${CMAKE_PREFIX_PATH}:/opt/overlay_ws/install/moveit_studio_rest_api:/opt/overlay_ws/install/moveit_studio_bridge:/opt/overlay_ws/install/moveit_studio_utils_py:/opt/overlay_ws/install/moveit_studio_site_config_template:/opt/overlay_ws/install/moveit_studio_behavior_template:/opt/underlay_ws/install/rqt_controller_manager:/opt/underlay_ws/install/ros2controlcli:/opt/underlay_ws/install/moveit_configs_utils:/opt/ros/humble /usr/bin/cmake /opt/moveit_studio/user_ws/src/apriltag_ros_msgs -DCMAKE_C_FLAGS='--coverage' -DCMAKE_CXX_FLAGS='--coverage' -DBUILD_TESTING=ON -DCMAKE_BUILD_TYPE=Release -DCMAKE_EXPORT_COMPILE_COMMANDS=ON --no-warn-unused-cli -DCMAKE_EXE_LINKER_FLAGS=-fuse-ld=lld -DCMAKE_MODULE_LINKER_FLAGS=-fuse-ld=lld -DCMAKE_SHARED_LINKER_FLAGS=-fuse-ld=lld -DCMAKE_C_COMPILER_LAUNCHER=ccache -DCMAKE_CXX_COMPILER_LAUNCHER=ccache -DAMENT_CMAKE_PYTEST_WITH_COVERAGE=ON -DCMAKE_INSTALL_PREFIX=/opt/moveit_studio/user_ws/install/apriltag_ros_msgs
[0.061s] Not searching for unused variables given on the command line.
[0.197s] -- The C compiler identification is GNU 11.3.0
[0.311s] -- The CXX compiler identification is GNU 11.3.0
[0.321s] -- Detecting C compiler ABI info
[0.551s] -- Detecting C compiler ABI info - done
[0.557s] -- Check for working C compiler: /usr/bin/cc - skipped
[0.557s] -- Detecting C compile features
[0.557s] -- Detecting C compile features - done
[0.560s] -- Detecting CXX compiler ABI info
[0.698s] -- Detecting CXX compiler ABI info - done
[0.707s] -- Check for working CXX compiler: /usr/bin/c++ - skipped
[0.707s] -- Detecting CXX compile features
[0.708s] -- Detecting CXX compile features - done
[0.732s] -- Found ament_cmake: 1.3.4 (/opt/ros/humble/share/ament_cmake/cmake)
[1.240s] -- Found Python3: /usr/bin/python3.10 (found version "3.10.6") found components: Interpreter 
[1.567s] -- Found builtin_interfaces: 1.2.1 (/opt/ros/humble/share/builtin_interfaces/cmake)
[1.807s] -- Found rosidl_generator_c: 3.1.4 (/opt/ros/humble/share/rosidl_generator_c/cmake)
[1.848s] -- Found rosidl_adapter: 3.1.4 (/opt/ros/humble/share/rosidl_adapter/cmake)
[1.912s] -- Found rosidl_generator_cpp: 3.1.4 (/opt/ros/humble/share/rosidl_generator_cpp/cmake)
[1.957s] -- Using all available rosidl_typesupport_c: rosidl_typesupport_fastrtps_c;rosidl_typesupport_introspection_c
[2.020s] -- Using all available rosidl_typesupport_cpp: rosidl_typesupport_fastrtps_cpp;rosidl_typesupport_introspection_cpp
[2.078s] -- Found geometry_msgs: 4.2.3 (/opt/ros/humble/share/geometry_msgs/cmake)
[2.243s] -- Found rosidl_default_generators: 1.2.0 (/opt/ros/humble/share/rosidl_default_generators/cmake)
[2.324s] -- Found sensor_msgs: 4.2.3 (/opt/ros/humble/share/sensor_msgs/cmake)
[2.945s] -- Found ament_cmake_ros: 0.10.0 (/opt/ros/humble/share/ament_cmake_ros/cmake)
[3.687s] -- Using all available rosidl_typesupport_c: rosidl_typesupport_fastrtps_c;rosidl_typesupport_introspection_c
[3.951s] -- Using all available rosidl_typesupport_cpp: rosidl_typesupport_fastrtps_cpp;rosidl_typesupport_introspection_cpp
[3.981s] -- Found PythonInterp: /usr/bin/python3 (found suitable version "3.10.6", minimum required is "3.6") 
[4.014s] -- Found python_cmake_module: 0.10.0 (/opt/ros/humble/share/python_cmake_module/cmake)
[4.056s] -- Found PythonLibs: /usr/lib/x86_64-linux-gnu/libpython3.10.so (found suitable version "3.10.6", minimum required is "3.5") 
[4.057s] -- Using PYTHON_EXECUTABLE: /usr/bin/python3
[4.058s] -- Using PYTHON_INCLUDE_DIRS: /usr/include/python3.10
[4.059s] -- Using PYTHON_LIBRARIES: /usr/lib/x86_64-linux-gnu/libpython3.10.so
[4.091s] -- Found PythonExtra: .so  
[4.378s] -- Configuring done
[4.404s] -- Generating done
[4.406s] -- Build files have been written to: /opt/moveit_studio/user_ws/build/apriltag_ros_msgs
[4.412s] Invoked command in '/opt/moveit_studio/user_ws/build/apriltag_ros_msgs' returned '0': CMAKE_PREFIX_PATH=${CMAKE_PREFIX_PATH}:/opt/overlay_ws/install/moveit_studio_rest_api:/opt/overlay_ws/install/moveit_studio_bridge:/opt/overlay_ws/install/moveit_studio_utils_py:/opt/overlay_ws/install/moveit_studio_site_config_template:/opt/overlay_ws/install/moveit_studio_behavior_template:/opt/underlay_ws/install/rqt_controller_manager:/opt/underlay_ws/install/ros2controlcli:/opt/underlay_ws/install/moveit_configs_utils:/opt/ros/humble /usr/bin/cmake /opt/moveit_studio/user_ws/src/apriltag_ros_msgs -DCMAKE_C_FLAGS='--coverage' -DCMAKE_CXX_FLAGS='--coverage' -DBUILD_TESTING=ON -DCMAKE_BUILD_TYPE=Release -DCMAKE_EXPORT_COMPILE_COMMANDS=ON --no-warn-unused-cli -DCMAKE_EXE_LINKER_FLAGS=-fuse-ld=lld -DCMAKE_MODULE_LINKER_FLAGS=-fuse-ld=lld -DCMAKE_SHARED_LINKER_FLAGS=-fuse-ld=lld -DCMAKE_C_COMPILER_LAUNCHER=ccache -DCMAKE_CXX_COMPILER_LAUNCHER=ccache -DAMENT_CMAKE_PYTEST_WITH_COVERAGE=ON -DCMAKE_INSTALL_PREFIX=/opt/moveit_studio/user_ws/install/apriltag_ros_msgs
[4.414s] Invoking command in '/opt/moveit_studio/user_ws/build/apriltag_ros_msgs': CMAKE_PREFIX_PATH=${CMAKE_PREFIX_PATH}:/opt/overlay_ws/install/moveit_studio_rest_api:/opt/overlay_ws/install/moveit_studio_bridge:/opt/overlay_ws/install/moveit_studio_utils_py:/opt/overlay_ws/install/moveit_studio_site_config_template:/opt/overlay_ws/install/moveit_studio_behavior_template:/opt/underlay_ws/install/rqt_controller_manager:/opt/underlay_ws/install/ros2controlcli:/opt/underlay_ws/install/moveit_configs_utils:/opt/ros/humble /usr/bin/cmake --build /opt/moveit_studio/user_ws/build/apriltag_ros_msgs -- -j8 -l8
[4.478s] [  2%] Generating C code for ROS interfaces
[4.512s] [  5%] Generating C++ code for ROS interfaces
[4.543s] [  5%] Built target ament_cmake_python_copy_apriltag_ros_msgs
[4.998s] running egg_info
[4.999s] creating apriltag_ros_msgs.egg-info
[5.000s] writing apriltag_ros_msgs.egg-info/PKG-INFO
[5.000s] writing dependency_links to apriltag_ros_msgs.egg-info/dependency_links.txt
[5.000s] writing top-level names to apriltag_ros_msgs.egg-info/top_level.txt
[5.001s] writing manifest file 'apriltag_ros_msgs.egg-info/SOURCES.txt'
[5.012s] reading manifest file 'apriltag_ros_msgs.egg-info/SOURCES.txt'
[5.012s] writing manifest file 'apriltag_ros_msgs.egg-info/SOURCES.txt'
[5.025s] [  5%] Built target apriltag_ros_msgs__cpp
[5.059s] [  7%] Generating C++ type support dispatch for ROS interfaces
[5.066s] [ 10%] Generating C++ type support for eProsima Fast-RTPS
[5.066s] [ 10%] Built target ament_cmake_python_build_apriltag_ros_msgs_egg
[5.074s] [ 12%] Generating C++ introspection for ROS interfaces
[5.102s] [ 15%] Building C object CMakeFiles/apriltag_ros_msgs__rosidl_generator_c.dir/rosidl_generator_c/apriltag_ros_msgs/srv/detail/get_april_tag_detections__functions.c.o
[5.102s] [ 17%] Building C object CMakeFiles/apriltag_ros_msgs__rosidl_generator_c.dir/rosidl_generator_c/apriltag_ros_msgs/msg/detail/detection__functions.c.o
[5.442s] [ 20%] Linking C shared library libapriltag_ros_msgs__rosidl_generator_c.so
[5.512s] [ 23%] Building CXX object CMakeFiles/apriltag_ros_msgs__rosidl_typesupport_cpp.dir/rosidl_typesupport_cpp/apriltag_ros_msgs/msg/detection__type_support.cpp.o
[5.515s] [ 25%] Building CXX object CMakeFiles/apriltag_ros_msgs__rosidl_typesupport_cpp.dir/rosidl_typesupport_cpp/apriltag_ros_msgs/srv/get_april_tag_detections__type_support.cpp.o
[5.536s] [ 25%] Built target apriltag_ros_msgs__rosidl_generator_c
[5.580s] [ 28%] Generating C type support for eProsima Fast-RTPS
[5.597s] [ 30%] Generating C type support dispatch for ROS interfaces
[5.602s] [ 33%] Generating C introspection for ROS interfaces
[5.691s] [ 35%] Building CXX object CMakeFiles/apriltag_ros_msgs__rosidl_typesupport_introspection_cpp.dir/rosidl_typesupport_introspection_cpp/apriltag_ros_msgs/msg/detail/detection__type_support.cpp.o
[5.702s] [ 38%] Building CXX object CMakeFiles/apriltag_ros_msgs__rosidl_typesupport_introspection_cpp.dir/rosidl_typesupport_introspection_cpp/apriltag_ros_msgs/srv/detail/get_april_tag_detections__type_support.cpp.o
[5.733s] [ 41%] Building CXX object CMakeFiles/apriltag_ros_msgs__rosidl_typesupport_fastrtps_cpp.dir/rosidl_typesupport_fastrtps_cpp/apriltag_ros_msgs/msg/detail/dds_fastrtps/detection__type_support.cpp.o
[6.293s] [ 43%] Linking CXX shared library libapriltag_ros_msgs__rosidl_typesupport_cpp.so
[6.293s] [ 46%] Building CXX object CMakeFiles/apriltag_ros_msgs__rosidl_typesupport_fastrtps_cpp.dir/rosidl_typesupport_fastrtps_cpp/apriltag_ros_msgs/srv/detail/dds_fastrtps/get_april_tag_detections__type_support.cpp.o
[6.320s] [ 48%] Building C object CMakeFiles/apriltag_ros_msgs__rosidl_typesupport_introspection_c.dir/rosidl_typesupport_introspection_c/apriltag_ros_msgs/msg/detail/detection__type_support.c.o
[6.361s] [ 51%] Building CXX object CMakeFiles/apriltag_ros_msgs__rosidl_typesupport_fastrtps_c.dir/rosidl_typesupport_fastrtps_c/apriltag_ros_msgs/msg/detail/detection__type_support_c.cpp.o
[6.363s] [ 53%] Building CXX object CMakeFiles/apriltag_ros_msgs__rosidl_typesupport_c.dir/rosidl_typesupport_c/apriltag_ros_msgs/msg/detection__type_support.cpp.o
[6.447s] [ 53%] Built target apriltag_ros_msgs__rosidl_typesupport_cpp
[6.491s] [ 56%] Building CXX object CMakeFiles/apriltag_ros_msgs__rosidl_typesupport_c.dir/rosidl_typesupport_c/apriltag_ros_msgs/srv/get_april_tag_detections__type_support.cpp.o
[6.532s] [ 58%] Building CXX object CMakeFiles/apriltag_ros_msgs__rosidl_typesupport_fastrtps_c.dir/rosidl_typesupport_fastrtps_c/apriltag_ros_msgs/srv/detail/get_april_tag_detections__type_support_c.cpp.o
[6.582s] [ 61%] Building C object CMakeFiles/apriltag_ros_msgs__rosidl_typesupport_introspection_c.dir/rosidl_typesupport_introspection_c/apriltag_ros_msgs/srv/detail/get_april_tag_detections__type_support.c.o
[6.662s] [ 64%] Linking CXX shared library libapriltag_ros_msgs__rosidl_typesupport_c.so
[6.745s] [ 66%] Linking C shared library libapriltag_ros_msgs__rosidl_typesupport_introspection_c.so
[6.773s] [ 69%] Linking CXX shared library libapriltag_ros_msgs__rosidl_typesupport_introspection_cpp.so
[6.797s] [ 69%] Built target apriltag_ros_msgs__rosidl_typesupport_c
[6.836s] [ 69%] Built target apriltag_ros_msgs__rosidl_typesupport_introspection_c
[6.855s] [ 69%] Built target apriltag_ros_msgs__rosidl_typesupport_introspection_cpp
[7.184s] [ 71%] Linking CXX shared library libapriltag_ros_msgs__rosidl_typesupport_fastrtps_c.so
[7.247s] [ 74%] Linking CXX shared library libapriltag_ros_msgs__rosidl_typesupport_fastrtps_cpp.so
[7.276s] [ 74%] Built target apriltag_ros_msgs__rosidl_typesupport_fastrtps_c
[7.320s] [ 74%] Built target apriltag_ros_msgs__rosidl_typesupport_fastrtps_cpp
[7.375s] [ 74%] Built target apriltag_ros_msgs
[7.411s] [ 76%] Generating Python code for ROS interfaces
[7.980s] [ 76%] Built target apriltag_ros_msgs__py
[8.012s] [ 82%] Building C object CMakeFiles/apriltag_ros_msgs__rosidl_generator_py.dir/rosidl_generator_py/apriltag_ros_msgs/srv/_get_april_tag_detections_s.c.o
[8.012s] [ 82%] Building C object CMakeFiles/apriltag_ros_msgs__rosidl_generator_py.dir/rosidl_generator_py/apriltag_ros_msgs/msg/_detection_s.c.o
[8.305s] [ 84%] Linking C shared library rosidl_generator_py/apriltag_ros_msgs/libapriltag_ros_msgs__rosidl_generator_py.so
[8.384s] [ 84%] Built target apriltag_ros_msgs__rosidl_generator_py
[8.448s] [ 87%] Building C object CMakeFiles/apriltag_ros_msgs__rosidl_typesupport_c__pyext.dir/rosidl_generator_py/apriltag_ros_msgs/_apriltag_ros_msgs_s.ep.rosidl_typesupport_c.c.o
[8.453s] [ 89%] Building C object CMakeFiles/apriltag_ros_msgs__rosidl_typesupport_fastrtps_c__pyext.dir/rosidl_generator_py/apriltag_ros_msgs/_apriltag_ros_msgs_s.ep.rosidl_typesupport_fastrtps_c.c.o
[8.455s] [ 92%] Building C object CMakeFiles/apriltag_ros_msgs__rosidl_typesupport_introspection_c__pyext.dir/rosidl_generator_py/apriltag_ros_msgs/_apriltag_ros_msgs_s.ep.rosidl_typesupport_introspection_c.c.o
[8.675s] [ 94%] Linking C shared library rosidl_generator_py/apriltag_ros_msgs/apriltag_ros_msgs_s__rosidl_typesupport_fastrtps_c.cpython-310-x86_64-linux-gnu.so
[8.711s] [ 97%] Linking C shared library rosidl_generator_py/apriltag_ros_msgs/apriltag_ros_msgs_s__rosidl_typesupport_c.cpython-310-x86_64-linux-gnu.so
[8.731s] [ 97%] Built target apriltag_ros_msgs__rosidl_typesupport_fastrtps_c__pyext
[8.782s] [ 97%] Built target apriltag_ros_msgs__rosidl_typesupport_c__pyext
[8.797s] [100%] Linking C shared library rosidl_generator_py/apriltag_ros_msgs/apriltag_ros_msgs_s__rosidl_typesupport_introspection_c.cpython-310-x86_64-linux-gnu.so
[8.891s] [100%] Built target apriltag_ros_msgs__rosidl_typesupport_introspection_c__pyext
[8.919s] Invoked command in '/opt/moveit_studio/user_ws/build/apriltag_ros_msgs' returned '0': CMAKE_PREFIX_PATH=${CMAKE_PREFIX_PATH}:/opt/overlay_ws/install/moveit_studio_rest_api:/opt/overlay_ws/install/moveit_studio_bridge:/opt/overlay_ws/install/moveit_studio_utils_py:/opt/overlay_ws/install/moveit_studio_site_config_template:/opt/overlay_ws/install/moveit_studio_behavior_template:/opt/underlay_ws/install/rqt_controller_manager:/opt/underlay_ws/install/ros2controlcli:/opt/underlay_ws/install/moveit_configs_utils:/opt/ros/humble /usr/bin/cmake --build /opt/moveit_studio/user_ws/build/apriltag_ros_msgs -- -j8 -l8
[9.259s] Invoking command in '/opt/moveit_studio/user_ws/build/apriltag_ros_msgs': CMAKE_PREFIX_PATH=${CMAKE_PREFIX_PATH}:/opt/overlay_ws/install/moveit_studio_rest_api:/opt/overlay_ws/install/moveit_studio_bridge:/opt/overlay_ws/install/moveit_studio_utils_py:/opt/overlay_ws/install/moveit_studio_site_config_template:/opt/overlay_ws/install/moveit_studio_behavior_template:/opt/underlay_ws/install/rqt_controller_manager:/opt/underlay_ws/install/ros2controlcli:/opt/underlay_ws/install/moveit_configs_utils:/opt/ros/humble /usr/bin/cmake --install /opt/moveit_studio/user_ws/build/apriltag_ros_msgs
[9.270s] -- Install configuration: "Release"
[9.270s] -- Installing: /opt/moveit_studio/user_ws/install/apriltag_ros_msgs/share/ament_index/resource_index/rosidl_interfaces/apriltag_ros_msgs
[9.270s] -- Installing: /opt/moveit_studio/user_ws/install/apriltag_ros_msgs/include/apriltag_ros_msgs/apriltag_ros_msgs
[9.270s] -- Installing: /opt/moveit_studio/user_ws/install/apriltag_ros_msgs/include/apriltag_ros_msgs/apriltag_ros_msgs/srv
[9.270s] -- Installing: /opt/moveit_studio/user_ws/install/apriltag_ros_msgs/include/apriltag_ros_msgs/apriltag_ros_msgs/srv/detail
[9.270s] -- Installing: /opt/moveit_studio/user_ws/install/apriltag_ros_msgs/include/apriltag_ros_msgs/apriltag_ros_msgs/srv/detail/get_april_tag_detections__struct.h
[9.270s] -- Installing: /opt/moveit_studio/user_ws/install/apriltag_ros_msgs/include/apriltag_ros_msgs/apriltag_ros_msgs/srv/detail/get_april_tag_detections__functions.h
[9.270s] -- Installing: /opt/moveit_studio/user_ws/install/apriltag_ros_msgs/include/apriltag_ros_msgs/apriltag_ros_msgs/srv/detail/get_april_tag_detections__functions.c
[9.270s] -- Installing: /opt/moveit_studio/user_ws/install/apriltag_ros_msgs/include/apriltag_ros_msgs/apriltag_ros_msgs/srv/detail/get_april_tag_detections__type_support.h
[9.270s] -- Installing: /opt/moveit_studio/user_ws/install/apriltag_ros_msgs/include/apriltag_ros_msgs/apriltag_ros_msgs/srv/get_april_tag_detections.h
[9.270s] -- Installing: /opt/moveit_studio/user_ws/install/apriltag_ros_msgs/include/apriltag_ros_msgs/apriltag_ros_msgs/msg
[9.271s] -- Installing: /opt/moveit_studio/user_ws/install/apriltag_ros_msgs/include/apriltag_ros_msgs/apriltag_ros_msgs/msg/detection.h
[9.271s] -- Installing: /opt/moveit_studio/user_ws/install/apriltag_ros_msgs/include/apriltag_ros_msgs/apriltag_ros_msgs/msg/detail
[9.271s] -- Installing: /opt/moveit_studio/user_ws/install/apriltag_ros_msgs/include/apriltag_ros_msgs/apriltag_ros_msgs/msg/detail/detection__type_support.h
[9.271s] -- Installing: /opt/moveit_studio/user_ws/install/apriltag_ros_msgs/include/apriltag_ros_msgs/apriltag_ros_msgs/msg/detail/detection__struct.h
[9.271s] -- Installing: /opt/moveit_studio/user_ws/install/apriltag_ros_msgs/include/apriltag_ros_msgs/apriltag_ros_msgs/msg/detail/detection__functions.c
[9.271s] -- Installing: /opt/moveit_studio/user_ws/install/apriltag_ros_msgs/include/apriltag_ros_msgs/apriltag_ros_msgs/msg/detail/detection__functions.h
[9.271s] -- Installing: /opt/moveit_studio/user_ws/install/apriltag_ros_msgs/include/apriltag_ros_msgs/apriltag_ros_msgs/msg/rosidl_generator_c__visibility_control.h
[9.271s] -- Installing: /opt/moveit_studio/user_ws/install/apriltag_ros_msgs/share/apriltag_ros_msgs/environment/library_path.sh
[9.271s] -- Installing: /opt/moveit_studio/user_ws/install/apriltag_ros_msgs/share/apriltag_ros_msgs/environment/library_path.dsv
[9.271s] -- Installing: /opt/moveit_studio/user_ws/install/apriltag_ros_msgs/lib/libapriltag_ros_msgs__rosidl_generator_c.so
[9.271s] -- Set runtime path of "/opt/moveit_studio/user_ws/install/apriltag_ros_msgs/lib/libapriltag_ros_msgs__rosidl_generator_c.so" to ""
[9.271s] -- Up-to-date: /opt/moveit_studio/user_ws/install/apriltag_ros_msgs/include/apriltag_ros_msgs/apriltag_ros_msgs
[9.271s] -- Up-to-date: /opt/moveit_studio/user_ws/install/apriltag_ros_msgs/include/apriltag_ros_msgs/apriltag_ros_msgs/srv
[9.271s] -- Up-to-date: /opt/moveit_studio/user_ws/install/apriltag_ros_msgs/include/apriltag_ros_msgs/apriltag_ros_msgs/srv/detail
[9.271s] -- Installing: /opt/moveit_studio/user_ws/install/apriltag_ros_msgs/include/apriltag_ros_msgs/apriltag_ros_msgs/srv/detail/get_april_tag_detections__rosidl_typesupport_fastrtps_c.h
[9.271s] -- Up-to-date: /opt/moveit_studio/user_ws/install/apriltag_ros_msgs/include/apriltag_ros_msgs/apriltag_ros_msgs/msg
[9.271s] -- Up-to-date: /opt/moveit_studio/user_ws/install/apriltag_ros_msgs/include/apriltag_ros_msgs/apriltag_ros_msgs/msg/detail
[9.271s] -- Installing: /opt/moveit_studio/user_ws/install/apriltag_ros_msgs/include/apriltag_ros_msgs/apriltag_ros_msgs/msg/detail/detection__rosidl_typesupport_fastrtps_c.h
[9.271s] -- Installing: /opt/moveit_studio/user_ws/install/apriltag_ros_msgs/include/apriltag_ros_msgs/apriltag_ros_msgs/msg/rosidl_typesupport_fastrtps_c__visibility_control.h
[9.271s] -- Installing: /opt/moveit_studio/user_ws/install/apriltag_ros_msgs/lib/libapriltag_ros_msgs__rosidl_typesupport_fastrtps_c.so
[9.272s] -- Set runtime path of "/opt/moveit_studio/user_ws/install/apriltag_ros_msgs/lib/libapriltag_ros_msgs__rosidl_typesupport_fastrtps_c.so" to ""
[9.272s] -- Up-to-date: /opt/moveit_studio/user_ws/install/apriltag_ros_msgs/include/apriltag_ros_msgs/apriltag_ros_msgs
[9.272s] -- Up-to-date: /opt/moveit_studio/user_ws/install/apriltag_ros_msgs/include/apriltag_ros_msgs/apriltag_ros_msgs/srv
[9.272s] -- Installing: /opt/moveit_studio/user_ws/install/apriltag_ros_msgs/include/apriltag_ros_msgs/apriltag_ros_msgs/srv/get_april_tag_detections.hpp
[9.272s] -- Up-to-date: /opt/moveit_studio/user_ws/install/apriltag_ros_msgs/include/apriltag_ros_msgs/apriltag_ros_msgs/srv/detail
[9.272s] -- Installing: /opt/moveit_studio/user_ws/install/apriltag_ros_msgs/include/apriltag_ros_msgs/apriltag_ros_msgs/srv/detail/get_april_tag_detections__struct.hpp
[9.272s] -- Installing: /opt/moveit_studio/user_ws/install/apriltag_ros_msgs/include/apriltag_ros_msgs/apriltag_ros_msgs/srv/detail/get_april_tag_detections__traits.hpp
[9.272s] -- Installing: /opt/moveit_studio/user_ws/install/apriltag_ros_msgs/include/apriltag_ros_msgs/apriltag_ros_msgs/srv/detail/get_april_tag_detections__builder.hpp
[9.272s] -- Up-to-date: /opt/moveit_studio/user_ws/install/apriltag_ros_msgs/include/apriltag_ros_msgs/apriltag_ros_msgs/msg
[9.272s] -- Installing: /opt/moveit_studio/user_ws/install/apriltag_ros_msgs/include/apriltag_ros_msgs/apriltag_ros_msgs/msg/detection.hpp
[9.272s] -- Up-to-date: /opt/moveit_studio/user_ws/install/apriltag_ros_msgs/include/apriltag_ros_msgs/apriltag_ros_msgs/msg/detail
[9.272s] -- Installing: /opt/moveit_studio/user_ws/install/apriltag_ros_msgs/include/apriltag_ros_msgs/apriltag_ros_msgs/msg/detail/detection__builder.hpp
[9.273s] -- Installing: /opt/moveit_studio/user_ws/install/apriltag_ros_msgs/include/apriltag_ros_msgs/apriltag_ros_msgs/msg/detail/detection__struct.hpp
[9.273s] -- Installing: /opt/moveit_studio/user_ws/install/apriltag_ros_msgs/include/apriltag_ros_msgs/apriltag_ros_msgs/msg/detail/detection__traits.hpp
[9.273s] -- Up-to-date: /opt/moveit_studio/user_ws/install/apriltag_ros_msgs/include/apriltag_ros_msgs/apriltag_ros_msgs
[9.273s] -- Up-to-date: /opt/moveit_studio/user_ws/install/apriltag_ros_msgs/include/apriltag_ros_msgs/apriltag_ros_msgs/srv
[9.273s] -- Up-to-date: /opt/moveit_studio/user_ws/install/apriltag_ros_msgs/include/apriltag_ros_msgs/apriltag_ros_msgs/srv/detail
[9.273s] -- Installing: /opt/moveit_studio/user_ws/install/apriltag_ros_msgs/include/apriltag_ros_msgs/apriltag_ros_msgs/srv/detail/dds_fastrtps
[9.273s] -- Installing: /opt/moveit_studio/user_ws/install/apriltag_ros_msgs/include/apriltag_ros_msgs/apriltag_ros_msgs/srv/detail/get_april_tag_detections__rosidl_typesupport_fastrtps_cpp.hpp
[9.273s] -- Up-to-date: /opt/moveit_studio/user_ws/install/apriltag_ros_msgs/include/apriltag_ros_msgs/apriltag_ros_msgs/msg
[9.273s] -- Installing: /opt/moveit_studio/user_ws/install/apriltag_ros_msgs/include/apriltag_ros_msgs/apriltag_ros_msgs/msg/rosidl_typesupport_fastrtps_cpp__visibility_control.h
[9.273s] -- Up-to-date: /opt/moveit_studio/user_ws/install/apriltag_ros_msgs/include/apriltag_ros_msgs/apriltag_ros_msgs/msg/detail
[9.274s] -- Installing: /opt/moveit_studio/user_ws/install/apriltag_ros_msgs/include/apriltag_ros_msgs/apriltag_ros_msgs/msg/detail/dds_fastrtps
[9.275s] -- Installing: /opt/moveit_studio/user_ws/install/apriltag_ros_msgs/include/apriltag_ros_msgs/apriltag_ros_msgs/msg/detail/detection__rosidl_typesupport_fastrtps_cpp.hpp
[9.277s] -- Installing: /opt/moveit_studio/user_ws/install/apriltag_ros_msgs/lib/libapriltag_ros_msgs__rosidl_typesupport_fastrtps_cpp.so
[9.280s] -- Set runtime path of "/opt/moveit_studio/user_ws/install/apriltag_ros_msgs/lib/libapriltag_ros_msgs__rosidl_typesupport_fastrtps_cpp.so" to ""
[9.281s] -- Up-to-date: /opt/moveit_studio/user_ws/install/apriltag_ros_msgs/include/apriltag_ros_msgs/apriltag_ros_msgs
[9.282s] -- Up-to-date: /opt/moveit_studio/user_ws/install/apriltag_ros_msgs/include/apriltag_ros_msgs/apriltag_ros_msgs/srv
[9.283s] -- Up-to-date: /opt/moveit_studio/user_ws/install/apriltag_ros_msgs/include/apriltag_ros_msgs/apriltag_ros_msgs/srv/detail
[9.284s] -- Installing: /opt/moveit_studio/user_ws/install/apriltag_ros_msgs/include/apriltag_ros_msgs/apriltag_ros_msgs/srv/detail/get_april_tag_detections__type_support.c
[9.290s] -- Installing: /opt/moveit_studio/user_ws/install/apriltag_ros_msgs/include/apriltag_ros_msgs/apriltag_ros_msgs/srv/detail/get_april_tag_detections__rosidl_typesupport_introspection_c.h
[9.290s] -- Up-to-date: /opt/moveit_studio/user_ws/install/apriltag_ros_msgs/include/apriltag_ros_msgs/apriltag_ros_msgs/msg
[9.290s] -- Installing: /opt/moveit_studio/user_ws/install/apriltag_ros_msgs/include/apriltag_ros_msgs/apriltag_ros_msgs/msg/rosidl_typesupport_introspection_c__visibility_control.h
[9.290s] -- Up-to-date: /opt/moveit_studio/user_ws/install/apriltag_ros_msgs/include/apriltag_ros_msgs/apriltag_ros_msgs/msg/detail
[9.290s] -- Installing: /opt/moveit_studio/user_ws/install/apriltag_ros_msgs/include/apriltag_ros_msgs/apriltag_ros_msgs/msg/detail/detection__rosidl_typesupport_introspection_c.h
[9.290s] -- Installing: /opt/moveit_studio/user_ws/install/apriltag_ros_msgs/include/apriltag_ros_msgs/apriltag_ros_msgs/msg/detail/detection__type_support.c
[9.290s] -- Installing: /opt/moveit_studio/user_ws/install/apriltag_ros_msgs/lib/libapriltag_ros_msgs__rosidl_typesupport_introspection_c.so
[9.291s] -- Set runtime path of "/opt/moveit_studio/user_ws/install/apriltag_ros_msgs/lib/libapriltag_ros_msgs__rosidl_typesupport_introspection_c.so" to ""
[9.291s] -- Installing: /opt/moveit_studio/user_ws/install/apriltag_ros_msgs/lib/libapriltag_ros_msgs__rosidl_typesupport_c.so
[9.291s] -- Set runtime path of "/opt/moveit_studio/user_ws/install/apriltag_ros_msgs/lib/libapriltag_ros_msgs__rosidl_typesupport_c.so" to ""
[9.291s] -- Up-to-date: /opt/moveit_studio/user_ws/install/apriltag_ros_msgs/include/apriltag_ros_msgs/apriltag_ros_msgs
[9.291s] -- Up-to-date: /opt/moveit_studio/user_ws/install/apriltag_ros_msgs/include/apriltag_ros_msgs/apriltag_ros_msgs/srv
[9.291s] -- Up-to-date: /opt/moveit_studio/user_ws/install/apriltag_ros_msgs/include/apriltag_ros_msgs/apriltag_ros_msgs/srv/detail
[9.291s] -- Installing: /opt/moveit_studio/user_ws/install/apriltag_ros_msgs/include/apriltag_ros_msgs/apriltag_ros_msgs/srv/detail/get_april_tag_detections__type_support.cpp
[9.291s] -- Installing: /opt/moveit_studio/user_ws/install/apriltag_ros_msgs/include/apriltag_ros_msgs/apriltag_ros_msgs/srv/detail/get_april_tag_detections__rosidl_typesupport_introspection_cpp.hpp
[9.291s] -- Up-to-date: /opt/moveit_studio/user_ws/install/apriltag_ros_msgs/include/apriltag_ros_msgs/apriltag_ros_msgs/msg
[9.291s] -- Up-to-date: /opt/moveit_studio/user_ws/install/apriltag_ros_msgs/include/apriltag_ros_msgs/apriltag_ros_msgs/msg/detail
[9.291s] -- Installing: /opt/moveit_studio/user_ws/install/apriltag_ros_msgs/include/apriltag_ros_msgs/apriltag_ros_msgs/msg/detail/detection__type_support.cpp
[9.292s] -- Installing: /opt/moveit_studio/user_ws/install/apriltag_ros_msgs/include/apriltag_ros_msgs/apriltag_ros_msgs/msg/detail/detection__rosidl_typesupport_introspection_cpp.hpp
[9.292s] -- Installing: /opt/moveit_studio/user_ws/install/apriltag_ros_msgs/lib/libapriltag_ros_msgs__rosidl_typesupport_introspection_cpp.so
[9.292s] -- Set runtime path of "/opt/moveit_studio/user_ws/install/apriltag_ros_msgs/lib/libapriltag_ros_msgs__rosidl_typesupport_introspection_cpp.so" to ""
[9.292s] -- Installing: /opt/moveit_studio/user_ws/install/apriltag_ros_msgs/lib/libapriltag_ros_msgs__rosidl_typesupport_cpp.so
[9.292s] -- Set runtime path of "/opt/moveit_studio/user_ws/install/apriltag_ros_msgs/lib/libapriltag_ros_msgs__rosidl_typesupport_cpp.so" to ""
[9.292s] -- Installing: /opt/moveit_studio/user_ws/install/apriltag_ros_msgs/share/apriltag_ros_msgs/environment/pythonpath.sh
[9.292s] -- Installing: /opt/moveit_studio/user_ws/install/apriltag_ros_msgs/share/apriltag_ros_msgs/environment/pythonpath.dsv
[9.292s] -- Installing: /opt/moveit_studio/user_ws/install/apriltag_ros_msgs/local/lib/python3.10/dist-packages/apriltag_ros_msgs-1.0.0-py3.10.egg-info
[9.292s] -- Installing: /opt/moveit_studio/user_ws/install/apriltag_ros_msgs/local/lib/python3.10/dist-packages/apriltag_ros_msgs-1.0.0-py3.10.egg-info/top_level.txt
[9.292s] -- Installing: /opt/moveit_studio/user_ws/install/apriltag_ros_msgs/local/lib/python3.10/dist-packages/apriltag_ros_msgs-1.0.0-py3.10.egg-info/SOURCES.txt
[9.292s] -- Installing: /opt/moveit_studio/user_ws/install/apriltag_ros_msgs/local/lib/python3.10/dist-packages/apriltag_ros_msgs-1.0.0-py3.10.egg-info/PKG-INFO
[9.293s] -- Installing: /opt/moveit_studio/user_ws/install/apriltag_ros_msgs/local/lib/python3.10/dist-packages/apriltag_ros_msgs-1.0.0-py3.10.egg-info/dependency_links.txt
[9.293s] -- Installing: /opt/moveit_studio/user_ws/install/apriltag_ros_msgs/local/lib/python3.10/dist-packages/apriltag_ros_msgs
[9.293s] -- Installing: /opt/moveit_studio/user_ws/install/apriltag_ros_msgs/local/lib/python3.10/dist-packages/apriltag_ros_msgs/apriltag_ros_msgs_s__rosidl_typesupport_c.cpython-310-x86_64-linux-gnu.so
[9.293s] -- Installing: /opt/moveit_studio/user_ws/install/apriltag_ros_msgs/local/lib/python3.10/dist-packages/apriltag_ros_msgs/__init__.py
[9.293s] -- Installing: /opt/moveit_studio/user_ws/install/apriltag_ros_msgs/local/lib/python3.10/dist-packages/apriltag_ros_msgs/apriltag_ros_msgs_s__rosidl_typesupport_introspection_c.cpython-310-x86_64-linux-gnu.so
[9.293s] -- Installing: /opt/moveit_studio/user_ws/install/apriltag_ros_msgs/local/lib/python3.10/dist-packages/apriltag_ros_msgs/srv
[9.293s] -- Installing: /opt/moveit_studio/user_ws/install/apriltag_ros_msgs/local/lib/python3.10/dist-packages/apriltag_ros_msgs/srv/__init__.py
[9.293s] -- Installing: /opt/moveit_studio/user_ws/install/apriltag_ros_msgs/local/lib/python3.10/dist-packages/apriltag_ros_msgs/srv/_get_april_tag_detections.py
[9.293s] -- Installing: /opt/moveit_studio/user_ws/install/apriltag_ros_msgs/local/lib/python3.10/dist-packages/apriltag_ros_msgs/srv/_get_april_tag_detections_s.c
[9.293s] -- Installing: /opt/moveit_studio/user_ws/install/apriltag_ros_msgs/local/lib/python3.10/dist-packages/apriltag_ros_msgs/msg
[9.293s] -- Installing: /opt/moveit_studio/user_ws/install/apriltag_ros_msgs/local/lib/python3.10/dist-packages/apriltag_ros_msgs/msg/_detection.py
[9.294s] -- Installing: /opt/moveit_studio/user_ws/install/apriltag_ros_msgs/local/lib/python3.10/dist-packages/apriltag_ros_msgs/msg/__init__.py
[9.294s] -- Installing: /opt/moveit_studio/user_ws/install/apriltag_ros_msgs/local/lib/python3.10/dist-packages/apriltag_ros_msgs/msg/_detection_s.c
[9.294s] -- Installing: /opt/moveit_studio/user_ws/install/apriltag_ros_msgs/local/lib/python3.10/dist-packages/apriltag_ros_msgs/_apriltag_ros_msgs_s.ep.rosidl_typesupport_c.c
[9.294s] -- Installing: /opt/moveit_studio/user_ws/install/apriltag_ros_msgs/local/lib/python3.10/dist-packages/apriltag_ros_msgs/_apriltag_ros_msgs_s.ep.rosidl_typesupport_fastrtps_c.c
[9.294s] -- Installing: /opt/moveit_studio/user_ws/install/apriltag_ros_msgs/local/lib/python3.10/dist-packages/apriltag_ros_msgs/libapriltag_ros_msgs__rosidl_generator_py.so
[9.294s] -- Installing: /opt/moveit_studio/user_ws/install/apriltag_ros_msgs/local/lib/python3.10/dist-packages/apriltag_ros_msgs/apriltag_ros_msgs_s__rosidl_typesupport_fastrtps_c.cpython-310-x86_64-linux-gnu.so
[9.294s] -- Installing: /opt/moveit_studio/user_ws/install/apriltag_ros_msgs/local/lib/python3.10/dist-packages/apriltag_ros_msgs/_apriltag_ros_msgs_s.ep.rosidl_typesupport_introspection_c.c
[9.362s] Listing '/opt/moveit_studio/user_ws/install/apriltag_ros_msgs/local/lib/python3.10/dist-packages/apriltag_ros_msgs'...
[9.362s] Compiling '/opt/moveit_studio/user_ws/install/apriltag_ros_msgs/local/lib/python3.10/dist-packages/apriltag_ros_msgs/__init__.py'...
[9.362s] Listing '/opt/moveit_studio/user_ws/install/apriltag_ros_msgs/local/lib/python3.10/dist-packages/apriltag_ros_msgs/msg'...
[9.362s] Compiling '/opt/moveit_studio/user_ws/install/apriltag_ros_msgs/local/lib/python3.10/dist-packages/apriltag_ros_msgs/msg/__init__.py'...
[9.362s] Compiling '/opt/moveit_studio/user_ws/install/apriltag_ros_msgs/local/lib/python3.10/dist-packages/apriltag_ros_msgs/msg/_detection.py'...
[9.362s] Listing '/opt/moveit_studio/user_ws/install/apriltag_ros_msgs/local/lib/python3.10/dist-packages/apriltag_ros_msgs/srv'...
[9.362s] Compiling '/opt/moveit_studio/user_ws/install/apriltag_ros_msgs/local/lib/python3.10/dist-packages/apriltag_ros_msgs/srv/__init__.py'...
[9.362s] Compiling '/opt/moveit_studio/user_ws/install/apriltag_ros_msgs/local/lib/python3.10/dist-packages/apriltag_ros_msgs/srv/_get_april_tag_detections.py'...
[9.366s] -- Installing: /opt/moveit_studio/user_ws/install/apriltag_ros_msgs/local/lib/python3.10/dist-packages/apriltag_ros_msgs/apriltag_ros_msgs_s__rosidl_typesupport_fastrtps_c.cpython-310-x86_64-linux-gnu.so
[9.366s] -- Set runtime path of "/opt/moveit_studio/user_ws/install/apriltag_ros_msgs/local/lib/python3.10/dist-packages/apriltag_ros_msgs/apriltag_ros_msgs_s__rosidl_typesupport_fastrtps_c.cpython-310-x86_64-linux-gnu.so" to ""
[9.366s] -- Installing: /opt/moveit_studio/user_ws/install/apriltag_ros_msgs/local/lib/python3.10/dist-packages/apriltag_ros_msgs/apriltag_ros_msgs_s__rosidl_typesupport_introspection_c.cpython-310-x86_64-linux-gnu.so
[9.366s] -- Set runtime path of "/opt/moveit_studio/user_ws/install/apriltag_ros_msgs/local/lib/python3.10/dist-packages/apriltag_ros_msgs/apriltag_ros_msgs_s__rosidl_typesupport_introspection_c.cpython-310-x86_64-linux-gnu.so" to ""
[9.366s] -- Installing: /opt/moveit_studio/user_ws/install/apriltag_ros_msgs/local/lib/python3.10/dist-packages/apriltag_ros_msgs/apriltag_ros_msgs_s__rosidl_typesupport_c.cpython-310-x86_64-linux-gnu.so
[9.367s] -- Set runtime path of "/opt/moveit_studio/user_ws/install/apriltag_ros_msgs/local/lib/python3.10/dist-packages/apriltag_ros_msgs/apriltag_ros_msgs_s__rosidl_typesupport_c.cpython-310-x86_64-linux-gnu.so" to ""
[9.367s] -- Installing: /opt/moveit_studio/user_ws/install/apriltag_ros_msgs/lib/libapriltag_ros_msgs__rosidl_generator_py.so
[9.367s] -- Set runtime path of "/opt/moveit_studio/user_ws/install/apriltag_ros_msgs/lib/libapriltag_ros_msgs__rosidl_generator_py.so" to ""
[9.367s] -- Installing: /opt/moveit_studio/user_ws/install/apriltag_ros_msgs/share/apriltag_ros_msgs/msg/Detection.idl
[9.367s] -- Installing: /opt/moveit_studio/user_ws/install/apriltag_ros_msgs/share/apriltag_ros_msgs/srv/GetAprilTagDetections.idl
[9.367s] -- Installing: /opt/moveit_studio/user_ws/install/apriltag_ros_msgs/share/apriltag_ros_msgs/msg/Detection.msg
[9.367s] -- Installing: /opt/moveit_studio/user_ws/install/apriltag_ros_msgs/share/apriltag_ros_msgs/srv/GetAprilTagDetections.srv
[9.367s] -- Installing: /opt/moveit_studio/user_ws/install/apriltag_ros_msgs/share/apriltag_ros_msgs/srv/GetAprilTagDetections_Request.msg
[9.367s] -- Installing: /opt/moveit_studio/user_ws/install/apriltag_ros_msgs/share/apriltag_ros_msgs/srv/GetAprilTagDetections_Response.msg
[9.368s] -- Installing: /opt/moveit_studio/user_ws/install/apriltag_ros_msgs/share/ament_index/resource_index/package_run_dependencies/apriltag_ros_msgs
[9.368s] -- Installing: /opt/moveit_studio/user_ws/install/apriltag_ros_msgs/share/ament_index/resource_index/parent_prefix_path/apriltag_ros_msgs
[9.368s] -- Installing: /opt/moveit_studio/user_ws/install/apriltag_ros_msgs/share/apriltag_ros_msgs/environment/ament_prefix_path.sh
[9.368s] -- Installing: /opt/moveit_studio/user_ws/install/apriltag_ros_msgs/share/apriltag_ros_msgs/environment/ament_prefix_path.dsv
[9.368s] -- Installing: /opt/moveit_studio/user_ws/install/apriltag_ros_msgs/share/apriltag_ros_msgs/environment/path.sh
[9.368s] -- Installing: /opt/moveit_studio/user_ws/install/apriltag_ros_msgs/share/apriltag_ros_msgs/environment/path.dsv
[9.368s] -- Installing: /opt/moveit_studio/user_ws/install/apriltag_ros_msgs/share/apriltag_ros_msgs/local_setup.bash
[9.369s] -- Installing: /opt/moveit_studio/user_ws/install/apriltag_ros_msgs/share/apriltag_ros_msgs/local_setup.sh
[9.369s] -- Installing: /opt/moveit_studio/user_ws/install/apriltag_ros_msgs/share/apriltag_ros_msgs/local_setup.zsh
[9.369s] -- Installing: /opt/moveit_studio/user_ws/install/apriltag_ros_msgs/share/apriltag_ros_msgs/local_setup.dsv
[9.369s] -- Installing: /opt/moveit_studio/user_ws/install/apriltag_ros_msgs/share/apriltag_ros_msgs/package.dsv
[9.369s] -- Installing: /opt/moveit_studio/user_ws/install/apriltag_ros_msgs/share/ament_index/resource_index/packages/apriltag_ros_msgs
[9.370s] -- Installing: /opt/moveit_studio/user_ws/install/apriltag_ros_msgs/share/apriltag_ros_msgs/cmake/export_apriltag_ros_msgs__rosidl_generator_cExport.cmake
[9.370s] -- Installing: /opt/moveit_studio/user_ws/install/apriltag_ros_msgs/share/apriltag_ros_msgs/cmake/export_apriltag_ros_msgs__rosidl_generator_cExport-release.cmake
[9.370s] -- Installing: /opt/moveit_studio/user_ws/install/apriltag_ros_msgs/share/apriltag_ros_msgs/cmake/export_apriltag_ros_msgs__rosidl_typesupport_fastrtps_cExport.cmake
[9.370s] -- Installing: /opt/moveit_studio/user_ws/install/apriltag_ros_msgs/share/apriltag_ros_msgs/cmake/export_apriltag_ros_msgs__rosidl_typesupport_fastrtps_cExport-release.cmake
[9.370s] -- Installing: /opt/moveit_studio/user_ws/install/apriltag_ros_msgs/share/apriltag_ros_msgs/cmake/export_apriltag_ros_msgs__rosidl_generator_cppExport.cmake
[9.370s] -- Installing: /opt/moveit_studio/user_ws/install/apriltag_ros_msgs/share/apriltag_ros_msgs/cmake/export_apriltag_ros_msgs__rosidl_typesupport_fastrtps_cppExport.cmake
[9.370s] -- Installing: /opt/moveit_studio/user_ws/install/apriltag_ros_msgs/share/apriltag_ros_msgs/cmake/export_apriltag_ros_msgs__rosidl_typesupport_fastrtps_cppExport-release.cmake
[9.370s] -- Installing: /opt/moveit_studio/user_ws/install/apriltag_ros_msgs/share/apriltag_ros_msgs/cmake/apriltag_ros_msgs__rosidl_typesupport_introspection_cExport.cmake
[9.371s] -- Installing: /opt/moveit_studio/user_ws/install/apriltag_ros_msgs/share/apriltag_ros_msgs/cmake/apriltag_ros_msgs__rosidl_typesupport_introspection_cExport-release.cmake
[9.371s] -- Installing: /opt/moveit_studio/user_ws/install/apriltag_ros_msgs/share/apriltag_ros_msgs/cmake/apriltag_ros_msgs__rosidl_typesupport_cExport.cmake
[9.371s] -- Installing: /opt/moveit_studio/user_ws/install/apriltag_ros_msgs/share/apriltag_ros_msgs/cmake/apriltag_ros_msgs__rosidl_typesupport_cExport-release.cmake
[9.371s] -- Installing: /opt/moveit_studio/user_ws/install/apriltag_ros_msgs/share/apriltag_ros_msgs/cmake/apriltag_ros_msgs__rosidl_typesupport_introspection_cppExport.cmake
[9.371s] -- Installing: /opt/moveit_studio/user_ws/install/apriltag_ros_msgs/share/apriltag_ros_msgs/cmake/apriltag_ros_msgs__rosidl_typesupport_introspection_cppExport-release.cmake
[9.371s] -- Installing: /opt/moveit_studio/user_ws/install/apriltag_ros_msgs/share/apriltag_ros_msgs/cmake/apriltag_ros_msgs__rosidl_typesupport_cppExport.cmake
[9.371s] -- Installing: /opt/moveit_studio/user_ws/install/apriltag_ros_msgs/share/apriltag_ros_msgs/cmake/apriltag_ros_msgs__rosidl_typesupport_cppExport-release.cmake
[9.372s] -- Installing: /opt/moveit_studio/user_ws/install/apriltag_ros_msgs/share/apriltag_ros_msgs/cmake/export_apriltag_ros_msgs__rosidl_generator_pyExport.cmake
[9.372s] -- Installing: /opt/moveit_studio/user_ws/install/apriltag_ros_msgs/share/apriltag_ros_msgs/cmake/export_apriltag_ros_msgs__rosidl_generator_pyExport-release.cmake
[9.372s] -- Installing: /opt/moveit_studio/user_ws/install/apriltag_ros_msgs/share/apriltag_ros_msgs/cmake/rosidl_cmake-extras.cmake
[9.372s] -- Installing: /opt/moveit_studio/user_ws/install/apriltag_ros_msgs/share/apriltag_ros_msgs/cmake/ament_cmake_export_dependencies-extras.cmake
[9.372s] -- Installing: /opt/moveit_studio/user_ws/install/apriltag_ros_msgs/share/apriltag_ros_msgs/cmake/ament_cmake_export_include_directories-extras.cmake
[9.372s] -- Installing: /opt/moveit_studio/user_ws/install/apriltag_ros_msgs/share/apriltag_ros_msgs/cmake/ament_cmake_export_libraries-extras.cmake
[9.372s] -- Installing: /opt/moveit_studio/user_ws/install/apriltag_ros_msgs/share/apriltag_ros_msgs/cmake/ament_cmake_export_targets-extras.cmake
[9.373s] -- Installing: /opt/moveit_studio/user_ws/install/apriltag_ros_msgs/share/apriltag_ros_msgs/cmake/rosidl_cmake_export_typesupport_targets-extras.cmake
[9.373s] -- Installing: /opt/moveit_studio/user_ws/install/apriltag_ros_msgs/share/apriltag_ros_msgs/cmake/rosidl_cmake_export_typesupport_libraries-extras.cmake
[9.373s] -- Installing: /opt/moveit_studio/user_ws/install/apriltag_ros_msgs/share/apriltag_ros_msgs/cmake/apriltag_ros_msgsConfig.cmake
[9.373s] -- Installing: /opt/moveit_studio/user_ws/install/apriltag_ros_msgs/share/apriltag_ros_msgs/cmake/apriltag_ros_msgsConfig-version.cmake
[9.373s] -- Installing: /opt/moveit_studio/user_ws/install/apriltag_ros_msgs/share/apriltag_ros_msgs/package.xml
[9.376s] Invoked command in '/opt/moveit_studio/user_ws/build/apriltag_ros_msgs' returned '0': CMAKE_PREFIX_PATH=${CMAKE_PREFIX_PATH}:/opt/overlay_ws/install/moveit_studio_rest_api:/opt/overlay_ws/install/moveit_studio_bridge:/opt/overlay_ws/install/moveit_studio_utils_py:/opt/overlay_ws/install/moveit_studio_site_config_template:/opt/overlay_ws/install/moveit_studio_behavior_template:/opt/underlay_ws/install/rqt_controller_manager:/opt/underlay_ws/install/ros2controlcli:/opt/underlay_ws/install/moveit_configs_utils:/opt/ros/humble /usr/bin/cmake --install /opt/moveit_studio/user_ws/build/apriltag_ros_msgs
