-- Install configuration: "Release"
-- Up-to-date: /opt/moveit_studio/user_ws/install/ur_site_config/share/ur_site_config/config
-- Up-to-date: /opt/moveit_studio/user_ws/install/ur_site_config/share/ur_site_config/config/site_config.yaml
-- Up-to-date: /opt/moveit_studio/user_ws/install/ur_site_config/share/ur_site_config/objectives
-- Up-to-date: /opt/moveit_studio/user_ws/install/ur_site_config/share/ur_site_config/objectives/.gitkeep
-- Up-to-date: /opt/moveit_studio/user_ws/install/ur_site_config/share/ament_index/resource_index/package_run_dependencies/ur_site_config
-- Up-to-date: /opt/moveit_studio/user_ws/install/ur_site_config/share/ament_index/resource_index/parent_prefix_path/ur_site_config
-- Up-to-date: /opt/moveit_studio/user_ws/install/ur_site_config/share/ur_site_config/environment/ament_prefix_path.sh
-- Up-to-date: /opt/moveit_studio/user_ws/install/ur_site_config/share/ur_site_config/environment/ament_prefix_path.dsv
-- Up-to-date: /opt/moveit_studio/user_ws/install/ur_site_config/share/ur_site_config/environment/path.sh
-- Up-to-date: /opt/moveit_studio/user_ws/install/ur_site_config/share/ur_site_config/environment/path.dsv
-- Up-to-date: /opt/moveit_studio/user_ws/install/ur_site_config/share/ur_site_config/local_setup.bash
-- Up-to-date: /opt/moveit_studio/user_ws/install/ur_site_config/share/ur_site_config/local_setup.sh
-- Up-to-date: /opt/moveit_studio/user_ws/install/ur_site_config/share/ur_site_config/local_setup.zsh
-- Up-to-date: /opt/moveit_studio/user_ws/install/ur_site_config/share/ur_site_config/local_setup.dsv
-- Up-to-date: /opt/moveit_studio/user_ws/install/ur_site_config/share/ur_site_config/package.dsv
-- Up-to-date: /opt/moveit_studio/user_ws/install/ur_site_config/share/ament_index/resource_index/packages/ur_site_config
-- Up-to-date: /opt/moveit_studio/user_ws/install/ur_site_config/share/ur_site_config/cmake/ur_site_configConfig.cmake
-- Up-to-date: /opt/moveit_studio/user_ws/install/ur_site_config/share/ur_site_config/cmake/ur_site_configConfig-version.cmake
-- Up-to-date: /opt/moveit_studio/user_ws/install/ur_site_config/share/ur_site_config/package.xml
