-- Install configuration: "Release"
-- Up-to-date: /opt/moveit_studio/user_ws/install/ur_hardware_config/share/ur_hardware_config/calibration
-- Up-to-date: /opt/moveit_studio/user_ws/install/ur_hardware_config/share/ur_hardware_config/calibration/kinematic_calibration.yaml
-- Up-to-date: /opt/moveit_studio/user_ws/install/ur_hardware_config/share/ur_hardware_config/config
-- Up-to-date: /opt/moveit_studio/user_ws/install/ur_hardware_config/share/ur_hardware_config/config/site_config.yaml
-- Up-to-date: /opt/moveit_studio/user_ws/install/ur_hardware_config/share/ur_hardware_config/config/cameras.yaml
-- Up-to-date: /opt/moveit_studio/user_ws/install/ur_hardware_config/share/ur_hardware_config/config/moveit
-- Up-to-date: /opt/moveit_studio/user_ws/install/ur_hardware_config/share/ur_hardware_config/config/moveit/picknik_007_ur5e.srdf
-- Up-to-date: /opt/moveit_studio/user_ws/install/ur_hardware_config/share/ur_hardware_config/description
-- Up-to-date: /opt/moveit_studio/user_ws/install/ur_hardware_config/share/ur_hardware_config/description/picknik_007_ur5e.xacro
-- Up-to-date: /opt/moveit_studio/user_ws/install/ur_hardware_config/share/ur_hardware_config/launch
-- Up-to-date: /opt/moveit_studio/user_ws/install/ur_hardware_config/share/ur_hardware_config/launch/bringup.launch.py
-- Up-to-date: /opt/moveit_studio/user_ws/install/ur_hardware_config/share/ur_hardware_config/objectives
-- Up-to-date: /opt/moveit_studio/user_ws/install/ur_hardware_config/share/ur_hardware_config/objectives/.gitkeep
-- Up-to-date: /opt/moveit_studio/user_ws/install/ur_hardware_config/share/ur_hardware_config/waypoints
-- Up-to-date: /opt/moveit_studio/user_ws/install/ur_hardware_config/share/ur_hardware_config/waypoints/waypoints.yaml
-- Up-to-date: /opt/moveit_studio/user_ws/install/ur_hardware_config/share/ament_index/resource_index/package_run_dependencies/ur_hardware_config
-- Up-to-date: /opt/moveit_studio/user_ws/install/ur_hardware_config/share/ament_index/resource_index/parent_prefix_path/ur_hardware_config
-- Up-to-date: /opt/moveit_studio/user_ws/install/ur_hardware_config/share/ur_hardware_config/environment/ament_prefix_path.sh
-- Up-to-date: /opt/moveit_studio/user_ws/install/ur_hardware_config/share/ur_hardware_config/environment/ament_prefix_path.dsv
-- Up-to-date: /opt/moveit_studio/user_ws/install/ur_hardware_config/share/ur_hardware_config/environment/path.sh
-- Up-to-date: /opt/moveit_studio/user_ws/install/ur_hardware_config/share/ur_hardware_config/environment/path.dsv
-- Up-to-date: /opt/moveit_studio/user_ws/install/ur_hardware_config/share/ur_hardware_config/local_setup.bash
-- Up-to-date: /opt/moveit_studio/user_ws/install/ur_hardware_config/share/ur_hardware_config/local_setup.sh
-- Up-to-date: /opt/moveit_studio/user_ws/install/ur_hardware_config/share/ur_hardware_config/local_setup.zsh
-- Up-to-date: /opt/moveit_studio/user_ws/install/ur_hardware_config/share/ur_hardware_config/local_setup.dsv
-- Installing: /opt/moveit_studio/user_ws/install/ur_hardware_config/share/ur_hardware_config/package.dsv
-- Up-to-date: /opt/moveit_studio/user_ws/install/ur_hardware_config/share/ament_index/resource_index/packages/ur_hardware_config
-- Up-to-date: /opt/moveit_studio/user_ws/install/ur_hardware_config/share/ur_hardware_config/cmake/ur_hardware_configConfig.cmake
-- Up-to-date: /opt/moveit_studio/user_ws/install/ur_hardware_config/share/ur_hardware_config/cmake/ur_hardware_configConfig-version.cmake
-- Up-to-date: /opt/moveit_studio/user_ws/install/ur_hardware_config/share/ur_hardware_config/package.xml
