[0.025s] Invoking command in '/opt/moveit_studio/user_ws/build/setup_mtc_pick_from_pose': CMAKE_PREFIX_PATH=${CMAKE_PREFIX_PATH}:/opt/overlay_ws/install/moveit_studio_rest_api:/opt/overlay_ws/install/moveit_studio_bridge:/opt/overlay_ws/install/moveit_studio_utils_py:/opt/overlay_ws/install/moveit_studio_site_config_template:/opt/overlay_ws/install/moveit_studio_behavior_template:/opt/underlay_ws/install/rqt_controller_manager:/opt/underlay_ws/install/ros2controlcli:/opt/underlay_ws/install/moveit_configs_utils:/opt/ros/humble /usr/bin/cmake /opt/moveit_studio/user_ws/src/solution_setup_mtc_pick_from_pose -DCMAKE_C_FLAGS='--coverage' -DCMAKE_CXX_FLAGS='--coverage' -DBUILD_TESTING=ON -DCMAKE_BUILD_TYPE=Release -DCMAKE_EXPORT_COMPILE_COMMANDS=ON --no-warn-unused-cli -DCMAKE_EXE_LINKER_FLAGS=-fuse-ld=lld -DCMAKE_MODULE_LINKER_FLAGS=-fuse-ld=lld -DCMAKE_SHARED_LINKER_FLAGS=-fuse-ld=lld -DCMAKE_C_COMPILER_LAUNCHER=ccache -DCMAKE_CXX_COMPILER_LAUNCHER=ccache -DAMENT_CMAKE_PYTEST_WITH_COVERAGE=ON -DCMAKE_INSTALL_PREFIX=/opt/moveit_studio/user_ws/install/setup_mtc_pick_from_pose
[0.041s] Not searching for unused variables given on the command line.
[0.182s] -- The C compiler identification is GNU 11.3.0
[0.292s] -- The CXX compiler identification is GNU 11.3.0
[0.302s] -- Detecting C compiler ABI info
[0.532s] -- Detecting C compiler ABI info - done
[0.542s] -- Check for working C compiler: /usr/bin/cc - skipped
[0.542s] -- Detecting C compile features
[0.542s] -- Detecting C compile features - done
[0.546s] -- Detecting CXX compiler ABI info
[0.703s] -- Detecting CXX compiler ABI info - done
[0.709s] -- Check for working CXX compiler: /usr/bin/c++ - skipped
[0.709s] -- Detecting CXX compile features
[0.709s] -- Detecting CXX compile features - done
[0.737s] -- Found moveit_common: 2.7.4 (/opt/underlay_ws/install/moveit_common/share/moveit_common/cmake)
[0.752s] -- Found ament_cmake: 1.3.4 (/opt/ros/humble/share/ament_cmake/cmake)
[1.216s] -- Found Python3: /usr/bin/python3.10 (found version "3.10.6") found components: Interpreter 
[1.737s] -- Found libdw: /usr/lib/x86_64-linux-gnu/libdw.so  
[1.747s] -- Could NOT find libbfd (missing: LIBBFD_LIBRARY LIBBFD_INCLUDE_DIR) 
[1.747s] -- BACKWARD_HAS_UNWIND=1
[1.747s] -- BACKWARD_HAS_BACKTRACE=0
[1.747s] -- BACKWARD_HAS_BACKTRACE_SYMBOL=0
[1.747s] -- BACKWARD_HAS_DW=1
[1.747s] -- BACKWARD_HAS_BFD=0
[1.748s] -- Found Backward: /opt/ros/humble/share/backward_ros/cmake  
[1.752s] -- Found moveit_studio_behavior_interface: 2.3.0 (/opt/overlay_ws/install/moveit_studio_behavior_interface/share/moveit_studio_behavior_interface/cmake)
[1.980s] -- Found rosidl_generator_c: 3.1.4 (/opt/ros/humble/share/rosidl_generator_c/cmake)
[2.013s] -- Found rosidl_adapter: 3.1.4 (/opt/ros/humble/share/rosidl_adapter/cmake)
[2.040s] -- Found rosidl_generator_cpp: 3.1.4 (/opt/ros/humble/share/rosidl_generator_cpp/cmake)
[2.147s] -- Using all available rosidl_typesupport_c: rosidl_typesupport_fastrtps_c;rosidl_typesupport_introspection_c
[2.175s] -- Using all available rosidl_typesupport_cpp: rosidl_typesupport_fastrtps_cpp;rosidl_typesupport_introspection_cpp
[5.215s] -- Found Boost: /usr/lib/x86_64-linux-gnu/cmake/Boost-1.74.0/BoostConfig.cmake (found version "1.74.0") found components: chrono date_time filesystem iostreams program_options regex serialization system thread 
[5.433s] -- Found parameter_traits: 0.3.3 (/opt/ros/humble/share/parameter_traits/cmake)
[5.750s] -- Found rmw_implementation_cmake: 6.1.1 (/opt/ros/humble/share/rmw_implementation_cmake/cmake)
[5.762s] -- Found rmw_cyclonedds_cpp: 1.3.4 (/opt/ros/humble/share/rmw_cyclonedds_cpp/cmake)
[6.086s] -- Using RMW implementation 'rmw_cyclonedds_cpp' as default
[6.214s] -- Found Threads: TRUE  
[6.694s] -- Found rclcpp_lifecycle: 16.0.4 (/opt/ros/humble/share/rclcpp_lifecycle/cmake)
[6.835s] -- Found Boost: /usr/lib/x86_64-linux-gnu/cmake/Boost-1.74.0/BoostConfig.cmake (found version "1.74.0") found components: filesystem 
[7.198s] -- library: /usr/lib/x86_64-linux-gnu/libcurl.so
[7.271s] -- Found Eigen3: TRUE (found version "3.4.0") 
[7.271s] -- Ensuring Eigen3 include directory is part of orocos-kdl CMake target
[8.179s] -- Found Boost: /usr/lib/x86_64-linux-gnu/cmake/Boost-1.74.0/BoostConfig.cmake (found version "1.74.0") found components: system filesystem date_time program_options thread chrono 
[8.763s] -- Found Boost: /usr/lib/x86_64-linux-gnu/cmake/Boost-1.74.0/BoostConfig.cmake (found version "1.74.0") found components: date_time filesystem program_options system thread 
[9.025s] -- Found Boost: /usr/lib/x86_64-linux-gnu/cmake/Boost-1.74.0/BoostConfig.cmake (found version "1.74.0") found components: thread system filesystem regex date_time program_options 
[9.466s] -- Found Boost: /usr/lib/x86_64-linux-gnu/cmake/Boost-1.74.0/BoostConfig.cmake (found version "1.74.0") found components: system filesystem date_time program_options thread 
[10.097s] -- Found ament_lint_auto: 0.12.6 (/opt/ros/humble/share/ament_lint_auto/cmake)
[10.112s] -- Found ament_cmake_gtest: 1.3.4 (/opt/ros/humble/share/ament_cmake_gtest/cmake)
[10.128s] -- Found gtest sources under '/opt/ros/humble/src/gtest_vendor': C++ tests using 'Google Test' will be built
[10.209s] -- Added test 'lint_cmake' to check CMake code style
[10.212s] -- Configuring done
[10.276s] -- Generating done
[10.293s] -- Build files have been written to: /opt/moveit_studio/user_ws/build/setup_mtc_pick_from_pose
[10.306s] Invoked command in '/opt/moveit_studio/user_ws/build/setup_mtc_pick_from_pose' returned '0': CMAKE_PREFIX_PATH=${CMAKE_PREFIX_PATH}:/opt/overlay_ws/install/moveit_studio_rest_api:/opt/overlay_ws/install/moveit_studio_bridge:/opt/overlay_ws/install/moveit_studio_utils_py:/opt/overlay_ws/install/moveit_studio_site_config_template:/opt/overlay_ws/install/moveit_studio_behavior_template:/opt/underlay_ws/install/rqt_controller_manager:/opt/underlay_ws/install/ros2controlcli:/opt/underlay_ws/install/moveit_configs_utils:/opt/ros/humble /usr/bin/cmake /opt/moveit_studio/user_ws/src/solution_setup_mtc_pick_from_pose -DCMAKE_C_FLAGS='--coverage' -DCMAKE_CXX_FLAGS='--coverage' -DBUILD_TESTING=ON -DCMAKE_BUILD_TYPE=Release -DCMAKE_EXPORT_COMPILE_COMMANDS=ON --no-warn-unused-cli -DCMAKE_EXE_LINKER_FLAGS=-fuse-ld=lld -DCMAKE_MODULE_LINKER_FLAGS=-fuse-ld=lld -DCMAKE_SHARED_LINKER_FLAGS=-fuse-ld=lld -DCMAKE_C_COMPILER_LAUNCHER=ccache -DCMAKE_CXX_COMPILER_LAUNCHER=ccache -DAMENT_CMAKE_PYTEST_WITH_COVERAGE=ON -DCMAKE_INSTALL_PREFIX=/opt/moveit_studio/user_ws/install/setup_mtc_pick_from_pose
[10.307s] Invoking command in '/opt/moveit_studio/user_ws/build/setup_mtc_pick_from_pose': CMAKE_PREFIX_PATH=${CMAKE_PREFIX_PATH}:/opt/overlay_ws/install/moveit_studio_rest_api:/opt/overlay_ws/install/moveit_studio_bridge:/opt/overlay_ws/install/moveit_studio_utils_py:/opt/overlay_ws/install/moveit_studio_site_config_template:/opt/overlay_ws/install/moveit_studio_behavior_template:/opt/underlay_ws/install/rqt_controller_manager:/opt/underlay_ws/install/ros2controlcli:/opt/underlay_ws/install/moveit_configs_utils:/opt/ros/humble /usr/bin/cmake --build /opt/moveit_studio/user_ws/build/setup_mtc_pick_from_pose -- -j8 -l8
[10.435s] [ 22%] Building CXX object CMakeFiles/setup_mtc_pick_from_pose.dir/src/setup_mtc_pick_from_pose.cpp.o
[10.435s] [ 22%] Building CXX object gtest/CMakeFiles/gtest_main.dir/src/gtest_main.cc.o
[10.437s] [ 33%] Building CXX object gtest/CMakeFiles/gtest.dir/src/gtest-all.cc.o
[10.440s] [ 44%] Building CXX object CMakeFiles/setup_mtc_pick_from_pose.dir/src/register_behaviors.cpp.o
[12.094s] [ 55%] Linking CXX static library libgtest_main.a
[12.235s] [ 55%] Built target gtest_main
[25.970s] [ 66%] Linking CXX static library libgtest.a
[26.165s] [ 66%] Built target gtest
[37.423s] [ 77%] Linking CXX shared library libsetup_mtc_pick_from_pose.so
[37.526s] [ 77%] Built target setup_mtc_pick_from_pose
[37.567s] [ 88%] Building CXX object test/CMakeFiles/test_behavior_plugins.dir/test_behavior_plugins.cpp.o
[62.290s] /opt/moveit_studio/user_ws/src/solution_setup_mtc_pick_from_pose/test/test_behavior_plugins.cpp: In member function ‘virtual void BehaviorTests_test_load_behavior_plugins_Test::TestBody()’:
[62.290s] /opt/moveit_studio/user_ws/src/solution_setup_mtc_pick_from_pose/test/test_behavior_plugins.cpp:29:55: warning: ignoring return value of ‘std::unique_ptr<BT::TreeNode> BT::BehaviorTreeFactory::instantiateTreeNode(const string&, const string&, const BT::NodeConfig&) const’, declared with attribute ‘nodiscard’ [-Wunused-result]
[62.290s]    29 |                               BT::NodeConfiguration());
[62.290s]       |                                                       ^
[62.290s] In file included from /opt/moveit_studio/user_ws/src/solution_setup_mtc_pick_from_pose/test/test_behavior_plugins.cpp:3:
[62.290s] /opt/underlay_ws/install/behaviortree_cpp/include/behaviortree_cpp/bt_factory.h:310:29: note: declared here
[62.290s]   310 |   std::unique_ptr<TreeNode> instantiateTreeNode(const std::string& name,
[62.290s]       |                             ^~~~~~~~~~~~~~~~~~~
[62.310s] [100%] Linking CXX executable test_behavior_plugins
[62.407s] [100%] Built target test_behavior_plugins
[62.420s] Invoked command in '/opt/moveit_studio/user_ws/build/setup_mtc_pick_from_pose' returned '0': CMAKE_PREFIX_PATH=${CMAKE_PREFIX_PATH}:/opt/overlay_ws/install/moveit_studio_rest_api:/opt/overlay_ws/install/moveit_studio_bridge:/opt/overlay_ws/install/moveit_studio_utils_py:/opt/overlay_ws/install/moveit_studio_site_config_template:/opt/overlay_ws/install/moveit_studio_behavior_template:/opt/underlay_ws/install/rqt_controller_manager:/opt/underlay_ws/install/ros2controlcli:/opt/underlay_ws/install/moveit_configs_utils:/opt/ros/humble /usr/bin/cmake --build /opt/moveit_studio/user_ws/build/setup_mtc_pick_from_pose -- -j8 -l8
[62.501s] Invoking command in '/opt/moveit_studio/user_ws/build/setup_mtc_pick_from_pose': CMAKE_PREFIX_PATH=${CMAKE_PREFIX_PATH}:/opt/overlay_ws/install/moveit_studio_rest_api:/opt/overlay_ws/install/moveit_studio_bridge:/opt/overlay_ws/install/moveit_studio_utils_py:/opt/overlay_ws/install/moveit_studio_site_config_template:/opt/overlay_ws/install/moveit_studio_behavior_template:/opt/underlay_ws/install/rqt_controller_manager:/opt/underlay_ws/install/ros2controlcli:/opt/underlay_ws/install/moveit_configs_utils:/opt/ros/humble /usr/bin/cmake --install /opt/moveit_studio/user_ws/build/setup_mtc_pick_from_pose
[62.511s] -- Install configuration: "Release"
[62.511s] -- Installing: /opt/moveit_studio/user_ws/install/setup_mtc_pick_from_pose/lib/libsetup_mtc_pick_from_pose.so
[62.512s] -- Set runtime path of "/opt/moveit_studio/user_ws/install/setup_mtc_pick_from_pose/lib/libsetup_mtc_pick_from_pose.so" to ""
[62.512s] -- Installing: /opt/moveit_studio/user_ws/install/setup_mtc_pick_from_pose/share/setup_mtc_pick_from_pose/config
[62.512s] -- Installing: /opt/moveit_studio/user_ws/install/setup_mtc_pick_from_pose/share/setup_mtc_pick_from_pose/config/tree_nodes_model.xml
[62.513s] -- Installing: /opt/moveit_studio/user_ws/install/setup_mtc_pick_from_pose/share/setup_mtc_pick_from_pose/setup_mtc_pick_from_pose_plugin_description.xml
[62.513s] -- Installing: /opt/moveit_studio/user_ws/install/setup_mtc_pick_from_pose/share/setup_mtc_pick_from_pose/environment/library_path.sh
[62.513s] -- Installing: /opt/moveit_studio/user_ws/install/setup_mtc_pick_from_pose/share/setup_mtc_pick_from_pose/environment/library_path.dsv
[62.513s] -- Installing: /opt/moveit_studio/user_ws/install/setup_mtc_pick_from_pose/share/ament_index/resource_index/package_run_dependencies/setup_mtc_pick_from_pose
[62.514s] -- Installing: /opt/moveit_studio/user_ws/install/setup_mtc_pick_from_pose/share/ament_index/resource_index/parent_prefix_path/setup_mtc_pick_from_pose
[62.514s] -- Installing: /opt/moveit_studio/user_ws/install/setup_mtc_pick_from_pose/share/setup_mtc_pick_from_pose/environment/ament_prefix_path.sh
[62.514s] -- Installing: /opt/moveit_studio/user_ws/install/setup_mtc_pick_from_pose/share/setup_mtc_pick_from_pose/environment/ament_prefix_path.dsv
[62.514s] -- Installing: /opt/moveit_studio/user_ws/install/setup_mtc_pick_from_pose/share/setup_mtc_pick_from_pose/environment/path.sh
[62.514s] -- Installing: /opt/moveit_studio/user_ws/install/setup_mtc_pick_from_pose/share/setup_mtc_pick_from_pose/environment/path.dsv
[62.515s] -- Installing: /opt/moveit_studio/user_ws/install/setup_mtc_pick_from_pose/share/setup_mtc_pick_from_pose/local_setup.bash
[62.515s] -- Installing: /opt/moveit_studio/user_ws/install/setup_mtc_pick_from_pose/share/setup_mtc_pick_from_pose/local_setup.sh
[62.515s] -- Installing: /opt/moveit_studio/user_ws/install/setup_mtc_pick_from_pose/share/setup_mtc_pick_from_pose/local_setup.zsh
[62.515s] -- Installing: /opt/moveit_studio/user_ws/install/setup_mtc_pick_from_pose/share/setup_mtc_pick_from_pose/local_setup.dsv
[62.515s] -- Installing: /opt/moveit_studio/user_ws/install/setup_mtc_pick_from_pose/share/setup_mtc_pick_from_pose/package.dsv
[62.515s] -- Installing: /opt/moveit_studio/user_ws/install/setup_mtc_pick_from_pose/share/ament_index/resource_index/packages/setup_mtc_pick_from_pose
[62.516s] -- Installing: /opt/moveit_studio/user_ws/install/setup_mtc_pick_from_pose/share/ament_index/resource_index/moveit_studio_behavior_interface__pluginlib__plugin/setup_mtc_pick_from_pose
[62.516s] -- Installing: /opt/moveit_studio/user_ws/install/setup_mtc_pick_from_pose/share/setup_mtc_pick_from_pose/cmake/setup_mtc_pick_from_poseTargetsExport.cmake
[62.516s] -- Installing: /opt/moveit_studio/user_ws/install/setup_mtc_pick_from_pose/share/setup_mtc_pick_from_pose/cmake/setup_mtc_pick_from_poseTargetsExport-release.cmake
[62.516s] -- Installing: /opt/moveit_studio/user_ws/install/setup_mtc_pick_from_pose/share/setup_mtc_pick_from_pose/cmake/ament_cmake_export_targets-extras.cmake
[62.516s] -- Installing: /opt/moveit_studio/user_ws/install/setup_mtc_pick_from_pose/share/setup_mtc_pick_from_pose/cmake/ament_cmake_export_dependencies-extras.cmake
[62.516s] -- Installing: /opt/moveit_studio/user_ws/install/setup_mtc_pick_from_pose/share/setup_mtc_pick_from_pose/cmake/setup_mtc_pick_from_poseConfig.cmake
[62.516s] -- Installing: /opt/moveit_studio/user_ws/install/setup_mtc_pick_from_pose/share/setup_mtc_pick_from_pose/cmake/setup_mtc_pick_from_poseConfig-version.cmake
[62.516s] -- Installing: /opt/moveit_studio/user_ws/install/setup_mtc_pick_from_pose/share/setup_mtc_pick_from_pose/package.xml
[62.520s] Invoked command in '/opt/moveit_studio/user_ws/build/setup_mtc_pick_from_pose' returned '0': CMAKE_PREFIX_PATH=${CMAKE_PREFIX_PATH}:/opt/overlay_ws/install/moveit_studio_rest_api:/opt/overlay_ws/install/moveit_studio_bridge:/opt/overlay_ws/install/moveit_studio_utils_py:/opt/overlay_ws/install/moveit_studio_site_config_template:/opt/overlay_ws/install/moveit_studio_behavior_template:/opt/underlay_ws/install/rqt_controller_manager:/opt/underlay_ws/install/ros2controlcli:/opt/underlay_ws/install/moveit_configs_utils:/opt/ros/humble /usr/bin/cmake --install /opt/moveit_studio/user_ws/build/setup_mtc_pick_from_pose
