running egg_info
writing ../../build/apriltag_ros_python/apriltag_ros_python.egg-info/PKG-INFO
writing dependency_links to ../../build/apriltag_ros_python/apriltag_ros_python.egg-info/dependency_links.txt
writing entry points to ../../build/apriltag_ros_python/apriltag_ros_python.egg-info/entry_points.txt
writing requirements to ../../build/apriltag_ros_python/apriltag_ros_python.egg-info/requires.txt
writing top-level names to ../../build/apriltag_ros_python/apriltag_ros_python.egg-info/top_level.txt
reading manifest file '../../build/apriltag_ros_python/apriltag_ros_python.egg-info/SOURCES.txt'
writing manifest file '../../build/apriltag_ros_python/apriltag_ros_python.egg-info/SOURCES.txt'
running build
running build_py
running install
running install_lib
running install_data
running install_egg_info
removing '/opt/moveit_studio/user_ws/install/apriltag_ros_python/lib/python3.10/site-packages/apriltag_ros_python-1.0.0-py3.10.egg-info' (and everything under it)
Copying ../../build/apriltag_ros_python/apriltag_ros_python.egg-info to /opt/moveit_studio/user_ws/install/apriltag_ros_python/lib/python3.10/site-packages/apriltag_ros_python-1.0.0-py3.10.egg-info
running install_scripts
Installing apriltag_detection_client script to /opt/moveit_studio/user_ws/install/apriltag_ros_python/lib/apriltag_ros_python
Installing apriltag_detection_server script to /opt/moveit_studio/user_ws/install/apriltag_ros_python/lib/apriltag_ros_python
writing list of installed files to '/opt/moveit_studio/user_ws/build/apriltag_ros_python/install.log'
