[0.057s] Invoking command in '/opt/moveit_studio/user_ws/build/ur_base_config': CMAKE_PREFIX_PATH=${CMAKE_PREFIX_PATH}:/opt/moveit_studio/user_ws/install/apriltag_ros_python:/opt/overlay_ws/install/moveit_studio_rest_api:/opt/overlay_ws/install/moveit_studio_bridge:/opt/overlay_ws/install/moveit_studio_utils_py:/opt/overlay_ws/install/moveit_studio_site_config_template:/opt/overlay_ws/install/moveit_studio_behavior_template:/opt/underlay_ws/install/rqt_controller_manager:/opt/underlay_ws/install/ros2controlcli:/opt/underlay_ws/install/moveit_configs_utils:/opt/ros/humble /usr/bin/cmake --build /opt/moveit_studio/user_ws/build/ur_base_config -- -j8 -l8
[0.128s] Invoked command in '/opt/moveit_studio/user_ws/build/ur_base_config' returned '0': CMAKE_PREFIX_PATH=${CMAKE_PREFIX_PATH}:/opt/moveit_studio/user_ws/install/apriltag_ros_python:/opt/overlay_ws/install/moveit_studio_rest_api:/opt/overlay_ws/install/moveit_studio_bridge:/opt/overlay_ws/install/moveit_studio_utils_py:/opt/overlay_ws/install/moveit_studio_site_config_template:/opt/overlay_ws/install/moveit_studio_behavior_template:/opt/underlay_ws/install/rqt_controller_manager:/opt/underlay_ws/install/ros2controlcli:/opt/underlay_ws/install/moveit_configs_utils:/opt/ros/humble /usr/bin/cmake --build /opt/moveit_studio/user_ws/build/ur_base_config -- -j8 -l8
[0.294s] Invoking command in '/opt/moveit_studio/user_ws/build/ur_base_config': CMAKE_PREFIX_PATH=${CMAKE_PREFIX_PATH}:/opt/moveit_studio/user_ws/install/apriltag_ros_python:/opt/overlay_ws/install/moveit_studio_rest_api:/opt/overlay_ws/install/moveit_studio_bridge:/opt/overlay_ws/install/moveit_studio_utils_py:/opt/overlay_ws/install/moveit_studio_site_config_template:/opt/overlay_ws/install/moveit_studio_behavior_template:/opt/underlay_ws/install/rqt_controller_manager:/opt/underlay_ws/install/ros2controlcli:/opt/underlay_ws/install/moveit_configs_utils:/opt/ros/humble /usr/bin/cmake --install /opt/moveit_studio/user_ws/build/ur_base_config
[0.314s] -- Install configuration: "Release"
[0.316s] -- Up-to-date: /opt/moveit_studio/user_ws/install/ur_base_config/share/ur_base_config/config
[0.316s] -- Up-to-date: /opt/moveit_studio/user_ws/install/ur_base_config/share/ur_base_config/config/base_config.yaml
[0.316s] -- Up-to-date: /opt/moveit_studio/user_ws/install/ur_base_config/share/ur_base_config/config/initial_positions.yaml
[0.316s] -- Up-to-date: /opt/moveit_studio/user_ws/install/ur_base_config/share/ur_base_config/config/control
[0.316s] -- Up-to-date: /opt/moveit_studio/user_ws/install/ur_base_config/share/ur_base_config/config/control/ur5e.ros2_control.yaml
[0.316s] -- Up-to-date: /opt/moveit_studio/user_ws/install/ur_base_config/share/ur_base_config/config/cameras.yaml
[0.316s] -- Up-to-date: /opt/moveit_studio/user_ws/install/ur_base_config/share/ur_base_config/config/moveit
[0.316s] -- Up-to-date: /opt/moveit_studio/user_ws/install/ur_base_config/share/ur_base_config/config/moveit/sensors_3d.yaml
[0.316s] -- Up-to-date: /opt/moveit_studio/user_ws/install/ur_base_config/share/ur_base_config/config/moveit/pick_ik_kinematics.yaml
[0.316s] -- Up-to-date: /opt/moveit_studio/user_ws/install/ur_base_config/share/ur_base_config/config/moveit/pick_ik_kinematics_servo.yaml
[0.316s] -- Up-to-date: /opt/moveit_studio/user_ws/install/ur_base_config/share/ur_base_config/config/moveit/pilz_cartesian_limits.yaml
[0.316s] -- Up-to-date: /opt/moveit_studio/user_ws/install/ur_base_config/share/ur_base_config/config/moveit/ur5e_servo.yaml
[0.316s] -- Up-to-date: /opt/moveit_studio/user_ws/install/ur_base_config/share/ur_base_config/config/moveit/ur5e.srdf
[0.316s] -- Up-to-date: /opt/moveit_studio/user_ws/install/ur_base_config/share/ur_base_config/config/moveit/joint_limits.yaml
[0.317s] -- Up-to-date: /opt/moveit_studio/user_ws/install/ur_base_config/share/ur_base_config/config/moveit/kinematics.yaml
[0.317s] -- Up-to-date: /opt/moveit_studio/user_ws/install/ur_base_config/share/ur_base_config/config/moveit/ompl_planning.yaml
[0.317s] -- Up-to-date: /opt/moveit_studio/user_ws/install/ur_base_config/share/ur_base_config/config/realsense_config_high_accuracy.json
[0.317s] -- Up-to-date: /opt/moveit_studio/user_ws/install/ur_base_config/share/ur_base_config/description
[0.317s] -- Up-to-date: /opt/moveit_studio/user_ws/install/ur_base_config/share/ur_base_config/description/ur5e.xacro
[0.317s] -- Up-to-date: /opt/moveit_studio/user_ws/install/ur_base_config/share/ur_base_config/description/gripper_and_camera.xacro
[0.317s] -- Up-to-date: /opt/moveit_studio/user_ws/install/ur_base_config/share/ur_base_config/launch
[0.317s] -- Up-to-date: /opt/moveit_studio/user_ws/install/ur_base_config/share/ur_base_config/launch/robot_drivers_to_persist.launch.py
[0.318s] -- Up-to-date: /opt/moveit_studio/user_ws/install/ur_base_config/share/ur_base_config/launch/sim
[0.318s] -- Up-to-date: /opt/moveit_studio/user_ws/install/ur_base_config/share/ur_base_config/launch/sim/robot_drivers_to_persist_sim.launch.py
[0.318s] -- Up-to-date: /opt/moveit_studio/user_ws/install/ur_base_config/share/ur_base_config/objectives
[0.318s] -- Up-to-date: /opt/moveit_studio/user_ws/install/ur_base_config/share/ur_base_config/objectives/solution_pick_apriltag_annotated_object_subtree.xml
[0.319s] -- Up-to-date: /opt/moveit_studio/user_ws/install/ur_base_config/share/ur_base_config/objectives/take_snapshot.xml
[0.319s] -- Up-to-date: /opt/moveit_studio/user_ws/install/ur_base_config/share/ur_base_config/objectives/reactivate_gripper.xml
[0.319s] -- Up-to-date: /opt/moveit_studio/user_ws/install/ur_base_config/share/ur_base_config/objectives/solution_detect_april_tag_pose_and_pick_object.xml
[0.319s] -- Up-to-date: /opt/moveit_studio/user_ws/install/ur_base_config/share/ur_base_config/objectives/move_to_named_pose.xml
[0.319s] -- Up-to-date: /opt/moveit_studio/user_ws/install/ur_base_config/share/ur_base_config/objectives/update_admittance_controller_config.yaml
[0.319s] -- Up-to-date: /opt/moveit_studio/user_ws/install/ur_base_config/share/ur_base_config/objectives/cycle_between_waypoints.xml
[0.319s] -- Up-to-date: /opt/moveit_studio/user_ws/install/ur_base_config/share/ur_base_config/objectives/solution_pick_apriltag_annotated_object.xml
[0.319s] -- Up-to-date: /opt/moveit_studio/user_ws/install/ur_base_config/share/ur_base_config/objectives/teleoperate.xml
[0.319s] -- Up-to-date: /opt/moveit_studio/user_ws/install/ur_base_config/share/ur_base_config/objectives/move_to_pose.xml
[0.319s] -- Up-to-date: /opt/moveit_studio/user_ws/install/ur_base_config/share/ur_base_config/objectives/find_cuboids_config.yaml
[0.319s] -- Up-to-date: /opt/moveit_studio/user_ws/install/ur_base_config/share/ur_base_config/objectives/pick_object.xml
[0.319s] -- Up-to-date: /opt/moveit_studio/user_ws/install/ur_base_config/share/ur_base_config/objectives/interpolate_to_joint_state.xml
[0.319s] -- Up-to-date: /opt/moveit_studio/user_ws/install/ur_base_config/share/ur_base_config/objectives/pick_from_pose_config.yaml
[0.319s] -- Up-to-date: /opt/moveit_studio/user_ws/install/ur_base_config/share/ur_base_config/objectives/looping_pick_and_place_object.xml
[0.319s] -- Up-to-date: /opt/moveit_studio/user_ws/install/ur_base_config/share/ur_base_config/objectives/close_gripper.xml
[0.319s] -- Up-to-date: /opt/moveit_studio/user_ws/install/ur_base_config/share/ur_base_config/objectives/pick_from_pose.xml
[0.319s] -- Up-to-date: /opt/moveit_studio/user_ws/install/ur_base_config/share/ur_base_config/objectives/solution_detect_april_tag_pose.xml
[0.320s] -- Up-to-date: /opt/moveit_studio/user_ws/install/ur_base_config/share/ur_base_config/objectives/pick_object_config.yaml
[0.320s] -- Up-to-date: /opt/moveit_studio/user_ws/install/ur_base_config/share/ur_base_config/objectives/solution_pick_object_using_pose.xml
[0.320s] -- Up-to-date: /opt/moveit_studio/user_ws/install/ur_base_config/share/ur_base_config/objectives/inspect_surface.xml
[0.320s] -- Up-to-date: /opt/moveit_studio/user_ws/install/ur_base_config/share/ur_base_config/objectives/move_to_known_pose.xml
[0.320s] -- Up-to-date: /opt/moveit_studio/user_ws/install/ur_base_config/share/ur_base_config/objectives/open_gripper.xml
[0.320s] -- Up-to-date: /opt/moveit_studio/user_ws/install/ur_base_config/share/ur_base_config/objectives/interpolate_to_named_state.xml
[0.320s] -- Up-to-date: /opt/moveit_studio/user_ws/install/ur_base_config/share/ur_base_config/objectives/find_cuboids.xml
[0.320s] -- Up-to-date: /opt/moveit_studio/user_ws/install/ur_base_config/share/ur_base_config/objectives/move_to_joint_state.xml
[0.320s] -- Up-to-date: /opt/moveit_studio/user_ws/install/ur_base_config/share/ur_base_config/objectives/pick_place_object.xml
[0.320s] -- Up-to-date: /opt/moveit_studio/user_ws/install/ur_base_config/share/ur_base_config/objectives/push_button.xml
[0.320s] -- Up-to-date: /opt/moveit_studio/user_ws/install/ur_base_config/share/ur_base_config/objectives/clear_snapshot.xml
[0.320s] -- Up-to-date: /opt/moveit_studio/user_ws/install/ur_base_config/share/ur_base_config/waypoints
[0.320s] -- Up-to-date: /opt/moveit_studio/user_ws/install/ur_base_config/share/ur_base_config/waypoints/ur5e_waypoints.yaml
[0.320s] -- Up-to-date: /opt/moveit_studio/user_ws/install/ur_base_config/share/ament_index/resource_index/package_run_dependencies/ur_base_config
[0.320s] -- Up-to-date: /opt/moveit_studio/user_ws/install/ur_base_config/share/ament_index/resource_index/parent_prefix_path/ur_base_config
[0.320s] -- Up-to-date: /opt/moveit_studio/user_ws/install/ur_base_config/share/ur_base_config/environment/ament_prefix_path.sh
[0.321s] -- Up-to-date: /opt/moveit_studio/user_ws/install/ur_base_config/share/ur_base_config/environment/ament_prefix_path.dsv
[0.321s] -- Up-to-date: /opt/moveit_studio/user_ws/install/ur_base_config/share/ur_base_config/environment/path.sh
[0.321s] -- Up-to-date: /opt/moveit_studio/user_ws/install/ur_base_config/share/ur_base_config/environment/path.dsv
[0.321s] -- Up-to-date: /opt/moveit_studio/user_ws/install/ur_base_config/share/ur_base_config/local_setup.bash
[0.321s] -- Up-to-date: /opt/moveit_studio/user_ws/install/ur_base_config/share/ur_base_config/local_setup.sh
[0.321s] -- Up-to-date: /opt/moveit_studio/user_ws/install/ur_base_config/share/ur_base_config/local_setup.zsh
[0.321s] -- Up-to-date: /opt/moveit_studio/user_ws/install/ur_base_config/share/ur_base_config/local_setup.dsv
[0.321s] -- Installing: /opt/moveit_studio/user_ws/install/ur_base_config/share/ur_base_config/package.dsv
[0.321s] -- Up-to-date: /opt/moveit_studio/user_ws/install/ur_base_config/share/ament_index/resource_index/packages/ur_base_config
[0.321s] -- Up-to-date: /opt/moveit_studio/user_ws/install/ur_base_config/share/ur_base_config/cmake/ur_base_configConfig.cmake
[0.321s] -- Up-to-date: /opt/moveit_studio/user_ws/install/ur_base_config/share/ur_base_config/cmake/ur_base_configConfig-version.cmake
[0.321s] -- Up-to-date: /opt/moveit_studio/user_ws/install/ur_base_config/share/ur_base_config/package.xml
[0.325s] Invoked command in '/opt/moveit_studio/user_ws/build/ur_base_config' returned '0': CMAKE_PREFIX_PATH=${CMAKE_PREFIX_PATH}:/opt/moveit_studio/user_ws/install/apriltag_ros_python:/opt/overlay_ws/install/moveit_studio_rest_api:/opt/overlay_ws/install/moveit_studio_bridge:/opt/overlay_ws/install/moveit_studio_utils_py:/opt/overlay_ws/install/moveit_studio_site_config_template:/opt/overlay_ws/install/moveit_studio_behavior_template:/opt/underlay_ws/install/rqt_controller_manager:/opt/underlay_ws/install/ros2controlcli:/opt/underlay_ws/install/moveit_configs_utils:/opt/ros/humble /usr/bin/cmake --install /opt/moveit_studio/user_ws/build/ur_base_config
