[0.054s] Invoking command in '/opt/moveit_studio/user_ws/build/apriltag_ros_msgs': CMAKE_PREFIX_PATH=${CMAKE_PREFIX_PATH}:/opt/moveit_studio/user_ws/install/apriltag_ros_python:/opt/overlay_ws/install/moveit_studio_rest_api:/opt/overlay_ws/install/moveit_studio_bridge:/opt/overlay_ws/install/moveit_studio_utils_py:/opt/overlay_ws/install/moveit_studio_site_config_template:/opt/overlay_ws/install/moveit_studio_behavior_template:/opt/underlay_ws/install/rqt_controller_manager:/opt/underlay_ws/install/ros2controlcli:/opt/underlay_ws/install/moveit_configs_utils:/opt/ros/humble /usr/bin/cmake --build /opt/moveit_studio/user_ws/build/apriltag_ros_msgs -- -j8 -l8
[0.215s] [  2%] Built target apriltag_ros_msgs__cpp
[0.225s] [ 12%] Built target apriltag_ros_msgs__rosidl_generator_c
[0.270s] [ 12%] Built target ament_cmake_python_copy_apriltag_ros_msgs
[0.369s] [ 23%] Built target apriltag_ros_msgs__rosidl_typesupport_cpp
[0.369s] [ 33%] Built target apriltag_ros_msgs__rosidl_typesupport_fastrtps_cpp
[0.369s] [ 43%] Built target apriltag_ros_msgs__rosidl_typesupport_introspection_cpp
[0.373s] [ 53%] Built target apriltag_ros_msgs__rosidl_typesupport_introspection_c
[0.379s] [ 64%] Built target apriltag_ros_msgs__rosidl_typesupport_c
[0.392s] [ 74%] Built target apriltag_ros_msgs__rosidl_typesupport_fastrtps_c
[0.457s] [ 74%] Built target apriltag_ros_msgs
[0.537s] [ 76%] Built target apriltag_ros_msgs__py
[0.694s] [ 84%] Built target apriltag_ros_msgs__rosidl_generator_py
[0.721s] [ 89%] Built target apriltag_ros_msgs__rosidl_typesupport_c__pyext
[0.721s] [ 94%] Built target apriltag_ros_msgs__rosidl_typesupport_introspection_c__pyext
[0.721s] [100%] Built target apriltag_ros_msgs__rosidl_typesupport_fastrtps_c__pyext
[0.801s] running egg_info
[0.801s] writing apriltag_ros_msgs.egg-info/PKG-INFO
[0.801s] writing dependency_links to apriltag_ros_msgs.egg-info/dependency_links.txt
[0.802s] writing top-level names to apriltag_ros_msgs.egg-info/top_level.txt
[0.802s] reading manifest file 'apriltag_ros_msgs.egg-info/SOURCES.txt'
[0.802s] writing manifest file 'apriltag_ros_msgs.egg-info/SOURCES.txt'
[0.841s] [100%] Built target ament_cmake_python_build_apriltag_ros_msgs_egg
[0.868s] Invoked command in '/opt/moveit_studio/user_ws/build/apriltag_ros_msgs' returned '0': CMAKE_PREFIX_PATH=${CMAKE_PREFIX_PATH}:/opt/moveit_studio/user_ws/install/apriltag_ros_python:/opt/overlay_ws/install/moveit_studio_rest_api:/opt/overlay_ws/install/moveit_studio_bridge:/opt/overlay_ws/install/moveit_studio_utils_py:/opt/overlay_ws/install/moveit_studio_site_config_template:/opt/overlay_ws/install/moveit_studio_behavior_template:/opt/underlay_ws/install/rqt_controller_manager:/opt/underlay_ws/install/ros2controlcli:/opt/underlay_ws/install/moveit_configs_utils:/opt/ros/humble /usr/bin/cmake --build /opt/moveit_studio/user_ws/build/apriltag_ros_msgs -- -j8 -l8
[1.412s] Invoking command in '/opt/moveit_studio/user_ws/build/apriltag_ros_msgs': CMAKE_PREFIX_PATH=${CMAKE_PREFIX_PATH}:/opt/moveit_studio/user_ws/install/apriltag_ros_python:/opt/overlay_ws/install/moveit_studio_rest_api:/opt/overlay_ws/install/moveit_studio_bridge:/opt/overlay_ws/install/moveit_studio_utils_py:/opt/overlay_ws/install/moveit_studio_site_config_template:/opt/overlay_ws/install/moveit_studio_behavior_template:/opt/underlay_ws/install/rqt_controller_manager:/opt/underlay_ws/install/ros2controlcli:/opt/underlay_ws/install/moveit_configs_utils:/opt/ros/humble /usr/bin/cmake --install /opt/moveit_studio/user_ws/build/apriltag_ros_msgs
[1.424s] -- Install configuration: "Release"
[1.424s] -- Up-to-date: /opt/moveit_studio/user_ws/install/apriltag_ros_msgs/share/ament_index/resource_index/rosidl_interfaces/apriltag_ros_msgs
[1.425s] -- Up-to-date: /opt/moveit_studio/user_ws/install/apriltag_ros_msgs/include/apriltag_ros_msgs/apriltag_ros_msgs
[1.425s] -- Up-to-date: /opt/moveit_studio/user_ws/install/apriltag_ros_msgs/include/apriltag_ros_msgs/apriltag_ros_msgs/srv
[1.425s] -- Up-to-date: /opt/moveit_studio/user_ws/install/apriltag_ros_msgs/include/apriltag_ros_msgs/apriltag_ros_msgs/srv/detail
[1.425s] -- Up-to-date: /opt/moveit_studio/user_ws/install/apriltag_ros_msgs/include/apriltag_ros_msgs/apriltag_ros_msgs/srv/detail/get_april_tag_detections__struct.h
[1.426s] -- Up-to-date: /opt/moveit_studio/user_ws/install/apriltag_ros_msgs/include/apriltag_ros_msgs/apriltag_ros_msgs/srv/detail/get_april_tag_detections__functions.h
[1.426s] -- Up-to-date: /opt/moveit_studio/user_ws/install/apriltag_ros_msgs/include/apriltag_ros_msgs/apriltag_ros_msgs/srv/detail/get_april_tag_detections__functions.c
[1.426s] -- Up-to-date: /opt/moveit_studio/user_ws/install/apriltag_ros_msgs/include/apriltag_ros_msgs/apriltag_ros_msgs/srv/detail/get_april_tag_detections__type_support.h
[1.426s] -- Up-to-date: /opt/moveit_studio/user_ws/install/apriltag_ros_msgs/include/apriltag_ros_msgs/apriltag_ros_msgs/srv/get_april_tag_detections.h
[1.426s] -- Up-to-date: /opt/moveit_studio/user_ws/install/apriltag_ros_msgs/include/apriltag_ros_msgs/apriltag_ros_msgs/msg
[1.426s] -- Up-to-date: /opt/moveit_studio/user_ws/install/apriltag_ros_msgs/include/apriltag_ros_msgs/apriltag_ros_msgs/msg/detection.h
[1.426s] -- Up-to-date: /opt/moveit_studio/user_ws/install/apriltag_ros_msgs/include/apriltag_ros_msgs/apriltag_ros_msgs/msg/detail
[1.427s] -- Up-to-date: /opt/moveit_studio/user_ws/install/apriltag_ros_msgs/include/apriltag_ros_msgs/apriltag_ros_msgs/msg/detail/detection__type_support.h
[1.427s] -- Up-to-date: /opt/moveit_studio/user_ws/install/apriltag_ros_msgs/include/apriltag_ros_msgs/apriltag_ros_msgs/msg/detail/detection__struct.h
[1.427s] -- Up-to-date: /opt/moveit_studio/user_ws/install/apriltag_ros_msgs/include/apriltag_ros_msgs/apriltag_ros_msgs/msg/detail/detection__functions.c
[1.427s] -- Up-to-date: /opt/moveit_studio/user_ws/install/apriltag_ros_msgs/include/apriltag_ros_msgs/apriltag_ros_msgs/msg/detail/detection__functions.h
[1.427s] -- Up-to-date: /opt/moveit_studio/user_ws/install/apriltag_ros_msgs/include/apriltag_ros_msgs/apriltag_ros_msgs/msg/rosidl_generator_c__visibility_control.h
[1.427s] -- Up-to-date: /opt/moveit_studio/user_ws/install/apriltag_ros_msgs/share/apriltag_ros_msgs/environment/library_path.sh
[1.427s] -- Up-to-date: /opt/moveit_studio/user_ws/install/apriltag_ros_msgs/share/apriltag_ros_msgs/environment/library_path.dsv
[1.427s] -- Up-to-date: /opt/moveit_studio/user_ws/install/apriltag_ros_msgs/lib/libapriltag_ros_msgs__rosidl_generator_c.so
[1.427s] -- Up-to-date: /opt/moveit_studio/user_ws/install/apriltag_ros_msgs/include/apriltag_ros_msgs/apriltag_ros_msgs
[1.428s] -- Up-to-date: /opt/moveit_studio/user_ws/install/apriltag_ros_msgs/include/apriltag_ros_msgs/apriltag_ros_msgs/srv
[1.428s] -- Up-to-date: /opt/moveit_studio/user_ws/install/apriltag_ros_msgs/include/apriltag_ros_msgs/apriltag_ros_msgs/srv/detail
[1.428s] -- Up-to-date: /opt/moveit_studio/user_ws/install/apriltag_ros_msgs/include/apriltag_ros_msgs/apriltag_ros_msgs/srv/detail/get_april_tag_detections__rosidl_typesupport_fastrtps_c.h
[1.428s] -- Up-to-date: /opt/moveit_studio/user_ws/install/apriltag_ros_msgs/include/apriltag_ros_msgs/apriltag_ros_msgs/msg
[1.428s] -- Up-to-date: /opt/moveit_studio/user_ws/install/apriltag_ros_msgs/include/apriltag_ros_msgs/apriltag_ros_msgs/msg/detail
[1.428s] -- Up-to-date: /opt/moveit_studio/user_ws/install/apriltag_ros_msgs/include/apriltag_ros_msgs/apriltag_ros_msgs/msg/detail/detection__rosidl_typesupport_fastrtps_c.h
[1.428s] -- Up-to-date: /opt/moveit_studio/user_ws/install/apriltag_ros_msgs/include/apriltag_ros_msgs/apriltag_ros_msgs/msg/rosidl_typesupport_fastrtps_c__visibility_control.h
[1.428s] -- Up-to-date: /opt/moveit_studio/user_ws/install/apriltag_ros_msgs/lib/libapriltag_ros_msgs__rosidl_typesupport_fastrtps_c.so
[1.428s] -- Up-to-date: /opt/moveit_studio/user_ws/install/apriltag_ros_msgs/include/apriltag_ros_msgs/apriltag_ros_msgs
[1.429s] -- Up-to-date: /opt/moveit_studio/user_ws/install/apriltag_ros_msgs/include/apriltag_ros_msgs/apriltag_ros_msgs/srv
[1.429s] -- Up-to-date: /opt/moveit_studio/user_ws/install/apriltag_ros_msgs/include/apriltag_ros_msgs/apriltag_ros_msgs/srv/get_april_tag_detections.hpp
[1.429s] -- Up-to-date: /opt/moveit_studio/user_ws/install/apriltag_ros_msgs/include/apriltag_ros_msgs/apriltag_ros_msgs/srv/detail
[1.429s] -- Up-to-date: /opt/moveit_studio/user_ws/install/apriltag_ros_msgs/include/apriltag_ros_msgs/apriltag_ros_msgs/srv/detail/get_april_tag_detections__struct.hpp
[1.429s] -- Up-to-date: /opt/moveit_studio/user_ws/install/apriltag_ros_msgs/include/apriltag_ros_msgs/apriltag_ros_msgs/srv/detail/get_april_tag_detections__traits.hpp
[1.429s] -- Up-to-date: /opt/moveit_studio/user_ws/install/apriltag_ros_msgs/include/apriltag_ros_msgs/apriltag_ros_msgs/srv/detail/get_april_tag_detections__builder.hpp
[1.429s] -- Up-to-date: /opt/moveit_studio/user_ws/install/apriltag_ros_msgs/include/apriltag_ros_msgs/apriltag_ros_msgs/msg
[1.429s] -- Up-to-date: /opt/moveit_studio/user_ws/install/apriltag_ros_msgs/include/apriltag_ros_msgs/apriltag_ros_msgs/msg/detection.hpp
[1.429s] -- Up-to-date: /opt/moveit_studio/user_ws/install/apriltag_ros_msgs/include/apriltag_ros_msgs/apriltag_ros_msgs/msg/detail
[1.429s] -- Up-to-date: /opt/moveit_studio/user_ws/install/apriltag_ros_msgs/include/apriltag_ros_msgs/apriltag_ros_msgs/msg/detail/detection__builder.hpp
[1.429s] -- Up-to-date: /opt/moveit_studio/user_ws/install/apriltag_ros_msgs/include/apriltag_ros_msgs/apriltag_ros_msgs/msg/detail/detection__struct.hpp
[1.429s] -- Up-to-date: /opt/moveit_studio/user_ws/install/apriltag_ros_msgs/include/apriltag_ros_msgs/apriltag_ros_msgs/msg/detail/detection__traits.hpp
[1.429s] -- Up-to-date: /opt/moveit_studio/user_ws/install/apriltag_ros_msgs/include/apriltag_ros_msgs/apriltag_ros_msgs
[1.429s] -- Up-to-date: /opt/moveit_studio/user_ws/install/apriltag_ros_msgs/include/apriltag_ros_msgs/apriltag_ros_msgs/srv
[1.430s] -- Up-to-date: /opt/moveit_studio/user_ws/install/apriltag_ros_msgs/include/apriltag_ros_msgs/apriltag_ros_msgs/srv/detail
[1.430s] -- Up-to-date: /opt/moveit_studio/user_ws/install/apriltag_ros_msgs/include/apriltag_ros_msgs/apriltag_ros_msgs/srv/detail/dds_fastrtps
[1.430s] -- Up-to-date: /opt/moveit_studio/user_ws/install/apriltag_ros_msgs/include/apriltag_ros_msgs/apriltag_ros_msgs/srv/detail/get_april_tag_detections__rosidl_typesupport_fastrtps_cpp.hpp
[1.430s] -- Up-to-date: /opt/moveit_studio/user_ws/install/apriltag_ros_msgs/include/apriltag_ros_msgs/apriltag_ros_msgs/msg
[1.430s] -- Up-to-date: /opt/moveit_studio/user_ws/install/apriltag_ros_msgs/include/apriltag_ros_msgs/apriltag_ros_msgs/msg/rosidl_typesupport_fastrtps_cpp__visibility_control.h
[1.430s] -- Up-to-date: /opt/moveit_studio/user_ws/install/apriltag_ros_msgs/include/apriltag_ros_msgs/apriltag_ros_msgs/msg/detail
[1.430s] -- Up-to-date: /opt/moveit_studio/user_ws/install/apriltag_ros_msgs/include/apriltag_ros_msgs/apriltag_ros_msgs/msg/detail/dds_fastrtps
[1.430s] -- Up-to-date: /opt/moveit_studio/user_ws/install/apriltag_ros_msgs/include/apriltag_ros_msgs/apriltag_ros_msgs/msg/detail/detection__rosidl_typesupport_fastrtps_cpp.hpp
[1.430s] -- Up-to-date: /opt/moveit_studio/user_ws/install/apriltag_ros_msgs/lib/libapriltag_ros_msgs__rosidl_typesupport_fastrtps_cpp.so
[1.430s] -- Up-to-date: /opt/moveit_studio/user_ws/install/apriltag_ros_msgs/include/apriltag_ros_msgs/apriltag_ros_msgs
[1.430s] -- Up-to-date: /opt/moveit_studio/user_ws/install/apriltag_ros_msgs/include/apriltag_ros_msgs/apriltag_ros_msgs/srv
[1.430s] -- Up-to-date: /opt/moveit_studio/user_ws/install/apriltag_ros_msgs/include/apriltag_ros_msgs/apriltag_ros_msgs/srv/detail
[1.430s] -- Up-to-date: /opt/moveit_studio/user_ws/install/apriltag_ros_msgs/include/apriltag_ros_msgs/apriltag_ros_msgs/srv/detail/get_april_tag_detections__type_support.c
[1.431s] -- Up-to-date: /opt/moveit_studio/user_ws/install/apriltag_ros_msgs/include/apriltag_ros_msgs/apriltag_ros_msgs/srv/detail/get_april_tag_detections__rosidl_typesupport_introspection_c.h
[1.431s] -- Up-to-date: /opt/moveit_studio/user_ws/install/apriltag_ros_msgs/include/apriltag_ros_msgs/apriltag_ros_msgs/msg
[1.431s] -- Up-to-date: /opt/moveit_studio/user_ws/install/apriltag_ros_msgs/include/apriltag_ros_msgs/apriltag_ros_msgs/msg/rosidl_typesupport_introspection_c__visibility_control.h
[1.431s] -- Up-to-date: /opt/moveit_studio/user_ws/install/apriltag_ros_msgs/include/apriltag_ros_msgs/apriltag_ros_msgs/msg/detail
[1.431s] -- Up-to-date: /opt/moveit_studio/user_ws/install/apriltag_ros_msgs/include/apriltag_ros_msgs/apriltag_ros_msgs/msg/detail/detection__rosidl_typesupport_introspection_c.h
[1.431s] -- Up-to-date: /opt/moveit_studio/user_ws/install/apriltag_ros_msgs/include/apriltag_ros_msgs/apriltag_ros_msgs/msg/detail/detection__type_support.c
[1.431s] -- Up-to-date: /opt/moveit_studio/user_ws/install/apriltag_ros_msgs/lib/libapriltag_ros_msgs__rosidl_typesupport_introspection_c.so
[1.431s] -- Up-to-date: /opt/moveit_studio/user_ws/install/apriltag_ros_msgs/lib/libapriltag_ros_msgs__rosidl_typesupport_c.so
[1.431s] -- Up-to-date: /opt/moveit_studio/user_ws/install/apriltag_ros_msgs/include/apriltag_ros_msgs/apriltag_ros_msgs
[1.431s] -- Up-to-date: /opt/moveit_studio/user_ws/install/apriltag_ros_msgs/include/apriltag_ros_msgs/apriltag_ros_msgs/srv
[1.431s] -- Up-to-date: /opt/moveit_studio/user_ws/install/apriltag_ros_msgs/include/apriltag_ros_msgs/apriltag_ros_msgs/srv/detail
[1.432s] -- Up-to-date: /opt/moveit_studio/user_ws/install/apriltag_ros_msgs/include/apriltag_ros_msgs/apriltag_ros_msgs/srv/detail/get_april_tag_detections__type_support.cpp
[1.432s] -- Up-to-date: /opt/moveit_studio/user_ws/install/apriltag_ros_msgs/include/apriltag_ros_msgs/apriltag_ros_msgs/srv/detail/get_april_tag_detections__rosidl_typesupport_introspection_cpp.hpp
[1.432s] -- Up-to-date: /opt/moveit_studio/user_ws/install/apriltag_ros_msgs/include/apriltag_ros_msgs/apriltag_ros_msgs/msg
[1.432s] -- Up-to-date: /opt/moveit_studio/user_ws/install/apriltag_ros_msgs/include/apriltag_ros_msgs/apriltag_ros_msgs/msg/detail
[1.432s] -- Up-to-date: /opt/moveit_studio/user_ws/install/apriltag_ros_msgs/include/apriltag_ros_msgs/apriltag_ros_msgs/msg/detail/detection__type_support.cpp
[1.432s] -- Up-to-date: /opt/moveit_studio/user_ws/install/apriltag_ros_msgs/include/apriltag_ros_msgs/apriltag_ros_msgs/msg/detail/detection__rosidl_typesupport_introspection_cpp.hpp
[1.432s] -- Up-to-date: /opt/moveit_studio/user_ws/install/apriltag_ros_msgs/lib/libapriltag_ros_msgs__rosidl_typesupport_introspection_cpp.so
[1.432s] -- Up-to-date: /opt/moveit_studio/user_ws/install/apriltag_ros_msgs/lib/libapriltag_ros_msgs__rosidl_typesupport_cpp.so
[1.432s] -- Up-to-date: /opt/moveit_studio/user_ws/install/apriltag_ros_msgs/share/apriltag_ros_msgs/environment/pythonpath.sh
[1.432s] -- Up-to-date: /opt/moveit_studio/user_ws/install/apriltag_ros_msgs/share/apriltag_ros_msgs/environment/pythonpath.dsv
[1.432s] -- Up-to-date: /opt/moveit_studio/user_ws/install/apriltag_ros_msgs/local/lib/python3.10/dist-packages/apriltag_ros_msgs-1.0.0-py3.10.egg-info
[1.432s] -- Installing: /opt/moveit_studio/user_ws/install/apriltag_ros_msgs/local/lib/python3.10/dist-packages/apriltag_ros_msgs-1.0.0-py3.10.egg-info/top_level.txt
[1.433s] -- Installing: /opt/moveit_studio/user_ws/install/apriltag_ros_msgs/local/lib/python3.10/dist-packages/apriltag_ros_msgs-1.0.0-py3.10.egg-info/SOURCES.txt
[1.433s] -- Installing: /opt/moveit_studio/user_ws/install/apriltag_ros_msgs/local/lib/python3.10/dist-packages/apriltag_ros_msgs-1.0.0-py3.10.egg-info/PKG-INFO
[1.433s] -- Installing: /opt/moveit_studio/user_ws/install/apriltag_ros_msgs/local/lib/python3.10/dist-packages/apriltag_ros_msgs-1.0.0-py3.10.egg-info/dependency_links.txt
[1.433s] -- Up-to-date: /opt/moveit_studio/user_ws/install/apriltag_ros_msgs/local/lib/python3.10/dist-packages/apriltag_ros_msgs
[1.433s] -- Up-to-date: /opt/moveit_studio/user_ws/install/apriltag_ros_msgs/local/lib/python3.10/dist-packages/apriltag_ros_msgs/apriltag_ros_msgs_s__rosidl_typesupport_c.cpython-310-x86_64-linux-gnu.so
[1.433s] -- Up-to-date: /opt/moveit_studio/user_ws/install/apriltag_ros_msgs/local/lib/python3.10/dist-packages/apriltag_ros_msgs/__init__.py
[1.433s] -- Up-to-date: /opt/moveit_studio/user_ws/install/apriltag_ros_msgs/local/lib/python3.10/dist-packages/apriltag_ros_msgs/apriltag_ros_msgs_s__rosidl_typesupport_introspection_c.cpython-310-x86_64-linux-gnu.so
[1.433s] -- Up-to-date: /opt/moveit_studio/user_ws/install/apriltag_ros_msgs/local/lib/python3.10/dist-packages/apriltag_ros_msgs/srv
[1.433s] -- Up-to-date: /opt/moveit_studio/user_ws/install/apriltag_ros_msgs/local/lib/python3.10/dist-packages/apriltag_ros_msgs/srv/__init__.py
[1.433s] -- Up-to-date: /opt/moveit_studio/user_ws/install/apriltag_ros_msgs/local/lib/python3.10/dist-packages/apriltag_ros_msgs/srv/_get_april_tag_detections.py
[1.433s] -- Up-to-date: /opt/moveit_studio/user_ws/install/apriltag_ros_msgs/local/lib/python3.10/dist-packages/apriltag_ros_msgs/srv/_get_april_tag_detections_s.c
[1.433s] -- Up-to-date: /opt/moveit_studio/user_ws/install/apriltag_ros_msgs/local/lib/python3.10/dist-packages/apriltag_ros_msgs/msg
[1.433s] -- Up-to-date: /opt/moveit_studio/user_ws/install/apriltag_ros_msgs/local/lib/python3.10/dist-packages/apriltag_ros_msgs/msg/_detection.py
[1.433s] -- Up-to-date: /opt/moveit_studio/user_ws/install/apriltag_ros_msgs/local/lib/python3.10/dist-packages/apriltag_ros_msgs/msg/__init__.py
[1.434s] -- Up-to-date: /opt/moveit_studio/user_ws/install/apriltag_ros_msgs/local/lib/python3.10/dist-packages/apriltag_ros_msgs/msg/_detection_s.c
[1.434s] -- Up-to-date: /opt/moveit_studio/user_ws/install/apriltag_ros_msgs/local/lib/python3.10/dist-packages/apriltag_ros_msgs/_apriltag_ros_msgs_s.ep.rosidl_typesupport_c.c
[1.434s] -- Up-to-date: /opt/moveit_studio/user_ws/install/apriltag_ros_msgs/local/lib/python3.10/dist-packages/apriltag_ros_msgs/_apriltag_ros_msgs_s.ep.rosidl_typesupport_fastrtps_c.c
[1.434s] -- Up-to-date: /opt/moveit_studio/user_ws/install/apriltag_ros_msgs/local/lib/python3.10/dist-packages/apriltag_ros_msgs/libapriltag_ros_msgs__rosidl_generator_py.so
[1.434s] -- Up-to-date: /opt/moveit_studio/user_ws/install/apriltag_ros_msgs/local/lib/python3.10/dist-packages/apriltag_ros_msgs/apriltag_ros_msgs_s__rosidl_typesupport_fastrtps_c.cpython-310-x86_64-linux-gnu.so
[1.434s] -- Up-to-date: /opt/moveit_studio/user_ws/install/apriltag_ros_msgs/local/lib/python3.10/dist-packages/apriltag_ros_msgs/_apriltag_ros_msgs_s.ep.rosidl_typesupport_introspection_c.c
[1.471s] Listing '/opt/moveit_studio/user_ws/install/apriltag_ros_msgs/local/lib/python3.10/dist-packages/apriltag_ros_msgs'...
[1.471s] Listing '/opt/moveit_studio/user_ws/install/apriltag_ros_msgs/local/lib/python3.10/dist-packages/apriltag_ros_msgs/msg'...
[1.471s] Listing '/opt/moveit_studio/user_ws/install/apriltag_ros_msgs/local/lib/python3.10/dist-packages/apriltag_ros_msgs/srv'...
[1.474s] -- Up-to-date: /opt/moveit_studio/user_ws/install/apriltag_ros_msgs/local/lib/python3.10/dist-packages/apriltag_ros_msgs/apriltag_ros_msgs_s__rosidl_typesupport_fastrtps_c.cpython-310-x86_64-linux-gnu.so
[1.474s] -- Up-to-date: /opt/moveit_studio/user_ws/install/apriltag_ros_msgs/local/lib/python3.10/dist-packages/apriltag_ros_msgs/apriltag_ros_msgs_s__rosidl_typesupport_introspection_c.cpython-310-x86_64-linux-gnu.so
[1.475s] -- Up-to-date: /opt/moveit_studio/user_ws/install/apriltag_ros_msgs/local/lib/python3.10/dist-packages/apriltag_ros_msgs/apriltag_ros_msgs_s__rosidl_typesupport_c.cpython-310-x86_64-linux-gnu.so
[1.475s] -- Up-to-date: /opt/moveit_studio/user_ws/install/apriltag_ros_msgs/lib/libapriltag_ros_msgs__rosidl_generator_py.so
[1.475s] -- Up-to-date: /opt/moveit_studio/user_ws/install/apriltag_ros_msgs/share/apriltag_ros_msgs/msg/Detection.idl
[1.475s] -- Up-to-date: /opt/moveit_studio/user_ws/install/apriltag_ros_msgs/share/apriltag_ros_msgs/srv/GetAprilTagDetections.idl
[1.476s] -- Up-to-date: /opt/moveit_studio/user_ws/install/apriltag_ros_msgs/share/apriltag_ros_msgs/msg/Detection.msg
[1.476s] -- Up-to-date: /opt/moveit_studio/user_ws/install/apriltag_ros_msgs/share/apriltag_ros_msgs/srv/GetAprilTagDetections.srv
[1.476s] -- Up-to-date: /opt/moveit_studio/user_ws/install/apriltag_ros_msgs/share/apriltag_ros_msgs/srv/GetAprilTagDetections_Request.msg
[1.476s] -- Up-to-date: /opt/moveit_studio/user_ws/install/apriltag_ros_msgs/share/apriltag_ros_msgs/srv/GetAprilTagDetections_Response.msg
[1.476s] -- Up-to-date: /opt/moveit_studio/user_ws/install/apriltag_ros_msgs/share/ament_index/resource_index/package_run_dependencies/apriltag_ros_msgs
[1.476s] -- Up-to-date: /opt/moveit_studio/user_ws/install/apriltag_ros_msgs/share/ament_index/resource_index/parent_prefix_path/apriltag_ros_msgs
[1.476s] -- Up-to-date: /opt/moveit_studio/user_ws/install/apriltag_ros_msgs/share/apriltag_ros_msgs/environment/ament_prefix_path.sh
[1.476s] -- Up-to-date: /opt/moveit_studio/user_ws/install/apriltag_ros_msgs/share/apriltag_ros_msgs/environment/ament_prefix_path.dsv
[1.476s] -- Up-to-date: /opt/moveit_studio/user_ws/install/apriltag_ros_msgs/share/apriltag_ros_msgs/environment/path.sh
[1.477s] -- Up-to-date: /opt/moveit_studio/user_ws/install/apriltag_ros_msgs/share/apriltag_ros_msgs/environment/path.dsv
[1.477s] -- Up-to-date: /opt/moveit_studio/user_ws/install/apriltag_ros_msgs/share/apriltag_ros_msgs/local_setup.bash
[1.477s] -- Up-to-date: /opt/moveit_studio/user_ws/install/apriltag_ros_msgs/share/apriltag_ros_msgs/local_setup.sh
[1.477s] -- Up-to-date: /opt/moveit_studio/user_ws/install/apriltag_ros_msgs/share/apriltag_ros_msgs/local_setup.zsh
[1.478s] -- Up-to-date: /opt/moveit_studio/user_ws/install/apriltag_ros_msgs/share/apriltag_ros_msgs/local_setup.dsv
[1.478s] -- Installing: /opt/moveit_studio/user_ws/install/apriltag_ros_msgs/share/apriltag_ros_msgs/package.dsv
[1.478s] -- Up-to-date: /opt/moveit_studio/user_ws/install/apriltag_ros_msgs/share/ament_index/resource_index/packages/apriltag_ros_msgs
[1.478s] -- Up-to-date: /opt/moveit_studio/user_ws/install/apriltag_ros_msgs/share/apriltag_ros_msgs/cmake/export_apriltag_ros_msgs__rosidl_generator_cExport.cmake
[1.478s] -- Up-to-date: /opt/moveit_studio/user_ws/install/apriltag_ros_msgs/share/apriltag_ros_msgs/cmake/export_apriltag_ros_msgs__rosidl_generator_cExport-release.cmake
[1.478s] -- Up-to-date: /opt/moveit_studio/user_ws/install/apriltag_ros_msgs/share/apriltag_ros_msgs/cmake/export_apriltag_ros_msgs__rosidl_typesupport_fastrtps_cExport.cmake
[1.478s] -- Up-to-date: /opt/moveit_studio/user_ws/install/apriltag_ros_msgs/share/apriltag_ros_msgs/cmake/export_apriltag_ros_msgs__rosidl_typesupport_fastrtps_cExport-release.cmake
[1.478s] -- Up-to-date: /opt/moveit_studio/user_ws/install/apriltag_ros_msgs/share/apriltag_ros_msgs/cmake/export_apriltag_ros_msgs__rosidl_generator_cppExport.cmake
[1.478s] -- Up-to-date: /opt/moveit_studio/user_ws/install/apriltag_ros_msgs/share/apriltag_ros_msgs/cmake/export_apriltag_ros_msgs__rosidl_typesupport_fastrtps_cppExport.cmake
[1.478s] -- Up-to-date: /opt/moveit_studio/user_ws/install/apriltag_ros_msgs/share/apriltag_ros_msgs/cmake/export_apriltag_ros_msgs__rosidl_typesupport_fastrtps_cppExport-release.cmake
[1.478s] -- Up-to-date: /opt/moveit_studio/user_ws/install/apriltag_ros_msgs/share/apriltag_ros_msgs/cmake/apriltag_ros_msgs__rosidl_typesupport_introspection_cExport.cmake
[1.478s] -- Up-to-date: /opt/moveit_studio/user_ws/install/apriltag_ros_msgs/share/apriltag_ros_msgs/cmake/apriltag_ros_msgs__rosidl_typesupport_introspection_cExport-release.cmake
[1.479s] -- Up-to-date: /opt/moveit_studio/user_ws/install/apriltag_ros_msgs/share/apriltag_ros_msgs/cmake/apriltag_ros_msgs__rosidl_typesupport_cExport.cmake
[1.479s] -- Up-to-date: /opt/moveit_studio/user_ws/install/apriltag_ros_msgs/share/apriltag_ros_msgs/cmake/apriltag_ros_msgs__rosidl_typesupport_cExport-release.cmake
[1.479s] -- Up-to-date: /opt/moveit_studio/user_ws/install/apriltag_ros_msgs/share/apriltag_ros_msgs/cmake/apriltag_ros_msgs__rosidl_typesupport_introspection_cppExport.cmake
[1.479s] -- Up-to-date: /opt/moveit_studio/user_ws/install/apriltag_ros_msgs/share/apriltag_ros_msgs/cmake/apriltag_ros_msgs__rosidl_typesupport_introspection_cppExport-release.cmake
[1.479s] -- Up-to-date: /opt/moveit_studio/user_ws/install/apriltag_ros_msgs/share/apriltag_ros_msgs/cmake/apriltag_ros_msgs__rosidl_typesupport_cppExport.cmake
[1.479s] -- Up-to-date: /opt/moveit_studio/user_ws/install/apriltag_ros_msgs/share/apriltag_ros_msgs/cmake/apriltag_ros_msgs__rosidl_typesupport_cppExport-release.cmake
[1.479s] -- Up-to-date: /opt/moveit_studio/user_ws/install/apriltag_ros_msgs/share/apriltag_ros_msgs/cmake/export_apriltag_ros_msgs__rosidl_generator_pyExport.cmake
[1.479s] -- Up-to-date: /opt/moveit_studio/user_ws/install/apriltag_ros_msgs/share/apriltag_ros_msgs/cmake/export_apriltag_ros_msgs__rosidl_generator_pyExport-release.cmake
[1.479s] -- Up-to-date: /opt/moveit_studio/user_ws/install/apriltag_ros_msgs/share/apriltag_ros_msgs/cmake/rosidl_cmake-extras.cmake
[1.479s] -- Up-to-date: /opt/moveit_studio/user_ws/install/apriltag_ros_msgs/share/apriltag_ros_msgs/cmake/ament_cmake_export_dependencies-extras.cmake
[1.479s] -- Up-to-date: /opt/moveit_studio/user_ws/install/apriltag_ros_msgs/share/apriltag_ros_msgs/cmake/ament_cmake_export_include_directories-extras.cmake
[1.479s] -- Up-to-date: /opt/moveit_studio/user_ws/install/apriltag_ros_msgs/share/apriltag_ros_msgs/cmake/ament_cmake_export_libraries-extras.cmake
[1.479s] -- Up-to-date: /opt/moveit_studio/user_ws/install/apriltag_ros_msgs/share/apriltag_ros_msgs/cmake/ament_cmake_export_targets-extras.cmake
[1.479s] -- Up-to-date: /opt/moveit_studio/user_ws/install/apriltag_ros_msgs/share/apriltag_ros_msgs/cmake/rosidl_cmake_export_typesupport_targets-extras.cmake
[1.479s] -- Up-to-date: /opt/moveit_studio/user_ws/install/apriltag_ros_msgs/share/apriltag_ros_msgs/cmake/rosidl_cmake_export_typesupport_libraries-extras.cmake
[1.479s] -- Up-to-date: /opt/moveit_studio/user_ws/install/apriltag_ros_msgs/share/apriltag_ros_msgs/cmake/apriltag_ros_msgsConfig.cmake
[1.479s] -- Up-to-date: /opt/moveit_studio/user_ws/install/apriltag_ros_msgs/share/apriltag_ros_msgs/cmake/apriltag_ros_msgsConfig-version.cmake
[1.480s] -- Up-to-date: /opt/moveit_studio/user_ws/install/apriltag_ros_msgs/share/apriltag_ros_msgs/package.xml
[1.483s] Invoked command in '/opt/moveit_studio/user_ws/build/apriltag_ros_msgs' returned '0': CMAKE_PREFIX_PATH=${CMAKE_PREFIX_PATH}:/opt/moveit_studio/user_ws/install/apriltag_ros_python:/opt/overlay_ws/install/moveit_studio_rest_api:/opt/overlay_ws/install/moveit_studio_bridge:/opt/overlay_ws/install/moveit_studio_utils_py:/opt/overlay_ws/install/moveit_studio_site_config_template:/opt/overlay_ws/install/moveit_studio_behavior_template:/opt/underlay_ws/install/rqt_controller_manager:/opt/underlay_ws/install/ros2controlcli:/opt/underlay_ws/install/moveit_configs_utils:/opt/ros/humble /usr/bin/cmake --install /opt/moveit_studio/user_ws/build/apriltag_ros_msgs
