[0.026s] Invoking command in '/opt/moveit_studio/user_ws/build/starter_files': CMAKE_PREFIX_PATH=${CMAKE_PREFIX_PATH}:/opt/moveit_studio/user_ws/install/apriltag_ros_python:/opt/overlay_ws/install/moveit_studio_rest_api:/opt/overlay_ws/install/moveit_studio_bridge:/opt/overlay_ws/install/moveit_studio_utils_py:/opt/overlay_ws/install/moveit_studio_site_config_template:/opt/overlay_ws/install/moveit_studio_behavior_template:/opt/underlay_ws/install/rqt_controller_manager:/opt/underlay_ws/install/ros2controlcli:/opt/underlay_ws/install/moveit_configs_utils:/opt/ros/humble /usr/bin/cmake --build /opt/moveit_studio/user_ws/build/starter_files -- -j8 -l8
[0.121s] Invoked command in '/opt/moveit_studio/user_ws/build/starter_files' returned '0': CMAKE_PREFIX_PATH=${CMAKE_PREFIX_PATH}:/opt/moveit_studio/user_ws/install/apriltag_ros_python:/opt/overlay_ws/install/moveit_studio_rest_api:/opt/overlay_ws/install/moveit_studio_bridge:/opt/overlay_ws/install/moveit_studio_utils_py:/opt/overlay_ws/install/moveit_studio_site_config_template:/opt/overlay_ws/install/moveit_studio_behavior_template:/opt/underlay_ws/install/rqt_controller_manager:/opt/underlay_ws/install/ros2controlcli:/opt/underlay_ws/install/moveit_configs_utils:/opt/ros/humble /usr/bin/cmake --build /opt/moveit_studio/user_ws/build/starter_files -- -j8 -l8
[0.292s] Invoking command in '/opt/moveit_studio/user_ws/build/starter_files': CMAKE_PREFIX_PATH=${CMAKE_PREFIX_PATH}:/opt/moveit_studio/user_ws/install/apriltag_ros_python:/opt/overlay_ws/install/moveit_studio_rest_api:/opt/overlay_ws/install/moveit_studio_bridge:/opt/overlay_ws/install/moveit_studio_utils_py:/opt/overlay_ws/install/moveit_studio_site_config_template:/opt/overlay_ws/install/moveit_studio_behavior_template:/opt/underlay_ws/install/rqt_controller_manager:/opt/underlay_ws/install/ros2controlcli:/opt/underlay_ws/install/moveit_configs_utils:/opt/ros/humble /usr/bin/cmake --install /opt/moveit_studio/user_ws/build/starter_files
[0.307s] -- Install configuration: "Release"
[0.307s] -- Up-to-date: /opt/moveit_studio/user_ws/install/starter_files/share/starter_files/description
[0.308s] -- Up-to-date: /opt/moveit_studio/user_ws/install/starter_files/share/starter_files/description/robot.urdf
[0.308s] -- Up-to-date: /opt/moveit_studio/user_ws/install/starter_files/share/ament_index/resource_index/package_run_dependencies/starter_files
[0.308s] -- Up-to-date: /opt/moveit_studio/user_ws/install/starter_files/share/ament_index/resource_index/parent_prefix_path/starter_files
[0.308s] -- Up-to-date: /opt/moveit_studio/user_ws/install/starter_files/share/starter_files/environment/ament_prefix_path.sh
[0.308s] -- Up-to-date: /opt/moveit_studio/user_ws/install/starter_files/share/starter_files/environment/ament_prefix_path.dsv
[0.308s] -- Up-to-date: /opt/moveit_studio/user_ws/install/starter_files/share/starter_files/environment/path.sh
[0.308s] -- Up-to-date: /opt/moveit_studio/user_ws/install/starter_files/share/starter_files/environment/path.dsv
[0.308s] -- Up-to-date: /opt/moveit_studio/user_ws/install/starter_files/share/starter_files/local_setup.bash
[0.308s] -- Up-to-date: /opt/moveit_studio/user_ws/install/starter_files/share/starter_files/local_setup.sh
[0.308s] -- Up-to-date: /opt/moveit_studio/user_ws/install/starter_files/share/starter_files/local_setup.zsh
[0.308s] -- Up-to-date: /opt/moveit_studio/user_ws/install/starter_files/share/starter_files/local_setup.dsv
[0.308s] -- Installing: /opt/moveit_studio/user_ws/install/starter_files/share/starter_files/package.dsv
[0.308s] -- Up-to-date: /opt/moveit_studio/user_ws/install/starter_files/share/ament_index/resource_index/packages/starter_files
[0.309s] -- Up-to-date: /opt/moveit_studio/user_ws/install/starter_files/share/starter_files/cmake/starter_filesConfig.cmake
[0.309s] -- Up-to-date: /opt/moveit_studio/user_ws/install/starter_files/share/starter_files/cmake/starter_filesConfig-version.cmake
[0.309s] -- Up-to-date: /opt/moveit_studio/user_ws/install/starter_files/share/starter_files/package.xml
[0.312s] Invoked command in '/opt/moveit_studio/user_ws/build/starter_files' returned '0': CMAKE_PREFIX_PATH=${CMAKE_PREFIX_PATH}:/opt/moveit_studio/user_ws/install/apriltag_ros_python:/opt/overlay_ws/install/moveit_studio_rest_api:/opt/overlay_ws/install/moveit_studio_bridge:/opt/overlay_ws/install/moveit_studio_utils_py:/opt/overlay_ws/install/moveit_studio_site_config_template:/opt/overlay_ws/install/moveit_studio_behavior_template:/opt/underlay_ws/install/rqt_controller_manager:/opt/underlay_ws/install/ros2controlcli:/opt/underlay_ws/install/moveit_configs_utils:/opt/ros/humble /usr/bin/cmake --install /opt/moveit_studio/user_ws/build/starter_files
